#
# There is insufficient memory for the Java Runtime Environment to continue.
# Native memory allocation (mmap) failed to map 65536 bytes. Error detail: Failed to commit metaspace.
# Possible reasons:
#   The system is out of physical RAM or swap space
#   This process is running with CompressedOops enabled, and the Java Heap may be blocking the growth of the native heap
# Possible solutions:
#   Reduce memory load on the system
#   Increase physical memory or swap space
#   Check if swap backing store is full
#   Decrease Java heap size (-Xmx/-Xms)
#   Decrease number of Java threads
#   Decrease Java thread stack sizes (-Xss)
#   Set larger code cache with -XX:ReservedCodeCacheSize=
#   JVM is running with Unscaled Compressed Oops mode in which the Java heap is
#     placed in the first 4GB address space. The Java Heap base address is the
#     maximum limit for the native heap growth. Please use -XX:HeapBaseMinAddress
#     to set the Java Heap base and to place the Java Heap above 4GB virtual address.
# This output file may be truncated or incomplete.
#
#  Out of Memory Error (virtualSpaceNode.cpp:113), pid=22684, tid=8044
#
# JRE version: OpenJDK Runtime Environment Temurin-21.0.8+9 (21.0.8+9) (build 21.0.8+9-LTS)
# Java VM: OpenJDK 64-Bit Server VM Temurin-21.0.8+9 (21.0.8+9-LTS, mixed mode, sharing, tiered, compressed oops, compressed class ptrs, parallel gc, windows-amd64)
# No core dump will be written. Minidumps are not enabled by default on client versions of Windows
#

---------------  S U M M A R Y ------------

Command Line: --add-modules=ALL-SYSTEM --add-opens=java.base/java.util=ALL-UNNAMED --add-opens=java.base/java.lang=ALL-UNNAMED --add-opens=java.base/sun.nio.fs=ALL-UNNAMED -Declipse.application=org.eclipse.jdt.ls.core.id1 -Dosgi.bundles.defaultStartLevel=4 -Declipse.product=org.eclipse.jdt.ls.core.product -Djava.import.generatesMetadataFilesAtProjectRoot=false -DDetectVMInstallationsJob.disabled=true -Dfile.encoding=utf8 -XX:+UseParallelGC -XX:GCTimeRatio=4 -XX:AdaptiveSizePolicyWeight=90 -Dsun.zip.disableMemoryMapping=true -Xmx2G -Xms100m -Xlog:disable -javaagent:c:\Users\LENOVO\.cursor\extensions\redhat.java-1.44.0-win32-x64\lombok\lombok-1.18.39-4050.jar c:\Users\LENOVO\.cursor\extensions\redhat.java-1.44.0-win32-x64\server\plugins\org.eclipse.equinox.launcher_1.7.0.v20250519-0528.jar -configuration c:\Users\LENOVO\AppData\Roaming\Cursor\User\globalStorage\redhat.java\1.44.0\config_ss_win -data c:\Users\LENOVO\AppData\Roaming\Cursor\User\workspaceStorage\6748ce0c91289b22e9b1ac29d8119738\redhat.java\ss_ws --pipe=\\.\pipe\lsp-aecf48eb242e3ec8725f892733096c70-sock

Host: Intel(R) Core(TM) i5-7300U CPU @ 2.60GHz, 4 cores, 15G,  Windows 10 , 64 bit Build 19041 (10.0.19041.5915)
Time: Sat Aug  2 16:55:33 2025 elapsed time: 1.388958 seconds (0d 0h 0m 1s)

---------------  T H R E A D  ---------------

Current thread (0x00000205da5a55b0):  JavaThread "C1 CompilerThread0" daemon [_thread_in_vm, id=8044, stack(0x000000ecd7700000,0x000000ecd7800000) (1024K)]


Current CompileTask:
C1:1389  537       3       java.io.WinNTFileSystem::normalize (224 bytes)

Stack: [0x000000ecd7700000,0x000000ecd7800000]
Native frames: (J=compiled Java code, j=interpreted, Vv=VM code, C=native code)
V  [jvm.dll+0x6d2449]
V  [jvm.dll+0x8ae341]
V  [jvm.dll+0x8b08be]
V  [jvm.dll+0x8b0fa3]
V  [jvm.dll+0x280c96]
V  [jvm.dll+0x8aa07e]
V  [jvm.dll+0x6745b5]
V  [jvm.dll+0x67461a]
V  [jvm.dll+0x676e02]
V  [jvm.dll+0x676cd2]
V  [jvm.dll+0x674f8e]
V  [jvm.dll+0x68643a]
V  [jvm.dll+0x67f512]
V  [jvm.dll+0x1f3990]
V  [jvm.dll+0x1f3b78]
V  [jvm.dll+0x1669e1]
V  [jvm.dll+0x166826]
V  [jvm.dll+0x15e408]
V  [jvm.dll+0x160689]
V  [jvm.dll+0x15eca5]
V  [jvm.dll+0x158bd7]
V  [jvm.dll+0x168426]
V  [jvm.dll+0x154030]
V  [jvm.dll+0x1543b3]
V  [jvm.dll+0x154684]
V  [jvm.dll+0x153ab6]
V  [jvm.dll+0x15588d]
V  [jvm.dll+0x257d4d]
V  [jvm.dll+0x2562ea]
V  [jvm.dll+0x3f2d16]
V  [jvm.dll+0x857e6b]
V  [jvm.dll+0x6d0b0d]
C  [ucrtbase.dll+0x21bb2]
C  [KERNEL32.DLL+0x17374]
C  [ntdll.dll+0x4cc91]


---------------  P R O C E S S  ---------------

Threads class SMR info:
_java_thread_list=0x00000205db1e9f40, length=10, elements={
0x00000205c3b50ed0, 0x00000205da5286e0, 0x00000205da529840, 0x00000205da52e080,
0x00000205da52ed90, 0x00000205da530950, 0x00000205da5313a0, 0x00000205da5321d0,
0x00000205da5a55b0, 0x00000205da5fe750
}

Java Threads: ( => current thread )
  0x00000205c3b50ed0 JavaThread "main"                              [_thread_in_vm, id=31600, stack(0x000000ecd6c00000,0x000000ecd6d00000) (1024K)]
  0x00000205da5286e0 JavaThread "Reference Handler"          daemon [_thread_blocked, id=20156, stack(0x000000ecd7000000,0x000000ecd7100000) (1024K)]
  0x00000205da529840 JavaThread "Finalizer"                  daemon [_thread_blocked, id=19476, stack(0x000000ecd7100000,0x000000ecd7200000) (1024K)]
  0x00000205da52e080 JavaThread "Signal Dispatcher"          daemon [_thread_blocked, id=30996, stack(0x000000ecd7200000,0x000000ecd7300000) (1024K)]
  0x00000205da52ed90 JavaThread "Attach Listener"            daemon [_thread_blocked, id=5988, stack(0x000000ecd7300000,0x000000ecd7400000) (1024K)]
  0x00000205da530950 JavaThread "Service Thread"             daemon [_thread_blocked, id=2336, stack(0x000000ecd7400000,0x000000ecd7500000) (1024K)]
  0x00000205da5313a0 JavaThread "Monitor Deflation Thread"   daemon [_thread_blocked, id=8632, stack(0x000000ecd7500000,0x000000ecd7600000) (1024K)]
  0x00000205da5321d0 JavaThread "C2 CompilerThread0"         daemon [_thread_blocked, id=22400, stack(0x000000ecd7600000,0x000000ecd7700000) (1024K)]
=>0x00000205da5a55b0 JavaThread "C1 CompilerThread0"         daemon [_thread_in_vm, id=8044, stack(0x000000ecd7700000,0x000000ecd7800000) (1024K)]
  0x00000205da5fe750 JavaThread "Common-Cleaner"             daemon [_thread_blocked, id=31296, stack(0x000000ecd7800000,0x000000ecd7900000) (1024K)]
Total: 10

Other Threads:
  0x00000205da51e700 VMThread "VM Thread"                           [id=28592, stack(0x000000ecd6f00000,0x000000ecd7000000) (1024K)]
  0x00000205c3bbb880 WatcherThread "VM Periodic Task Thread"        [id=30732, stack(0x000000ecd6e00000,0x000000ecd6f00000) (1024K)]
  0x00000205c3b6e0c0 WorkerThread "GC Thread#0"                     [id=14928, stack(0x000000ecd6d00000,0x000000ecd6e00000) (1024K)]
Total: 3

Threads with active compile tasks:
C1 CompilerThread0  1463  537       3       java.io.WinNTFileSystem::normalize (224 bytes)
Total: 1

VM state: not at safepoint (normal execution)

VM Mutex/Monitor currently owned by a thread:  ([mutex/lock_event])
[0x00007ffacf4f3458] Metaspace_lock - owner thread: 0x00000205da5a55b0

Heap address: 0x0000000080000000, size: 2048 MB, Compressed Oops mode: 32-bit

CDS archive(s) mapped at: [0x0000020580000000-0x0000020580ba0000-0x0000020580ba0000), size 12189696, SharedBaseAddress: 0x0000020580000000, ArchiveRelocationMode: 1.
Compressed class space mapped at: 0x0000020581000000-0x00000205c1000000, reserved size: 1073741824
Narrow klass base: 0x0000020580000000, Narrow klass shift: 0, Narrow klass range: 0x100000000

GC Precious Log:
 CardTable entry size: 512
 CPUs: 4 total, 4 available
 Memory: 16222M
 Large Page Support: Disabled
 NUMA Support: Disabled
 Compressed Oops: Enabled (32-bit)
 Alignments: Space 512K, Generation 512K, Heap 2M
 Heap Min Capacity: 100M
 Heap Initial Capacity: 100M
 Heap Max Capacity: 2G
 Pre-touch: Disabled
 Parallel Workers: 4

Heap:
 PSYoungGen      total 29696K, used 9738K [0x00000000d5580000, 0x00000000d7680000, 0x0000000100000000)
  eden space 25600K, 38% used [0x00000000d5580000,0x00000000d5f029d0,0x00000000d6e80000)
  from space 4096K, 0% used [0x00000000d7280000,0x00000000d7280000,0x00000000d7680000)
  to   space 4096K, 0% used [0x00000000d6e80000,0x00000000d6e80000,0x00000000d7280000)
 ParOldGen       total 68608K, used 0K [0x0000000080000000, 0x0000000084300000, 0x00000000d5580000)
  object space 68608K, 0% used [0x0000000080000000,0x0000000080000000,0x0000000084300000)
 Metaspace       used 1099K, committed 1280K, reserved 1114112K
  class space    used 99K, committed 192K, reserved 1048576K

Card table byte_map: [0x00000205c3520000,0x00000205c3930000] _byte_map_base: 0x00000205c3120000

Marking Bits: (ParMarkBitMap*) 0x00007ffacf4fa340
 Begin Bits: [0x00000205d6000000, 0x00000205d8000000)
 End Bits:   [0x00000205d8000000, 0x00000205da000000)

Polling page: 0x00000205c1bc0000

Metaspace:

Usage:
  Non-class:   1000.05 KB used.
      Class:     99.34 KB used.
       Both:      1.07 MB used.

Virtual space:
  Non-class space:       64.00 MB reserved,       1.06 MB (  2%) committed,  1 nodes.
      Class space:        1.00 GB reserved,     192.00 KB ( <1%) committed,  1 nodes.
             Both:        1.06 GB reserved,       1.25 MB ( <1%) committed. 

Chunk freelists:
   Non-Class:  11.67 MB
       Class:  15.67 MB
        Both:  27.34 MB

MaxMetaspaceSize: unlimited
CompressedClassSpaceSize: 1.00 GB
Initial GC threshold: 21.00 MB
Current GC threshold: 21.00 MB
CDS: on
 - commit_granule_bytes: 65536.
 - commit_granule_words: 8192.
 - virtual_space_node_default_size: 8388608.
 - enlarge_chunks_in_place: 1.
 - use_allocation_guard: 0.


Internal statistics:

num_allocs_failed_limit: 0.
num_arena_births: 74.
num_arena_deaths: 0.
num_vsnodes_births: 2.
num_vsnodes_deaths: 0.
num_space_committed: 20.
num_space_uncommitted: 0.
num_chunks_returned_to_freelist: 0.
num_chunks_taken_from_freelist: 96.
num_chunk_merges: 0.
num_chunk_splits: 67.
num_chunks_enlarged: 42.
num_inconsistent_stats: 0.

CodeHeap 'non-profiled nmethods': size=120000Kb used=179Kb max_used=179Kb free=119820Kb
 bounds [0x00000205ce820000, 0x00000205cea90000, 0x00000205d5d50000]
CodeHeap 'profiled nmethods': size=120000Kb used=744Kb max_used=744Kb free=119255Kb
 bounds [0x00000205c6d50000, 0x00000205c6fc0000, 0x00000205ce280000]
CodeHeap 'non-nmethods': size=5760Kb used=1147Kb max_used=1167Kb free=4612Kb
 bounds [0x00000205ce280000, 0x00000205ce4f0000, 0x00000205ce820000]
CodeCache: size=245760Kb, used=2070Kb, max_used=2090Kb, free=243687Kb
 total_blobs=932, nmethods=536, adapters=303, full_count=0
Compilation: enabled, stopped_count=0, restarted_count=0

Compilation events (20 events):
Event: 1.366 Thread 0x00000205da5a55b0 nmethod 525 0x00000205c6e07310 code [0x00000205c6e074c0, 0x00000205c6e07610]
Event: 1.366 Thread 0x00000205da5a55b0  526       3       java.util.WeakHashMap::indexFor (6 bytes)
Event: 1.366 Thread 0x00000205da5a55b0 nmethod 526 0x00000205c6e07690 code [0x00000205c6e07820, 0x00000205c6e07918]
Event: 1.367 Thread 0x00000205da5a55b0  527       1       java.net.URLConnection::getUseCaches (5 bytes)
Event: 1.367 Thread 0x00000205da5a55b0 nmethod 527 0x00000205ce84a690 code [0x00000205ce84a820, 0x00000205ce84a8f0]
Event: 1.372 Thread 0x00000205da5a55b0  529       3       java.util.ArrayList$Itr::next (66 bytes)
Event: 1.373 Thread 0x00000205da5a55b0 nmethod 529 0x00000205c6e07990 code [0x00000205c6e07b80, 0x00000205c6e07f40]
Event: 1.373 Thread 0x00000205da5a55b0  531       3       java.util.AbstractList::<init> (10 bytes)
Event: 1.373 Thread 0x00000205da5a55b0 nmethod 531 0x00000205c6e08110 code [0x00000205c6e082c0, 0x00000205c6e08490]
Event: 1.373 Thread 0x00000205da5a55b0  530       3       java.util.ArrayList$Itr::checkForComodification (23 bytes)
Event: 1.373 Thread 0x00000205da5a55b0 nmethod 530 0x00000205c6e08590 code [0x00000205c6e08740, 0x00000205c6e08908]
Event: 1.378 Thread 0x00000205da5a55b0  533       3       java.util.ArrayList::<init> (12 bytes)
Event: 1.379 Thread 0x00000205da5a55b0 nmethod 533 0x00000205c6e08a10 code [0x00000205c6e08bc0, 0x00000205c6e08e10]
Event: 1.379 Thread 0x00000205da5a55b0  534       3       java.util.Collections$UnmodifiableMap::get (11 bytes)
Event: 1.379 Thread 0x00000205da5a55b0 nmethod 534 0x00000205c6e08f10 code [0x00000205c6e090c0, 0x00000205c6e09298]
Event: 1.380 Thread 0x00000205da5a55b0  535       3       java.util.Collections$UnmodifiableCollection$1::hasNext (10 bytes)
Event: 1.380 Thread 0x00000205da5a55b0 nmethod 535 0x00000205c6e09390 code [0x00000205c6e09540, 0x00000205c6e09718]
Event: 1.385 Thread 0x00000205da5a55b0  536       3       java.lang.String::equalsIgnoreCase (45 bytes)
Event: 1.386 Thread 0x00000205da5a55b0 nmethod 536 0x00000205c6e09810 code [0x00000205c6e09a00, 0x00000205c6e09f30]
Event: 1.386 Thread 0x00000205da5a55b0  537       3       java.io.WinNTFileSystem::normalize (224 bytes)

GC Heap History (0 events):
No events

Dll operation events (8 events):
Event: 0.020 Loaded shared library c:\Users\LENOVO\.cursor\extensions\redhat.java-1.44.0-win32-x64\jre\21.0.8-win32-x86_64\bin\java.dll
Event: 0.449 Loaded shared library c:\Users\LENOVO\.cursor\extensions\redhat.java-1.44.0-win32-x64\jre\21.0.8-win32-x86_64\bin\zip.dll
Event: 0.515 Loaded shared library C:\Users\LENOVO\.cursor\extensions\redhat.java-1.44.0-win32-x64\jre\21.0.8-win32-x86_64\bin\instrument.dll
Event: 0.538 Loaded shared library C:\Users\LENOVO\.cursor\extensions\redhat.java-1.44.0-win32-x64\jre\21.0.8-win32-x86_64\bin\net.dll
Event: 0.546 Loaded shared library C:\Users\LENOVO\.cursor\extensions\redhat.java-1.44.0-win32-x64\jre\21.0.8-win32-x86_64\bin\nio.dll
Event: 0.553 Loaded shared library C:\Users\LENOVO\.cursor\extensions\redhat.java-1.44.0-win32-x64\jre\21.0.8-win32-x86_64\bin\zip.dll
Event: 0.619 Loaded shared library C:\Users\LENOVO\.cursor\extensions\redhat.java-1.44.0-win32-x64\jre\21.0.8-win32-x86_64\bin\jimage.dll
Event: 0.918 Loaded shared library c:\Users\LENOVO\.cursor\extensions\redhat.java-1.44.0-win32-x64\jre\21.0.8-win32-x86_64\bin\verify.dll

Deoptimization events (8 events):
Event: 0.632 Thread 0x00000205c3b50ed0 DEOPT PACKING pc=0x00000205c6d875c9 sp=0x000000ecd6cfe700
Event: 0.632 Thread 0x00000205c3b50ed0 DEOPT UNPACKING pc=0x00000205ce2d4242 sp=0x000000ecd6cfdb88 mode 0
Event: 0.633 Thread 0x00000205c3b50ed0 DEOPT PACKING pc=0x00000205c6d875c9 sp=0x000000ecd6cfe700
Event: 0.633 Thread 0x00000205c3b50ed0 DEOPT UNPACKING pc=0x00000205ce2d4242 sp=0x000000ecd6cfdb88 mode 0
Event: 0.634 Thread 0x00000205c3b50ed0 DEOPT PACKING pc=0x00000205c6d875c9 sp=0x000000ecd6cfe700
Event: 0.634 Thread 0x00000205c3b50ed0 DEOPT UNPACKING pc=0x00000205ce2d4242 sp=0x000000ecd6cfdb88 mode 0
Event: 1.371 Thread 0x00000205c3b50ed0 DEOPT PACKING pc=0x00000205c6d956d8 sp=0x000000ecd6cfc3d0
Event: 1.371 Thread 0x00000205c3b50ed0 DEOPT UNPACKING pc=0x00000205ce2d4242 sp=0x000000ecd6cfb890 mode 0

Classes loaded (20 events):
Event: 0.796 Loading class java/lang/foreign/MemorySegment$Scope done
Event: 0.796 Loading class jdk/internal/foreign/MemorySessionImpl done
Event: 0.923 Loading class java/lang/IllegalAccessException
Event: 0.923 Loading class java/lang/IllegalAccessException done
Event: 0.933 Loading class java/lang/IllegalStateException
Event: 0.933 Loading class java/lang/IllegalStateException done
Event: 0.985 Loading class java/lang/UnsupportedOperationException
Event: 0.985 Loading class java/lang/UnsupportedOperationException done
Event: 0.987 Loading class java/lang/instrument/ClassFileTransformer
Event: 0.988 Loading class java/lang/instrument/ClassFileTransformer done
Event: 1.048 Loading class java/lang/instrument/UnmodifiableClassException
Event: 1.048 Loading class java/lang/instrument/UnmodifiableClassException done
Event: 1.048 Loading class java/lang/instrument/ClassDefinition
Event: 1.048 Loading class java/lang/instrument/ClassDefinition done
Event: 1.068 Loading class java/lang/invoke/WrongMethodTypeException
Event: 1.068 Loading class java/lang/invoke/WrongMethodTypeException done
Event: 1.161 Loading class java/util/regex/Pattern$Loop
Event: 1.162 Loading class java/util/regex/Pattern$Loop done
Event: 1.163 Loading class java/util/regex/Pattern$Prolog
Event: 1.163 Loading class java/util/regex/Pattern$Prolog done

Classes unloaded (0 events):
No events

Classes redefined (0 events):
No events

Internal exceptions (11 events):
Event: 0.437 Thread 0x00000205c3b50ed0 Exception <a 'java/lang/NoSuchMethodError'{0x00000000d57aa038}: 'void java.lang.invoke.DirectMethodHandle$Holder.invokeStatic(java.lang.Object, java.lang.Object, java.lang.Object)'> (0x00000000d57aa038) 
thrown [s\src\hotspot\share\interpreter\linkResolver.cpp, line 773]
Event: 0.605 Thread 0x00000205c3b50ed0 Exception <a 'java/lang/NoSuchMethodError'{0x00000000d5911e98}: 'java.lang.Object java.lang.invoke.Invokers$Holder.invokeExact_MT(java.lang.Object, java.lang.Object, java.lang.Object, java.lang.Object, java.lang.Object)'> (0x00000000d5911e98) 
thrown [s\src\hotspot\share\interpreter\linkResolver.cpp, line 773]
Event: 0.720 Thread 0x00000205c3b50ed0 Exception <a 'java/lang/NoSuchMethodError'{0x00000000d59c9e30}: 'int java.lang.invoke.DirectMethodHandle$Holder.invokeSpecial(java.lang.Object, java.lang.Object, java.lang.Object, int)'> (0x00000000d59c9e30) 
thrown [s\src\hotspot\share\interpreter\linkResolver.cpp, line 773]
Event: 0.727 Thread 0x00000205c3b50ed0 Exception <a 'java/lang/NoSuchMethodError'{0x00000000d59dc818}: 'java.lang.Object java.lang.invoke.DirectMethodHandle$Holder.invokeStatic(java.lang.Object, java.lang.Object, java.lang.Object, java.lang.Object, int)'> (0x00000000d59dc818) 
thrown [s\src\hotspot\share\interpreter\linkResolver.cpp, line 773]
Event: 0.730 Thread 0x00000205c3b50ed0 Exception <a 'java/lang/NoSuchMethodError'{0x00000000d59e7c58}: 'void java.lang.invoke.DelegatingMethodHandle$Holder.reinvoke_L(java.lang.Object, java.lang.Object, java.lang.Object, int, java.lang.Object)'> (0x00000000d59e7c58) 
thrown [s\src\hotspot\share\interpreter\linkResolver.cpp, line 773]
Event: 0.770 Thread 0x00000205c3b50ed0 Exception <a 'java/lang/NoSuchMethodError'{0x00000000d59f8630}: 'int java.lang.invoke.DirectMethodHandle$Holder.invokeSpecial(java.lang.Object, java.lang.Object, java.lang.Object)'> (0x00000000d59f8630) 
thrown [s\src\hotspot\share\interpreter\linkResolver.cpp, line 773]
Event: 0.778 Thread 0x00000205c3b50ed0 Exception <a 'java/lang/NoSuchMethodError'{0x00000000d5a042f0}: 'java.lang.Object java.lang.invoke.DirectMethodHandle$Holder.invokeStatic(java.lang.Object, java.lang.Object, int)'> (0x00000000d5a042f0) 
thrown [s\src\hotspot\share\interpreter\linkResolver.cpp, line 773]
Event: 0.781 Thread 0x00000205c3b50ed0 Exception <a 'java/lang/NoSuchMethodError'{0x00000000d5a08c40}: 'void java.lang.invoke.DirectMethodHandle$Holder.invokeStatic(java.lang.Object, java.lang.Object, int, java.lang.Object)'> (0x00000000d5a08c40) 
thrown [s\src\hotspot\share\interpreter\linkResolver.cpp, line 773]
Event: 0.783 Thread 0x00000205c3b50ed0 Exception <a 'java/lang/NoSuchMethodError'{0x00000000d5a0c7d0}: 'void java.lang.invoke.DirectMethodHandle$Holder.invokeSpecial(java.lang.Object, java.lang.Object, java.lang.Object, int, java.lang.Object)'> (0x00000000d5a0c7d0) 
thrown [s\src\hotspot\share\interpreter\linkResolver.cpp, line 773]
Event: 0.784 Thread 0x00000205c3b50ed0 Exception <a 'java/lang/NoSuchMethodError'{0x00000000d5a0fc40}: 'void java.lang.invoke.DelegatingMethodHandle$Holder.delegate(java.lang.Object, java.lang.Object, int, java.lang.Object)'> (0x00000000d5a0fc40) 
thrown [s\src\hotspot\share\interpreter\linkResolver.cpp, line 773]
Event: 1.062 Thread 0x00000205c3b50ed0 Exception <a 'java/lang/NoSuchMethodError'{0x00000000d5bd0bd0}: 'void java.lang.invoke.DelegatingMethodHandle$Holder.reinvoke_L(java.lang.Object, java.lang.Object, java.lang.Object, int)'> (0x00000000d5bd0bd0) 
thrown [s\src\hotspot\share\interpreter\linkResolver.cpp, line 773]

ZGC Phase Switch (0 events):
No events

VM Operations (4 events):
Event: 0.446 Executing VM operation: HandshakeAllThreads (Deoptimize)
Event: 0.446 Executing VM operation: HandshakeAllThreads (Deoptimize) done
Event: 0.661 Executing VM operation: HandshakeAllThreads (Deoptimize)
Event: 0.661 Executing VM operation: HandshakeAllThreads (Deoptimize) done

Memory protections (0 events):
No events

Nmethod flushes (0 events):
No events

Events (10 events):
Event: 0.121 Thread 0x00000205c3b50ed0 Thread added: 0x00000205c3b50ed0
Event: 0.212 Thread 0x00000205c3b50ed0 Thread added: 0x00000205da5286e0
Event: 0.212 Thread 0x00000205c3b50ed0 Thread added: 0x00000205da529840
Event: 0.212 Thread 0x00000205c3b50ed0 Thread added: 0x00000205da52e080
Event: 0.212 Thread 0x00000205c3b50ed0 Thread added: 0x00000205da52ed90
Event: 0.213 Thread 0x00000205c3b50ed0 Thread added: 0x00000205da530950
Event: 0.213 Thread 0x00000205c3b50ed0 Thread added: 0x00000205da5313a0
Event: 0.213 Thread 0x00000205c3b50ed0 Thread added: 0x00000205da5321d0
Event: 0.238 Thread 0x00000205c3b50ed0 Thread added: 0x00000205da5a55b0
Event: 0.388 Thread 0x00000205c3b50ed0 Thread added: 0x00000205da5fe750


Dynamic libraries:
0x00007ff6d5560000 - 0x00007ff6d556e000 	c:\Users\LENOVO\.cursor\extensions\redhat.java-1.44.0-win32-x64\jre\21.0.8-win32-x86_64\bin\java.exe
0x00007ffb99ef0000 - 0x00007ffb9a0e8000 	C:\WINDOWS\SYSTEM32\ntdll.dll
0x00007ffb98f70000 - 0x00007ffb99032000 	C:\WINDOWS\System32\KERNEL32.DLL
0x00007ffb975e0000 - 0x00007ffb978d6000 	C:\WINDOWS\System32\KERNELBASE.dll
0x00007ffb97d70000 - 0x00007ffb97e70000 	C:\WINDOWS\System32\ucrtbase.dll
0x00007ffb7ce30000 - 0x00007ffb7ce48000 	c:\Users\LENOVO\.cursor\extensions\redhat.java-1.44.0-win32-x64\jre\21.0.8-win32-x86_64\bin\jli.dll
0x00007ffb99d10000 - 0x00007ffb99ead000 	C:\WINDOWS\System32\USER32.dll
0x00007ffb97580000 - 0x00007ffb975a2000 	C:\WINDOWS\System32\win32u.dll
0x00007ffb99170000 - 0x00007ffb9919b000 	C:\WINDOWS\System32\GDI32.dll
0x00007ffb97930000 - 0x00007ffb97a49000 	C:\WINDOWS\System32\gdi32full.dll
0x00007ffb97e70000 - 0x00007ffb97f0d000 	C:\WINDOWS\System32\msvcp_win.dll
0x00007ffb71800000 - 0x00007ffb7181e000 	c:\Users\LENOVO\.cursor\extensions\redhat.java-1.44.0-win32-x64\jre\21.0.8-win32-x86_64\bin\VCRUNTIME140.dll
0x00007ffb851d0000 - 0x00007ffb8546a000 	C:\WINDOWS\WinSxS\amd64_microsoft.windows.common-controls_6595b64144ccf1df_6.0.19041.5915_none_60b4b9d171f9c7c7\COMCTL32.dll
0x00007ffb990d0000 - 0x00007ffb9916e000 	C:\WINDOWS\System32\msvcrt.dll
0x00007ffb98620000 - 0x00007ffb9864f000 	C:\WINDOWS\System32\IMM32.DLL
0x00007ffb8ff10000 - 0x00007ffb8ff1c000 	c:\Users\LENOVO\.cursor\extensions\redhat.java-1.44.0-win32-x64\jre\21.0.8-win32-x86_64\bin\vcruntime140_1.dll
0x00007ffb46b80000 - 0x00007ffb46c0d000 	c:\Users\LENOVO\.cursor\extensions\redhat.java-1.44.0-win32-x64\jre\21.0.8-win32-x86_64\bin\msvcp140.dll
0x00007fface840000 - 0x00007ffacf5d7000 	c:\Users\LENOVO\.cursor\extensions\redhat.java-1.44.0-win32-x64\jre\21.0.8-win32-x86_64\bin\server\jvm.dll
0x00007ffb99540000 - 0x00007ffb995f1000 	C:\WINDOWS\System32\ADVAPI32.dll
0x00007ffb99c70000 - 0x00007ffb99d0f000 	C:\WINDOWS\System32\sechost.dll
0x00007ffb99b40000 - 0x00007ffb99c63000 	C:\WINDOWS\System32\RPCRT4.dll
0x00007ffb975b0000 - 0x00007ffb975d7000 	C:\WINDOWS\System32\bcrypt.dll
0x00007ffb98430000 - 0x00007ffb9849b000 	C:\WINDOWS\System32\WS2_32.dll
0x00007ffb96a80000 - 0x00007ffb96acb000 	C:\WINDOWS\SYSTEM32\POWRPROF.dll
0x00007ffb85520000 - 0x00007ffb85547000 	C:\WINDOWS\SYSTEM32\WINMM.dll
0x00007ffb8cdc0000 - 0x00007ffb8cdca000 	C:\WINDOWS\SYSTEM32\VERSION.dll
0x00007ffb96940000 - 0x00007ffb96952000 	C:\WINDOWS\SYSTEM32\UMPDC.dll
0x00007ffb95db0000 - 0x00007ffb95dc2000 	C:\WINDOWS\SYSTEM32\kernel.appcore.dll
0x00007ffb886d0000 - 0x00007ffb886da000 	c:\Users\LENOVO\.cursor\extensions\redhat.java-1.44.0-win32-x64\jre\21.0.8-win32-x86_64\bin\jimage.dll
0x00007ffb85560000 - 0x00007ffb85761000 	C:\WINDOWS\SYSTEM32\DBGHELP.DLL
0x00007ffb84110000 - 0x00007ffb84144000 	C:\WINDOWS\SYSTEM32\dbgcore.DLL
0x00007ffb97b00000 - 0x00007ffb97b82000 	C:\WINDOWS\System32\bcryptPrimitives.dll
0x00007ffb88610000 - 0x00007ffb8861f000 	c:\Users\LENOVO\.cursor\extensions\redhat.java-1.44.0-win32-x64\jre\21.0.8-win32-x86_64\bin\instrument.dll
0x00007ffb70be0000 - 0x00007ffb70bff000 	c:\Users\LENOVO\.cursor\extensions\redhat.java-1.44.0-win32-x64\jre\21.0.8-win32-x86_64\bin\java.dll
0x00007ffb98800000 - 0x00007ffb98f6e000 	C:\WINDOWS\System32\SHELL32.dll
0x00007ffb95570000 - 0x00007ffb95d14000 	C:\WINDOWS\SYSTEM32\windows.storage.dll
0x00007ffb997e0000 - 0x00007ffb99b33000 	C:\WINDOWS\System32\combase.dll
0x00007ffb96ed0000 - 0x00007ffb96efb000 	C:\WINDOWS\SYSTEM32\Wldp.dll
0x00007ffb996b0000 - 0x00007ffb9977d000 	C:\WINDOWS\System32\OLEAUT32.dll
0x00007ffb97f10000 - 0x00007ffb97fbd000 	C:\WINDOWS\System32\SHCORE.dll
0x00007ffb993a0000 - 0x00007ffb993fb000 	C:\WINDOWS\System32\shlwapi.dll
0x00007ffb974b0000 - 0x00007ffb974d4000 	C:\WINDOWS\SYSTEM32\profapi.dll
0x00007ffb70b70000 - 0x00007ffb70b88000 	c:\Users\LENOVO\.cursor\extensions\redhat.java-1.44.0-win32-x64\jre\21.0.8-win32-x86_64\bin\zip.dll
0x00007ffb877d0000 - 0x00007ffb877e0000 	C:\Users\LENOVO\.cursor\extensions\redhat.java-1.44.0-win32-x64\jre\21.0.8-win32-x86_64\bin\net.dll
0x00007ffb952a0000 - 0x00007ffb953aa000 	C:\WINDOWS\SYSTEM32\WINHTTP.dll
0x00007ffb96cb0000 - 0x00007ffb96d1a000 	C:\WINDOWS\system32\mswsock.dll
0x00007ffb70b50000 - 0x00007ffb70b66000 	C:\Users\LENOVO\.cursor\extensions\redhat.java-1.44.0-win32-x64\jre\21.0.8-win32-x86_64\bin\nio.dll
0x00007ffb877b0000 - 0x00007ffb877c0000 	c:\Users\LENOVO\.cursor\extensions\redhat.java-1.44.0-win32-x64\jre\21.0.8-win32-x86_64\bin\verify.dll

JVMTI agents:
c:\Users\LENOVO\.cursor\extensions\redhat.java-1.44.0-win32-x64\lombok\lombok-1.18.39-4050.jar path:c:\Users\LENOVO\.cursor\extensions\redhat.java-1.44.0-win32-x64\jre\21.0.8-win32-x86_64\bin\instrument.dll, loaded, initialized, instrumentlib options:none

dbghelp: loaded successfully - version: 4.0.5 - missing functions: none
symbol engine: initialized successfully - sym options: 0x614 - pdb path: .;c:\Users\LENOVO\.cursor\extensions\redhat.java-1.44.0-win32-x64\jre\21.0.8-win32-x86_64\bin;C:\WINDOWS\SYSTEM32;C:\WINDOWS\WinSxS\amd64_microsoft.windows.common-controls_6595b64144ccf1df_6.0.19041.5915_none_60b4b9d171f9c7c7;c:\Users\LENOVO\.cursor\extensions\redhat.java-1.44.0-win32-x64\jre\21.0.8-win32-x86_64\bin\server

VM Arguments:
jvm_args: --add-modules=ALL-SYSTEM --add-opens=java.base/java.util=ALL-UNNAMED --add-opens=java.base/java.lang=ALL-UNNAMED --add-opens=java.base/sun.nio.fs=ALL-UNNAMED -Declipse.application=org.eclipse.jdt.ls.core.id1 -Dosgi.bundles.defaultStartLevel=4 -Declipse.product=org.eclipse.jdt.ls.core.product -Djava.import.generatesMetadataFilesAtProjectRoot=false -DDetectVMInstallationsJob.disabled=true -Dfile.encoding=utf8 -XX:+UseParallelGC -XX:GCTimeRatio=4 -XX:AdaptiveSizePolicyWeight=90 -Dsun.zip.disableMemoryMapping=true -Xmx2G -Xms100m -Xlog:disable -javaagent:c:\Users\LENOVO\.cursor\extensions\redhat.java-1.44.0-win32-x64\lombok\lombok-1.18.39-4050.jar 
java_command: c:\Users\LENOVO\.cursor\extensions\redhat.java-1.44.0-win32-x64\server\plugins\org.eclipse.equinox.launcher_1.7.0.v20250519-0528.jar -configuration c:\Users\LENOVO\AppData\Roaming\Cursor\User\globalStorage\redhat.java\1.44.0\config_ss_win -data c:\Users\LENOVO\AppData\Roaming\Cursor\User\workspaceStorage\6748ce0c91289b22e9b1ac29d8119738\redhat.java\ss_ws --pipe=\\.\pipe\lsp-aecf48eb242e3ec8725f892733096c70-sock
java_class_path (initial): c:\Users\LENOVO\.cursor\extensions\redhat.java-1.44.0-win32-x64\server\plugins\org.eclipse.equinox.launcher_1.7.0.v20250519-0528.jar
Launcher Type: SUN_STANDARD

[Global flags]
    uintx AdaptiveSizePolicyWeight                 = 90                                        {product} {command line}
     intx CICompilerCount                          = 3                                         {product} {ergonomic}
    uintx GCTimeRatio                              = 4                                         {product} {command line}
   size_t InitialHeapSize                          = 104857600                                 {product} {command line}
   size_t MaxHeapSize                              = 2147483648                                {product} {command line}
   size_t MaxNewSize                               = 715653120                                 {product} {ergonomic}
   size_t MinHeapDeltaBytes                        = 524288                                    {product} {ergonomic}
   size_t MinHeapSize                              = 104857600                                 {product} {command line}
   size_t NewSize                                  = 34603008                                  {product} {ergonomic}
    uintx NonNMethodCodeHeapSize                   = 5832780                                {pd product} {ergonomic}
    uintx NonProfiledCodeHeapSize                  = 122912730                              {pd product} {ergonomic}
   size_t OldSize                                  = 70254592                                  {product} {ergonomic}
    uintx ProfiledCodeHeapSize                     = 122912730                              {pd product} {ergonomic}
    uintx ReservedCodeCacheSize                    = 251658240                              {pd product} {ergonomic}
     bool SegmentedCodeCache                       = true                                      {product} {ergonomic}
   size_t SoftMaxHeapSize                          = 2147483648                             {manageable} {ergonomic}
     bool UseCompressedOops                        = true                           {product lp64_product} {ergonomic}
     bool UseLargePagesIndividualAllocation        = false                                  {pd product} {ergonomic}
     bool UseParallelGC                            = true                                      {product} {command line}

Logging:
Log output configuration:
 #0: stdout all=off uptime,level,tags foldmultilines=false
 #1: stderr all=off uptime,level,tags foldmultilines=false

Environment Variables:
JAVA_HOME=C:\Program Files\Java\jdk-20
PATH=C:\Program Files\Common Files\Oracle\Java\javapath;C:\WINDOWS\system32;C:\WINDOWS;C:\WINDOWS\System32\Wbem;C:\WINDOWS\System32\WindowsPowerShell\v1.0\;C:\WINDOWS\System32\OpenSSH\;C:\Program Files\Java\jdk-20\bin;C:\Program Files\nodejs\;C:\Program Files\Git\cmd;C:\Program Files\Wondershare\Wondershare DemoCreator;C:\xampp\php;C:\ProgramData\ComposerSetup\bin;C:\Program Files\dotnet\;C:\Program Files\Docker\Docker\resources\bin;C:\Program Files\MySQL\MySQL Shell 8.0\bin\;C:\Users\LENOVO\AppData\Local\Programs\Python\Python311\Scripts\;C:\Users\LENOVO\AppData\Local\Programs\Python\Python311\;C:\Users\LENOVO\AppData\Local\Microsoft\WindowsApps;C:\Users\LENOVO\AppData\Local\GitHubDesktop\bin;C:\Users\LENOVO\AppData\Local\Programs\Microsoft VS Code\bin;C:\Users\LENOVO\AppData\Roaming\npm;C:\Users\LENOVO\AppData\Roaming\Composer\vendor\bin;C:\Users\LENOVO\AppData\Local\Programs\cursor\resources\app\bin;C:\php
USERNAME=LENOVO
OS=Windows_NT
PROCESSOR_IDENTIFIER=Intel64 Family 6 Model 142 Stepping 9, GenuineIntel
TMP=C:\Users\LENOVO\AppData\Local\Temp
TEMP=C:\Users\LENOVO\AppData\Local\Temp




Periodic native trim disabled

---------------  S Y S T E M  ---------------

OS:
 Windows 10 , 64 bit Build 19041 (10.0.19041.5915)
OS uptime: 6 days 2:56 hours
Hyper-V role detected

CPU: total 4 (initial active 4) (2 cores per cpu, 2 threads per core) family 6 model 142 stepping 9 microcode 0xb4, cx8, cmov, fxsr, ht, mmx, 3dnowpref, sse, sse2, sse3, ssse3, sse4.1, sse4.2, popcnt, lzcnt, tsc, tscinvbit, avx, avx2, aes, erms, clmul, bmi1, bmi2, rtm, adx, fma, vzeroupper, clflush, clflushopt, hv, rdtscp, f16c
Processor Information for the first 4 processors :
  Max Mhz: 2712, Current Mhz: 2611, Mhz Limit: 2603

Memory: 4k page, system-wide physical 16222M (2503M free)
TotalPageFile size 65374M (AvailPageFile size 1M)
current process WorkingSet (physical memory assigned to process): 45M, peak: 45M
current process commit charge ("private bytes"): 211M, peak: 211M

vm_info: OpenJDK 64-Bit Server VM (21.0.8+9-LTS) for windows-amd64 JRE (21.0.8+9-LTS), built on 2025-07-15T00:00:00Z by "admin" with MS VC++ 17.7 (VS2022)

END.
