#
# There is insufficient memory for the Java Runtime Environment to continue.
# Native memory allocation (malloc) failed to allocate 1657616 bytes. Error detail: Chunk::new
# Possible reasons:
#   The system is out of physical RAM or swap space
#   This process is running with CompressedOops enabled, and the Java Heap may be blocking the growth of the native heap
# Possible solutions:
#   Reduce memory load on the system
#   Increase physical memory or swap space
#   Check if swap backing store is full
#   Decrease Java heap size (-Xmx/-Xms)
#   Decrease number of Java threads
#   Decrease Java thread stack sizes (-Xss)
#   Set larger code cache with -XX:ReservedCodeCacheSize=
#   JVM is running with Unscaled Compressed Oops mode in which the Java heap is
#     placed in the first 4GB address space. The Java Heap base address is the
#     maximum limit for the native heap growth. Please use -XX:HeapBaseMinAddress
#     to set the Java Heap base and to place the Java Heap above 4GB virtual address.
# This output file may be truncated or incomplete.
#
#  Out of Memory Error (arena.cpp:168), pid=25948, tid=6200
#
# JRE version: OpenJDK Runtime Environment Temurin-21.0.8+9 (21.0.8+9) (build 21.0.8+9-LTS)
# Java VM: OpenJDK 64-Bit Server VM Temurin-21.0.8+9 (21.0.8+9-LTS, mixed mode, sharing, tiered, compressed oops, compressed class ptrs, parallel gc, windows-amd64)
# No core dump will be written. Minidumps are not enabled by default on client versions of Windows
#

---------------  S U M M A R Y ------------

Command Line: --add-modules=ALL-SYSTEM --add-opens=java.base/java.util=ALL-UNNAMED --add-opens=java.base/java.lang=ALL-UNNAMED --add-opens=java.base/sun.nio.fs=ALL-UNNAMED -Declipse.application=org.eclipse.jdt.ls.core.id1 -Dosgi.bundles.defaultStartLevel=4 -Declipse.product=org.eclipse.jdt.ls.core.product -Djava.import.generatesMetadataFilesAtProjectRoot=false -DDetectVMInstallationsJob.disabled=true -Dfile.encoding=utf8 -XX:+UseParallelGC -XX:GCTimeRatio=4 -XX:AdaptiveSizePolicyWeight=90 -Dsun.zip.disableMemoryMapping=true -Xmx2G -Xms100m -Xlog:disable -javaagent:c:\Users\LENOVO\.cursor\extensions\redhat.java-1.44.0-win32-x64\lombok\lombok-1.18.39-4050.jar -XX:+HeapDumpOnOutOfMemoryError -XX:HeapDumpPath=c:\Users\LENOVO\AppData\Roaming\Cursor\User\workspaceStorage\6748ce0c91289b22e9b1ac29d8119738\redhat.java -Daether.dependencyCollector.impl=bf c:\Users\LENOVO\.cursor\extensions\redhat.java-1.44.0-win32-x64\server\plugins\org.eclipse.equinox.launcher_1.7.0.v20250519-0528.jar -configuration c:\Users\LENOVO\AppData\Roaming\Cursor\User\globalStorage\redhat.java\1.44.0\config_win -data c:\Users\LENOVO\AppData\Roaming\Cursor\User\workspaceStorage\6748ce0c91289b22e9b1ac29d8119738\redhat.java\jdt_ws --pipe=\\.\pipe\lsp-456cf3aefc69ac6d40c28302048cff6f-sock

Host: Intel(R) Core(TM) i5-7300U CPU @ 2.60GHz, 4 cores, 15G,  Windows 10 , 64 bit Build 19041 (10.0.19041.5915)
Time: Sat Aug  2 16:57:31 2025 elapsed time: 47.310314 seconds (0d 0h 0m 47s)

---------------  T H R E A D  ---------------

Current thread (0x0000026566f115a0):  JavaThread "C2 CompilerThread0" daemon [_thread_in_native, id=6200, stack(0x000000cfb7400000,0x000000cfb7500000) (1024K)]


Current CompileTask:
C2:47310 7781   !   4       org.eclipse.jdt.internal.core.search.indexing.BinaryIndexer::indexDocument (1168 bytes)

Stack: [0x000000cfb7400000,0x000000cfb7500000]
Native frames: (J=compiled Java code, j=interpreted, Vv=VM code, C=native code)
V  [jvm.dll+0x6d2449]
V  [jvm.dll+0x8ae341]
V  [jvm.dll+0x8b08be]
V  [jvm.dll+0x8b0fa3]
V  [jvm.dll+0x280c96]
V  [jvm.dll+0xc581d]
V  [jvm.dll+0xc5d53]
V  [jvm.dll+0x3b9162]
V  [jvm.dll+0x385315]
V  [jvm.dll+0x38477a]
V  [jvm.dll+0x248ed0]
V  [jvm.dll+0x2484af]
V  [jvm.dll+0x1c89ee]
V  [jvm.dll+0x257d4d]
V  [jvm.dll+0x2562ea]
V  [jvm.dll+0x3f2d16]
V  [jvm.dll+0x857e6b]
V  [jvm.dll+0x6d0b0d]
C  [ucrtbase.dll+0x21bb2]
C  [KERNEL32.DLL+0x17374]
C  [ntdll.dll+0x4cc91]


---------------  P R O C E S S  ---------------

Threads class SMR info:
_java_thread_list=0x000002656e6010a0, length=36, elements={
0x000002655052e1c0, 0x0000026566f07ce0, 0x0000026566f095e0, 0x0000026566f0b240,
0x0000026566f0c150, 0x0000026566f0fd20, 0x0000026566f10770, 0x0000026566f115a0,
0x0000026566f876b0, 0x000002655059c860, 0x000002656c190650, 0x000002656c481030,
0x0000026566fc3e20, 0x000002656c13d3c0, 0x000002656c14bfa0, 0x0000026566f67660,
0x0000026567dc9600, 0x000002656c2b2770, 0x000002656c2b13c0, 0x000002656c2b0d30,
0x000002656c2b0010, 0x000002656c2b06a0, 0x000002656c2b1a50, 0x000002656c2af980,
0x000002656c2b20e0, 0x000002656e7d9480, 0x000002656e7d80d0, 0x000002656e7d8df0,
0x000002656e7d6690, 0x000002656e7d6000, 0x000002656e7d8760, 0x000002656e7d6d20,
0x000002656e7d73b0, 0x000002656e7d7a40, 0x000002656e018ab0, 0x000002656cc761f0
}

Java Threads: ( => current thread )
  0x000002655052e1c0 JavaThread "main"                              [_thread_blocked, id=7944, stack(0x000000cfb6a00000,0x000000cfb6b00000) (1024K)]
  0x0000026566f07ce0 JavaThread "Reference Handler"          daemon [_thread_blocked, id=23672, stack(0x000000cfb6e00000,0x000000cfb6f00000) (1024K)]
  0x0000026566f095e0 JavaThread "Finalizer"                  daemon [_thread_blocked, id=35272, stack(0x000000cfb6f00000,0x000000cfb7000000) (1024K)]
  0x0000026566f0b240 JavaThread "Signal Dispatcher"          daemon [_thread_blocked, id=8904, stack(0x000000cfb7000000,0x000000cfb7100000) (1024K)]
  0x0000026566f0c150 JavaThread "Attach Listener"            daemon [_thread_blocked, id=12652, stack(0x000000cfb7100000,0x000000cfb7200000) (1024K)]
  0x0000026566f0fd20 JavaThread "Service Thread"             daemon [_thread_blocked, id=22976, stack(0x000000cfb7200000,0x000000cfb7300000) (1024K)]
  0x0000026566f10770 JavaThread "Monitor Deflation Thread"   daemon [_thread_blocked, id=34384, stack(0x000000cfb7300000,0x000000cfb7400000) (1024K)]
=>0x0000026566f115a0 JavaThread "C2 CompilerThread0"         daemon [_thread_in_native, id=6200, stack(0x000000cfb7400000,0x000000cfb7500000) (1024K)]
  0x0000026566f876b0 JavaThread "C1 CompilerThread0"         daemon [_thread_blocked, id=17508, stack(0x000000cfb7500000,0x000000cfb7600000) (1024K)]
  0x000002655059c860 JavaThread "Common-Cleaner"             daemon [_thread_blocked, id=16336, stack(0x000000cfb7600000,0x000000cfb7700000) (1024K)]
  0x000002656c190650 JavaThread "Notification Thread"        daemon [_thread_blocked, id=31560, stack(0x000000cfb7700000,0x000000cfb7800000) (1024K)]
  0x000002656c481030 JavaThread "Active Thread: Equinox Container: 21a0fefe-0eb6-430e-92e1-a53d478e3d64"        [_thread_blocked, id=5612, stack(0x000000cfb7800000,0x000000cfb7900000) (1024K)]
  0x0000026566fc3e20 JavaThread "Refresh Thread: Equinox Container: 21a0fefe-0eb6-430e-92e1-a53d478e3d64" daemon [_thread_blocked, id=27584, stack(0x000000cfb7c00000,0x000000cfb7d00000) (1024K)]
  0x000002656c13d3c0 JavaThread "Framework Event Dispatcher: Equinox Container: 21a0fefe-0eb6-430e-92e1-a53d478e3d64" daemon [_thread_blocked, id=23780, stack(0x000000cfb7d00000,0x000000cfb7e00000) (1024K)]
  0x000002656c14bfa0 JavaThread "Start Level: Equinox Container: 21a0fefe-0eb6-430e-92e1-a53d478e3d64" daemon [_thread_blocked, id=13040, stack(0x000000cfb7e00000,0x000000cfb7f00000) (1024K)]
  0x0000026566f67660 JavaThread "Bundle File Closer"         daemon [_thread_blocked, id=30724, stack(0x000000cfb8000000,0x000000cfb8100000) (1024K)]
  0x0000026567dc9600 JavaThread "SCR Component Actor"        daemon [_thread_blocked, id=25900, stack(0x000000cfb7f00000,0x000000cfb8000000) (1024K)]
  0x000002656c2b2770 JavaThread "Worker-JM"                         [_thread_blocked, id=12944, stack(0x000000cfb8200000,0x000000cfb8300000) (1024K)]
  0x000002656c2b13c0 JavaThread "JNA Cleaner"                daemon [_thread_blocked, id=15300, stack(0x000000cfb8300000,0x000000cfb8400000) (1024K)]
  0x000002656c2b0d30 JavaThread "Worker-0"                          [_thread_blocked, id=35168, stack(0x000000cfb8400000,0x000000cfb8500000) (1024K)]
  0x000002656c2b0010 JavaThread "Worker-1: Java indexing... "        [_thread_blocked, id=19128, stack(0x000000cfb8500000,0x000000cfb8600000) (1024K)]
  0x000002656c2b06a0 JavaThread "Worker-2"                          [_thread_blocked, id=8940, stack(0x000000cfb8600000,0x000000cfb8700000) (1024K)]
  0x000002656c2b1a50 JavaThread "Worker-3: Initialize workspace"        [_thread_blocked, id=23836, stack(0x000000cfb8700000,0x000000cfb8800000) (1024K)]
  0x000002656c2af980 JavaThread "Java indexing"              daemon [_thread_in_vm, id=33520, stack(0x000000cfb8100000,0x000000cfb8200000) (1024K)]
  0x000002656c2b20e0 JavaThread "Worker-4"                          [_thread_blocked, id=25220, stack(0x000000cfb8800000,0x000000cfb8900000) (1024K)]
  0x000002656e7d9480 JavaThread "Worker-5"                          [_thread_blocked, id=29676, stack(0x000000cfb8c00000,0x000000cfb8d00000) (1024K)]
  0x000002656e7d80d0 JavaThread "Thread-2"                   daemon [_thread_in_native, id=11624, stack(0x000000cfb8d00000,0x000000cfb8e00000) (1024K)]
  0x000002656e7d8df0 JavaThread "Thread-3"                   daemon [_thread_in_native, id=12960, stack(0x000000cfb8e00000,0x000000cfb8f00000) (1024K)]
  0x000002656e7d6690 JavaThread "Thread-4"                   daemon [_thread_in_native, id=23420, stack(0x000000cfb8f00000,0x000000cfb9000000) (1024K)]
  0x000002656e7d6000 JavaThread "Thread-5"                   daemon [_thread_in_native, id=29988, stack(0x000000cfb9000000,0x000000cfb9100000) (1024K)]
  0x000002656e7d8760 JavaThread "Thread-6"                   daemon [_thread_in_native, id=31996, stack(0x000000cfb9100000,0x000000cfb9200000) (1024K)]
  0x000002656e7d6d20 JavaThread "pool-2-thread-1"                   [_thread_blocked, id=420, stack(0x000000cfb9200000,0x000000cfb9300000) (1024K)]
  0x000002656e7d73b0 JavaThread "WorkspaceEventsHandler"            [_thread_blocked, id=8164, stack(0x000000cfb9300000,0x000000cfb9400000) (1024K)]
  0x000002656e7d7a40 JavaThread "pool-1-thread-1"                   [_thread_in_vm, id=20824, stack(0x000000cfb9400000,0x000000cfb9500000) (1024K)]
  0x000002656e018ab0 JavaThread "C2 CompilerThread1"         daemon [_thread_in_native, id=21044, stack(0x000000cfb8b00000,0x000000cfb8c00000) (1024K)]
  0x000002656cc761f0 JavaThread "Worker-6"                          [_thread_blocked, id=15524, stack(0x000000cfb9500000,0x000000cfb9600000) (1024K)]
Total: 36

Other Threads:
  0x00000265505ecfa0 VMThread "VM Thread"                           [id=8480, stack(0x000000cfb6d00000,0x000000cfb6e00000) (1024K)]
  0x000002655059bb40 WatcherThread "VM Periodic Task Thread"        [id=3456, stack(0x000000cfb6c00000,0x000000cfb6d00000) (1024K)]
  0x000002655054eba0 WorkerThread "GC Thread#0"                     [id=35692, stack(0x000000cfb6b00000,0x000000cfb6c00000) (1024K)]
  0x000002656c3b0150 WorkerThread "GC Thread#1"                     [id=15664, stack(0x000000cfb7900000,0x000000cfb7a00000) (1024K)]
  0x000002656c1b73d0 WorkerThread "GC Thread#2"                     [id=32788, stack(0x000000cfb7a00000,0x000000cfb7b00000) (1024K)]
  0x000002656c1b7770 WorkerThread "GC Thread#3"                     [id=30804, stack(0x000000cfb7b00000,0x000000cfb7c00000) (1024K)]
Total: 6

Threads with active compile tasks:
C2 CompilerThread0  47373 7781   !   4       org.eclipse.jdt.internal.core.search.indexing.BinaryIndexer::indexDocument (1168 bytes)
C1 CompilerThread0  47373 7853       3       org.eclipse.jdt.internal.compiler.util.CharDelegateMap::get (25 bytes)
C2 CompilerThread1  47373 7849  s    4       sun.nio.ch.ChannelInputStream::read (77 bytes)
Total: 3

VM state: not at safepoint (normal execution)

VM Mutex/Monitor currently owned by a thread: None

Heap address: 0x0000000080000000, size: 2048 MB, Compressed Oops mode: 32-bit

CDS archive(s) mapped at: [0x0000026500000000-0x0000026500ba0000-0x0000026500ba0000), size 12189696, SharedBaseAddress: 0x0000026500000000, ArchiveRelocationMode: 1.
Compressed class space mapped at: 0x0000026501000000-0x0000026541000000, reserved size: 1073741824
Narrow klass base: 0x0000026500000000, Narrow klass shift: 0, Narrow klass range: 0x100000000

GC Precious Log:
 CardTable entry size: 512
 CPUs: 4 total, 4 available
 Memory: 16222M
 Large Page Support: Disabled
 NUMA Support: Disabled
 Compressed Oops: Enabled (32-bit)
 Alignments: Space 512K, Generation 512K, Heap 2M
 Heap Min Capacity: 100M
 Heap Initial Capacity: 100M
 Heap Max Capacity: 2G
 Pre-touch: Disabled
 Parallel Workers: 4

Heap:
 PSYoungGen      total 16384K, used 7620K [0x00000000d5580000, 0x00000000d6780000, 0x0000000100000000)
  eden space 14336K, 40% used [0x00000000d5580000,0x00000000d5b2bd20,0x00000000d6380000)
  from space 2048K, 88% used [0x00000000d6400000,0x00000000d65c5610,0x00000000d6600000)
  to   space 1536K, 0% used [0x00000000d6600000,0x00000000d6600000,0x00000000d6780000)
 ParOldGen       total 68608K, used 61405K [0x0000000080000000, 0x0000000084300000, 0x00000000d5580000)
  object space 68608K, 89% used [0x0000000080000000,0x0000000083bf77a0,0x0000000084300000)
 Metaspace       used 56322K, committed 57728K, reserved 1114112K
  class space    used 6036K, committed 6656K, reserved 1048576K

Card table byte_map: [0x000002654fee0000,0x00000265502f0000] _byte_map_base: 0x000002654fae0000

Marking Bits: (ParMarkBitMap*) 0x00007ffacf4fa340
 Begin Bits: [0x00000265629e0000, 0x00000265649e0000)
 End Bits:   [0x00000265649e0000, 0x00000265669e0000)

Polling page: 0x000002654e2d0000

Metaspace:

Usage:
  Non-class:     49.11 MB used.
      Class:      5.90 MB used.
       Both:     55.00 MB used.

Virtual space:
  Non-class space:       64.00 MB reserved,      49.88 MB ( 78%) committed,  1 nodes.
      Class space:        1.00 GB reserved,       6.50 MB ( <1%) committed,  1 nodes.
             Both:        1.06 GB reserved,      56.38 MB (  5%) committed. 

Chunk freelists:
   Non-Class:  13.48 MB
       Class:  9.48 MB
        Both:  22.97 MB

MaxMetaspaceSize: unlimited
CompressedClassSpaceSize: 1.00 GB
Initial GC threshold: 21.00 MB
Current GC threshold: 58.38 MB
CDS: on
 - commit_granule_bytes: 65536.
 - commit_granule_words: 8192.
 - virtual_space_node_default_size: 8388608.
 - enlarge_chunks_in_place: 1.
 - use_allocation_guard: 0.


Internal statistics:

num_allocs_failed_limit: 6.
num_arena_births: 954.
num_arena_deaths: 24.
num_vsnodes_births: 2.
num_vsnodes_deaths: 0.
num_space_committed: 902.
num_space_uncommitted: 0.
num_chunks_returned_to_freelist: 35.
num_chunks_taken_from_freelist: 3520.
num_chunk_merges: 12.
num_chunk_splits: 2204.
num_chunks_enlarged: 1274.
num_inconsistent_stats: 0.

CodeHeap 'non-profiled nmethods': size=120000Kb used=5035Kb max_used=5035Kb free=114964Kb
 bounds [0x000002655b200000, 0x000002655b6f0000, 0x0000026562730000]
CodeHeap 'profiled nmethods': size=120000Kb used=16437Kb max_used=16437Kb free=103562Kb
 bounds [0x0000026553730000, 0x0000026554740000, 0x000002655ac60000]
CodeHeap 'non-nmethods': size=5760Kb used=1421Kb max_used=1492Kb free=4338Kb
 bounds [0x000002655ac60000, 0x000002655aed0000, 0x000002655b200000]
CodeCache: size=245760Kb, used=22893Kb, max_used=22964Kb, free=222864Kb
 total_blobs=8010, nmethods=7273, adapters=643, full_count=0
Compilation: enabled, stopped_count=0, restarted_count=0

Compilation events (20 events):
Event: 47.221 Thread 0x000002656e018ab0 7831       4       jdk.internal.misc.Unsafe::checkPointer (19 bytes)
Event: 47.222 Thread 0x000002656e018ab0 nmethod 7831 0x000002655b6e8090 code [0x000002655b6e8220, 0x000002655b6e82e0]
Event: 47.224 Thread 0x0000026566f876b0 7832       3       org.eclipse.jdt.internal.compiler.parser.Scanner::addTokenToLookBack (137 bytes)
Event: 47.226 Thread 0x0000026566f876b0 nmethod 7832 0x0000026554735910 code [0x0000026554735b20, 0x00000265547363d0]
Event: 47.226 Thread 0x0000026566f876b0 7833       3       java.lang.invoke.Invokers::cachedInvoker (7 bytes)
Event: 47.226 Thread 0x0000026566f876b0 nmethod 7833 0x0000026554736690 code [0x0000026554736820, 0x0000026554736958]
Event: 47.227 Thread 0x0000026566f876b0 7836       3       java.lang.invoke.InvokerBytecodeGenerator::loadMethod (39 bytes)
Event: 47.227 Thread 0x0000026566f876b0 nmethod 7836 0x0000026554736a10 code [0x0000026554736c00, 0x0000026554736ef8]
Event: 47.229 Thread 0x0000026566f876b0 7837       3       java.lang.invoke.LambdaForm::create (14 bytes)
Event: 47.229 Thread 0x0000026566f876b0 nmethod 7837 0x0000026554737090 code [0x0000026554737240, 0x0000026554737370]
Event: 47.230 Thread 0x0000026566f876b0 7838       3       java.lang.invoke.Invokers::basicInvoker (103 bytes)
Event: 47.231 Thread 0x000002656e018ab0 7841       4       java.lang.invoke.MethodHandle::intrinsicName (4 bytes)
Event: 47.231 Thread 0x000002656e018ab0 nmethod 7841 0x000002655b6e8f90 code [0x000002655b6e9120, 0x000002655b6e91b0]
Event: 47.231 Thread 0x0000026566f876b0 nmethod 7838 0x0000026554737410 code [0x00000265547376c0, 0x0000026554738070]
Event: 47.234 Thread 0x0000026566f876b0 7844       3       org.eclipse.osgi.internal.log.EquinoxLogWriter::write (27 bytes)
Event: 47.234 Thread 0x0000026566f876b0 nmethod 7844 0x0000026554738510 code [0x0000026554738700, 0x0000026554738b18]
Event: 47.289 Thread 0x0000026566f876b0 7846       3       org.eclipse.jdt.internal.core.ModularClassFile::exists (53 bytes)
Event: 47.290 Thread 0x0000026566f876b0 nmethod 7846 0x0000026554738d10 code [0x0000026554738f60, 0x00000265547396c0]
Event: 47.290 Thread 0x0000026566f876b0 7847       3       org.eclipse.jdt.internal.core.ModularClassFile::getModule (39 bytes)
Event: 47.292 Thread 0x0000026566f876b0 nmethod 7847 0x0000026554739990 code [0x0000026554739c00, 0x000002655473a918]

GC Heap History (20 events):
Event: 40.943 GC heap before
{Heap before GC invocations=30 (full 2):
 PSYoungGen      total 23552K, used 23172K [0x00000000d5580000, 0x00000000d7080000, 0x0000000100000000)
  eden space 19456K, 100% used [0x00000000d5580000,0x00000000d6880000,0x00000000d6880000)
  from space 4096K, 90% used [0x00000000d6880000,0x00000000d6c211a8,0x00000000d6c80000)
  to   space 4096K, 0% used [0x00000000d6c80000,0x00000000d6c80000,0x00000000d7080000)
 ParOldGen       total 68608K, used 41157K [0x0000000080000000, 0x0000000084300000, 0x00000000d5580000)
  object space 68608K, 59% used [0x0000000080000000,0x0000000082831648,0x0000000084300000)
 Metaspace       used 50482K, committed 51712K, reserved 1114112K
  class space    used 5473K, committed 6016K, reserved 1048576K
}
Event: 40.951 GC heap after
{Heap after GC invocations=30 (full 2):
 PSYoungGen      total 21504K, used 1824K [0x00000000d5580000, 0x00000000d6e80000, 0x0000000100000000)
  eden space 19456K, 0% used [0x00000000d5580000,0x00000000d5580000,0x00000000d6880000)
  from space 2048K, 89% used [0x00000000d6c80000,0x00000000d6e48160,0x00000000d6e80000)
  to   space 2560K, 0% used [0x00000000d6980000,0x00000000d6980000,0x00000000d6c00000)
 ParOldGen       total 68608K, used 44572K [0x0000000080000000, 0x0000000084300000, 0x00000000d5580000)
  object space 68608K, 64% used [0x0000000080000000,0x0000000082b872e8,0x0000000084300000)
 Metaspace       used 50482K, committed 51712K, reserved 1114112K
  class space    used 5473K, committed 6016K, reserved 1048576K
}
Event: 41.899 GC heap before
{Heap before GC invocations=31 (full 2):
 PSYoungGen      total 21504K, used 21258K [0x00000000d5580000, 0x00000000d6e80000, 0x0000000100000000)
  eden space 19456K, 99% used [0x00000000d5580000,0x00000000d687a778,0x00000000d6880000)
  from space 2048K, 89% used [0x00000000d6c80000,0x00000000d6e48160,0x00000000d6e80000)
  to   space 2560K, 0% used [0x00000000d6980000,0x00000000d6980000,0x00000000d6c00000)
 ParOldGen       total 68608K, used 44572K [0x0000000080000000, 0x0000000084300000, 0x00000000d5580000)
  object space 68608K, 64% used [0x0000000080000000,0x0000000082b872e8,0x0000000084300000)
 Metaspace       used 51295K, committed 52544K, reserved 1114112K
  class space    used 5544K, committed 6080K, reserved 1048576K
}
Event: 41.905 GC heap after
{Heap after GC invocations=31 (full 2):
 PSYoungGen      total 21504K, used 1635K [0x00000000d5580000, 0x00000000d6d00000, 0x0000000100000000)
  eden space 19456K, 0% used [0x00000000d5580000,0x00000000d5580000,0x00000000d6880000)
  from space 2048K, 79% used [0x00000000d6980000,0x00000000d6b18e08,0x00000000d6b80000)
  to   space 1536K, 0% used [0x00000000d6b80000,0x00000000d6b80000,0x00000000d6d00000)
 ParOldGen       total 68608K, used 46315K [0x0000000080000000, 0x0000000084300000, 0x00000000d5580000)
  object space 68608K, 67% used [0x0000000080000000,0x0000000082d3ae48,0x0000000084300000)
 Metaspace       used 51295K, committed 52544K, reserved 1114112K
  class space    used 5544K, committed 6080K, reserved 1048576K
}
Event: 42.510 GC heap before
{Heap before GC invocations=32 (full 2):
 PSYoungGen      total 21504K, used 21091K [0x00000000d5580000, 0x00000000d6d00000, 0x0000000100000000)
  eden space 19456K, 100% used [0x00000000d5580000,0x00000000d6880000,0x00000000d6880000)
  from space 2048K, 79% used [0x00000000d6980000,0x00000000d6b18e08,0x00000000d6b80000)
  to   space 1536K, 0% used [0x00000000d6b80000,0x00000000d6b80000,0x00000000d6d00000)
 ParOldGen       total 68608K, used 46315K [0x0000000080000000, 0x0000000084300000, 0x00000000d5580000)
  object space 68608K, 67% used [0x0000000080000000,0x0000000082d3ae48,0x0000000084300000)
 Metaspace       used 52135K, committed 53312K, reserved 1114112K
  class space    used 5617K, committed 6144K, reserved 1048576K
}
Event: 42.516 GC heap after
{Heap after GC invocations=32 (full 2):
 PSYoungGen      total 17920K, used 1516K [0x00000000d5580000, 0x00000000d7480000, 0x0000000100000000)
  eden space 16384K, 0% used [0x00000000d5580000,0x00000000d5580000,0x00000000d6580000)
  from space 1536K, 98% used [0x00000000d6b80000,0x00000000d6cfb170,0x00000000d6d00000)
  to   space 6144K, 0% used [0x00000000d6580000,0x00000000d6580000,0x00000000d6b80000)
 ParOldGen       total 68608K, used 50125K [0x0000000080000000, 0x0000000084300000, 0x00000000d5580000)
  object space 68608K, 73% used [0x0000000080000000,0x00000000830f3630,0x0000000084300000)
 Metaspace       used 52135K, committed 53312K, reserved 1114112K
  class space    used 5617K, committed 6144K, reserved 1048576K
}
Event: 42.786 GC heap before
{Heap before GC invocations=33 (full 2):
 PSYoungGen      total 17920K, used 17900K [0x00000000d5580000, 0x00000000d7480000, 0x0000000100000000)
  eden space 16384K, 100% used [0x00000000d5580000,0x00000000d6580000,0x00000000d6580000)
  from space 1536K, 98% used [0x00000000d6b80000,0x00000000d6cfb170,0x00000000d6d00000)
  to   space 6144K, 0% used [0x00000000d6580000,0x00000000d6580000,0x00000000d6b80000)
 ParOldGen       total 68608K, used 50125K [0x0000000080000000, 0x0000000084300000, 0x00000000d5580000)
  object space 68608K, 73% used [0x0000000080000000,0x00000000830f3630,0x0000000084300000)
 Metaspace       used 52185K, committed 53376K, reserved 1114112K
  class space    used 5618K, committed 6144K, reserved 1048576K
}
Event: 42.792 GC heap after
{Heap after GC invocations=33 (full 2):
 PSYoungGen      total 17920K, used 1429K [0x00000000d5580000, 0x00000000d6c00000, 0x0000000100000000)
  eden space 16384K, 0% used [0x00000000d5580000,0x00000000d5580000,0x00000000d6580000)
  from space 1536K, 93% used [0x00000000d6580000,0x00000000d66e54e8,0x00000000d6700000)
  to   space 3072K, 0% used [0x00000000d6900000,0x00000000d6900000,0x00000000d6c00000)
 ParOldGen       total 68608K, used 51588K [0x0000000080000000, 0x0000000084300000, 0x00000000d5580000)
  object space 68608K, 75% used [0x0000000080000000,0x0000000083261068,0x0000000084300000)
 Metaspace       used 52185K, committed 53376K, reserved 1114112K
  class space    used 5618K, committed 6144K, reserved 1048576K
}
Event: 43.005 GC heap before
{Heap before GC invocations=34 (full 2):
 PSYoungGen      total 17920K, used 17813K [0x00000000d5580000, 0x00000000d6c00000, 0x0000000100000000)
  eden space 16384K, 100% used [0x00000000d5580000,0x00000000d6580000,0x00000000d6580000)
  from space 1536K, 93% used [0x00000000d6580000,0x00000000d66e54e8,0x00000000d6700000)
  to   space 3072K, 0% used [0x00000000d6900000,0x00000000d6900000,0x00000000d6c00000)
 ParOldGen       total 68608K, used 51588K [0x0000000080000000, 0x0000000084300000, 0x00000000d5580000)
  object space 68608K, 75% used [0x0000000080000000,0x0000000083261068,0x0000000084300000)
 Metaspace       used 52199K, committed 53376K, reserved 1114112K
  class space    used 5618K, committed 6144K, reserved 1048576K
}
Event: 43.011 GC heap after
{Heap after GC invocations=34 (full 2):
 PSYoungGen      total 17920K, used 1370K [0x00000000d5580000, 0x00000000d6a80000, 0x0000000100000000)
  eden space 16384K, 0% used [0x00000000d5580000,0x00000000d5580000,0x00000000d6580000)
  from space 1536K, 89% used [0x00000000d6900000,0x00000000d6a56bd0,0x00000000d6a80000)
  to   space 2048K, 0% used [0x00000000d6680000,0x00000000d6680000,0x00000000d6880000)
 ParOldGen       total 68608K, used 52606K [0x0000000080000000, 0x0000000084300000, 0x00000000d5580000)
  object space 68608K, 76% used [0x0000000080000000,0x000000008335f9a8,0x0000000084300000)
 Metaspace       used 52199K, committed 53376K, reserved 1114112K
  class space    used 5618K, committed 6144K, reserved 1048576K
}
Event: 43.261 GC heap before
{Heap before GC invocations=35 (full 2):
 PSYoungGen      total 17920K, used 17754K [0x00000000d5580000, 0x00000000d6a80000, 0x0000000100000000)
  eden space 16384K, 100% used [0x00000000d5580000,0x00000000d6580000,0x00000000d6580000)
  from space 1536K, 89% used [0x00000000d6900000,0x00000000d6a56bd0,0x00000000d6a80000)
  to   space 2048K, 0% used [0x00000000d6680000,0x00000000d6680000,0x00000000d6880000)
 ParOldGen       total 68608K, used 52606K [0x0000000080000000, 0x0000000084300000, 0x00000000d5580000)
  object space 68608K, 76% used [0x0000000080000000,0x000000008335f9a8,0x0000000084300000)
 Metaspace       used 52906K, committed 54080K, reserved 1114112K
  class space    used 5682K, committed 6208K, reserved 1048576K
}
Event: 43.264 GC heap after
{Heap after GC invocations=35 (full 2):
 PSYoungGen      total 17920K, used 1131K [0x00000000d5580000, 0x00000000d6980000, 0x0000000100000000)
  eden space 16384K, 0% used [0x00000000d5580000,0x00000000d5580000,0x00000000d6580000)
  from space 1536K, 73% used [0x00000000d6680000,0x00000000d679ac70,0x00000000d6800000)
  to   space 1536K, 0% used [0x00000000d6800000,0x00000000d6800000,0x00000000d6980000)
 ParOldGen       total 68608K, used 53464K [0x0000000080000000, 0x0000000084300000, 0x00000000d5580000)
  object space 68608K, 77% used [0x0000000080000000,0x0000000083436348,0x0000000084300000)
 Metaspace       used 52906K, committed 54080K, reserved 1114112K
  class space    used 5682K, committed 6208K, reserved 1048576K
}
Event: 43.835 GC heap before
{Heap before GC invocations=36 (full 2):
 PSYoungGen      total 17920K, used 17515K [0x00000000d5580000, 0x00000000d6980000, 0x0000000100000000)
  eden space 16384K, 100% used [0x00000000d5580000,0x00000000d6580000,0x00000000d6580000)
  from space 1536K, 73% used [0x00000000d6680000,0x00000000d679ac70,0x00000000d6800000)
  to   space 1536K, 0% used [0x00000000d6800000,0x00000000d6800000,0x00000000d6980000)
 ParOldGen       total 68608K, used 53464K [0x0000000080000000, 0x0000000084300000, 0x00000000d5580000)
  object space 68608K, 77% used [0x0000000080000000,0x0000000083436348,0x0000000084300000)
 Metaspace       used 53520K, committed 54720K, reserved 1114112K
  class space    used 5741K, committed 6272K, reserved 1048576K
}
Event: 43.848 GC heap after
{Heap after GC invocations=36 (full 2):
 PSYoungGen      total 15872K, used 1536K [0x00000000d5580000, 0x00000000d6e80000, 0x0000000100000000)
  eden space 14336K, 0% used [0x00000000d5580000,0x00000000d5580000,0x00000000d6380000)
  from space 1536K, 100% used [0x00000000d6800000,0x00000000d6980000,0x00000000d6980000)
  to   space 4608K, 0% used [0x00000000d6380000,0x00000000d6380000,0x00000000d6800000)
 ParOldGen       total 68608K, used 55611K [0x0000000080000000, 0x0000000084300000, 0x00000000d5580000)
  object space 68608K, 81% used [0x0000000080000000,0x000000008364efc0,0x0000000084300000)
 Metaspace       used 53520K, committed 54720K, reserved 1114112K
  class space    used 5741K, committed 6272K, reserved 1048576K
}
Event: 44.131 GC heap before
{Heap before GC invocations=37 (full 2):
 PSYoungGen      total 15872K, used 15872K [0x00000000d5580000, 0x00000000d6e80000, 0x0000000100000000)
  eden space 14336K, 100% used [0x00000000d5580000,0x00000000d6380000,0x00000000d6380000)
  from space 1536K, 100% used [0x00000000d6800000,0x00000000d6980000,0x00000000d6980000)
  to   space 4608K, 0% used [0x00000000d6380000,0x00000000d6380000,0x00000000d6800000)
 ParOldGen       total 68608K, used 55611K [0x0000000080000000, 0x0000000084300000, 0x00000000d5580000)
  object space 68608K, 81% used [0x0000000080000000,0x000000008364efc0,0x0000000084300000)
 Metaspace       used 53520K, committed 54720K, reserved 1114112K
  class space    used 5741K, committed 6272K, reserved 1048576K
}
Event: 44.135 GC heap after
{Heap after GC invocations=37 (full 2):
 PSYoungGen      total 17920K, used 3314K [0x00000000d5580000, 0x00000000d6a80000, 0x0000000100000000)
  eden space 14336K, 0% used [0x00000000d5580000,0x00000000d5580000,0x00000000d6380000)
  from space 3584K, 92% used [0x00000000d6380000,0x00000000d66bcb80,0x00000000d6700000)
  to   space 3584K, 0% used [0x00000000d6700000,0x00000000d6700000,0x00000000d6a80000)
 ParOldGen       total 68608K, used 57032K [0x0000000080000000, 0x0000000084300000, 0x00000000d5580000)
  object space 68608K, 83% used [0x0000000080000000,0x00000000837b21d0,0x0000000084300000)
 Metaspace       used 53520K, committed 54720K, reserved 1114112K
  class space    used 5741K, committed 6272K, reserved 1048576K
}
Event: 45.229 GC heap before
{Heap before GC invocations=38 (full 2):
 PSYoungGen      total 17920K, used 17650K [0x00000000d5580000, 0x00000000d6a80000, 0x0000000100000000)
  eden space 14336K, 99% used [0x00000000d5580000,0x00000000d637fff0,0x00000000d6380000)
  from space 3584K, 92% used [0x00000000d6380000,0x00000000d66bcb80,0x00000000d6700000)
  to   space 3584K, 0% used [0x00000000d6700000,0x00000000d6700000,0x00000000d6a80000)
 ParOldGen       total 68608K, used 57032K [0x0000000080000000, 0x0000000084300000, 0x00000000d5580000)
  object space 68608K, 83% used [0x0000000080000000,0x00000000837b21d0,0x0000000084300000)
 Metaspace       used 54691K, committed 56000K, reserved 1114112K
  class space    used 5863K, committed 6400K, reserved 1048576K
}
Event: 45.235 GC heap after
{Heap after GC invocations=38 (full 2):
 PSYoungGen      total 16384K, used 1785K [0x00000000d5580000, 0x00000000d6900000, 0x0000000100000000)
  eden space 14336K, 0% used [0x00000000d5580000,0x00000000d5580000,0x00000000d6380000)
  from space 2048K, 87% used [0x00000000d6700000,0x00000000d68be418,0x00000000d6900000)
  to   space 2560K, 0% used [0x00000000d6400000,0x00000000d6400000,0x00000000d6680000)
 ParOldGen       total 68608K, used 60266K [0x0000000080000000, 0x0000000084300000, 0x00000000d5580000)
  object space 68608K, 87% used [0x0000000080000000,0x0000000083ada900,0x0000000084300000)
 Metaspace       used 54691K, committed 56000K, reserved 1114112K
  class space    used 5863K, committed 6400K, reserved 1048576K
}
Event: 47.206 GC heap before
{Heap before GC invocations=39 (full 2):
 PSYoungGen      total 16384K, used 16121K [0x00000000d5580000, 0x00000000d6900000, 0x0000000100000000)
  eden space 14336K, 100% used [0x00000000d5580000,0x00000000d6380000,0x00000000d6380000)
  from space 2048K, 87% used [0x00000000d6700000,0x00000000d68be418,0x00000000d6900000)
  to   space 2560K, 0% used [0x00000000d6400000,0x00000000d6400000,0x00000000d6680000)
 ParOldGen       total 68608K, used 60266K [0x0000000080000000, 0x0000000084300000, 0x00000000d5580000)
  object space 68608K, 87% used [0x0000000080000000,0x0000000083ada900,0x0000000084300000)
 Metaspace       used 56066K, committed 57408K, reserved 1114112K
  class space    used 5992K, committed 6592K, reserved 1048576K
}
Event: 47.212 GC heap after
{Heap after GC invocations=39 (full 2):
 PSYoungGen      total 16384K, used 1813K [0x00000000d5580000, 0x00000000d6780000, 0x0000000100000000)
  eden space 14336K, 0% used [0x00000000d5580000,0x00000000d5580000,0x00000000d6380000)
  from space 2048K, 88% used [0x00000000d6400000,0x00000000d65c5610,0x00000000d6600000)
  to   space 1536K, 0% used [0x00000000d6600000,0x00000000d6600000,0x00000000d6780000)
 ParOldGen       total 68608K, used 61405K [0x0000000080000000, 0x0000000084300000, 0x00000000d5580000)
  object space 68608K, 89% used [0x0000000080000000,0x0000000083bf77a0,0x0000000084300000)
 Metaspace       used 56066K, committed 57408K, reserved 1114112K
  class space    used 5992K, committed 6592K, reserved 1048576K
}

Dll operation events (10 events):
Event: 0.020 Loaded shared library c:\Users\LENOVO\.cursor\extensions\redhat.java-1.44.0-win32-x64\jre\21.0.8-win32-x86_64\bin\java.dll
Event: 0.677 Loaded shared library c:\Users\LENOVO\.cursor\extensions\redhat.java-1.44.0-win32-x64\jre\21.0.8-win32-x86_64\bin\zip.dll
Event: 0.962 Loaded shared library C:\Users\LENOVO\.cursor\extensions\redhat.java-1.44.0-win32-x64\jre\21.0.8-win32-x86_64\bin\instrument.dll
Event: 0.990 Loaded shared library C:\Users\LENOVO\.cursor\extensions\redhat.java-1.44.0-win32-x64\jre\21.0.8-win32-x86_64\bin\net.dll
Event: 0.994 Loaded shared library C:\Users\LENOVO\.cursor\extensions\redhat.java-1.44.0-win32-x64\jre\21.0.8-win32-x86_64\bin\nio.dll
Event: 1.009 Loaded shared library C:\Users\LENOVO\.cursor\extensions\redhat.java-1.44.0-win32-x64\jre\21.0.8-win32-x86_64\bin\zip.dll
Event: 1.146 Loaded shared library C:\Users\LENOVO\.cursor\extensions\redhat.java-1.44.0-win32-x64\jre\21.0.8-win32-x86_64\bin\jimage.dll
Event: 1.789 Loaded shared library c:\Users\LENOVO\.cursor\extensions\redhat.java-1.44.0-win32-x64\jre\21.0.8-win32-x86_64\bin\verify.dll
Event: 8.994 Loaded shared library C:\Users\LENOVO\AppData\Roaming\Cursor\User\globalStorage\redhat.java\1.44.0\config_win\org.eclipse.equinox.launcher\org.eclipse.equinox.launcher.win32.win32.x86_64_1.2.1400.v20250730-1736\eclipse_11913.dll
Event: 16.650 Loaded shared library C:\Users\LENOVO\AppData\Local\Temp\jna--2053026509\jna11693983552427603308.dll

Deoptimization events (20 events):
Event: 44.494 Thread 0x000002656e7d7a40 Uncommon trap: trap_request=0xffffff45 fr.pc=0x000002655b641c34 relative=0x0000000000005934
Event: 44.494 Thread 0x000002656e7d7a40 Uncommon trap: reason=unstable_if action=reinterpret pc=0x000002655b641c34 method=org.eclipse.jdt.internal.compiler.classfmt.ClassFileReader.<init>([B[CZ)V @ 91 c2
Event: 44.497 Thread 0x000002656e7d7a40 DEOPT PACKING pc=0x000002655b641c34 sp=0x000000cfb94fd440
Event: 44.497 Thread 0x000002656e7d7a40 DEOPT UNPACKING pc=0x000002655acb3aa2 sp=0x000000cfb94fd400 mode 2
Event: 44.501 Thread 0x000002656e7d7a40 Uncommon trap: trap_request=0xffffff45 fr.pc=0x000002655b5a9100 relative=0x0000000000000300
Event: 44.501 Thread 0x000002656e7d7a40 Uncommon trap: reason=unstable_if action=reinterpret pc=0x000002655b5a9100 method=org.eclipse.jdt.internal.compiler.parser.Scanner.scanIdentifier()Lorg/eclipse/jdt/internal/compiler/parser/TerminalToken; @ 340 c2
Event: 44.501 Thread 0x000002656e7d7a40 DEOPT PACKING pc=0x000002655b5a9100 sp=0x000000cfb94fd4a0
Event: 44.501 Thread 0x000002656e7d7a40 DEOPT UNPACKING pc=0x000002655acb3aa2 sp=0x000000cfb94fd400 mode 2
Event: 44.550 Thread 0x000002656e7d7a40 DEOPT PACKING pc=0x0000026553f6a479 sp=0x000000cfb94fb790
Event: 44.550 Thread 0x000002656e7d7a40 DEOPT UNPACKING pc=0x000002655acb4242 sp=0x000000cfb94fad38 mode 0
Event: 44.986 Thread 0x000002656e7d7a40 DEOPT PACKING pc=0x00000265537ea239 sp=0x000000cfb94f8d00
Event: 44.986 Thread 0x000002656e7d7a40 DEOPT UNPACKING pc=0x000002655acb4242 sp=0x000000cfb94f8200 mode 0
Event: 45.315 Thread 0x000002656c2af980 Uncommon trap: trap_request=0xffffff6e fr.pc=0x000002655b6ce2c8 relative=0x0000000000000788
Event: 45.315 Thread 0x000002656c2af980 Uncommon trap: reason=loop_limit_check action=maybe_recompile pc=0x000002655b6ce2c8 method=org.eclipse.jdt.internal.compiler.util.HashtableOfObject.rehash()V @ 56 c2
Event: 45.315 Thread 0x000002656c2af980 DEOPT PACKING pc=0x000002655b6ce2c8 sp=0x000000cfb81fe340
Event: 45.316 Thread 0x000002656c2af980 DEOPT UNPACKING pc=0x000002655acb3aa2 sp=0x000000cfb81fe2e8 mode 2
Event: 47.280 Thread 0x000002656e7d7a40 Uncommon trap: trap_request=0xffffff6e fr.pc=0x000002655b6e3d68 relative=0x00000000000001a8
Event: 47.280 Thread 0x000002656e7d7a40 Uncommon trap: reason=loop_limit_check action=maybe_recompile pc=0x000002655b6e3d68 method=org.eclipse.jdt.internal.core.util.HashtableOfArrayToObject.hashCode([Ljava/lang/Object;I)I @ 27 c2
Event: 47.280 Thread 0x000002656e7d7a40 DEOPT PACKING pc=0x000002655b6e3d68 sp=0x000000cfb94fd3a0
Event: 47.280 Thread 0x000002656e7d7a40 DEOPT UNPACKING pc=0x000002655acb3aa2 sp=0x000000cfb94fd328 mode 2

Classes loaded (20 events):
Event: 41.069 Loading class java/util/Vector$1
Event: 41.069 Loading class java/util/Vector$1 done
Event: 42.201 Loading class java/util/regex/Pattern$Caret
Event: 42.201 Loading class java/util/regex/Pattern$Caret done
Event: 44.472 Loading class java/util/regex/PatternSyntaxException
Event: 44.472 Loading class java/util/regex/PatternSyntaxException done
Event: 45.241 Loading class java/util/Hashtable$ValueCollection
Event: 45.244 Loading class java/util/Hashtable$ValueCollection done
Event: 45.286 Loading class java/util/Collections$SynchronizedRandomAccessList
Event: 45.286 Loading class java/util/Collections$SynchronizedList
Event: 45.286 Loading class java/util/Collections$SynchronizedList done
Event: 45.286 Loading class java/util/Collections$SynchronizedRandomAccessList done
Event: 46.223 Loading class java/nio/charset/CharacterCodingException
Event: 46.224 Loading class java/nio/charset/CharacterCodingException done
Event: 46.224 Loading class java/io/SequenceInputStream
Event: 46.231 Loading class java/io/SequenceInputStream done
Event: 46.515 Loading class java/util/concurrent/CompletableFuture$Signaller
Event: 46.516 Loading class java/util/concurrent/CompletableFuture$Signaller done
Event: 46.645 Loading class java/util/WeakHashMap$KeyIterator
Event: 46.646 Loading class java/util/WeakHashMap$KeyIterator done

Classes unloaded (12 events):
Event: 19.560 Thread 0x00000265505ecfa0 Unloading class 0x00000265011ac000 'java/lang/invoke/LambdaForm$MH+0x00000265011ac000'
Event: 19.560 Thread 0x00000265505ecfa0 Unloading class 0x00000265011abc00 'java/lang/invoke/LambdaForm$MH+0x00000265011abc00'
Event: 19.560 Thread 0x00000265505ecfa0 Unloading class 0x00000265011ab800 'java/lang/invoke/LambdaForm$MH+0x00000265011ab800'
Event: 19.560 Thread 0x00000265505ecfa0 Unloading class 0x00000265011ab400 'java/lang/invoke/LambdaForm$MH+0x00000265011ab400'
Event: 19.560 Thread 0x00000265505ecfa0 Unloading class 0x00000265011ab000 'java/lang/invoke/LambdaForm$BMH+0x00000265011ab000'
Event: 19.560 Thread 0x00000265505ecfa0 Unloading class 0x00000265011aac00 'java/lang/invoke/LambdaForm$DMH+0x00000265011aac00'
Event: 19.560 Thread 0x00000265505ecfa0 Unloading class 0x00000265011a9800 'java/lang/invoke/LambdaForm$DMH+0x00000265011a9800'
Event: 26.892 Thread 0x00000265505ecfa0 Unloading class 0x00000265012bb800 'java/lang/invoke/LambdaForm$MH+0x00000265012bb800'
Event: 26.892 Thread 0x00000265505ecfa0 Unloading class 0x00000265012bac00 'java/lang/invoke/LambdaForm$MH+0x00000265012bac00'
Event: 26.892 Thread 0x00000265505ecfa0 Unloading class 0x00000265012ba400 'java/lang/invoke/LambdaForm$MH+0x00000265012ba400'
Event: 26.892 Thread 0x00000265505ecfa0 Unloading class 0x00000265012b9c00 'java/lang/invoke/LambdaForm$MH+0x00000265012b9c00'
Event: 26.892 Thread 0x00000265505ecfa0 Unloading class 0x00000265012b9800 'java/lang/invoke/LambdaForm$DMH+0x00000265012b9800'

Classes redefined (0 events):
No events

Internal exceptions (20 events):
Event: 35.988 Thread 0x000002656e7d9480 Exception <a 'sun/nio/fs/WindowsException'{0x00000000d6a4be88}> (0x00000000d6a4be88) 
thrown [s\src\hotspot\share\prims\jni.cpp, line 520]
Event: 35.990 Thread 0x000002656e7d9480 Exception <a 'sun/nio/fs/WindowsException'{0x00000000d6a5c128}> (0x00000000d6a5c128) 
thrown [s\src\hotspot\share\prims\jni.cpp, line 520]
Event: 35.991 Thread 0x000002656e7d9480 Exception <a 'sun/nio/fs/WindowsException'{0x00000000d6a5f478}> (0x00000000d6a5f478) 
thrown [s\src\hotspot\share\prims\jni.cpp, line 520]
Event: 35.993 Thread 0x000002656e7d9480 Exception <a 'sun/nio/fs/WindowsException'{0x00000000d6a62800}> (0x00000000d6a62800) 
thrown [s\src\hotspot\share\prims\jni.cpp, line 520]
Event: 35.994 Thread 0x000002656e7d9480 Exception <a 'sun/nio/fs/WindowsException'{0x00000000d6a7f208}> (0x00000000d6a7f208) 
thrown [s\src\hotspot\share\prims\jni.cpp, line 520]
Event: 35.995 Thread 0x000002656e7d9480 Exception <a 'sun/nio/fs/WindowsException'{0x00000000d6a8f0a0}> (0x00000000d6a8f0a0) 
thrown [s\src\hotspot\share\prims\jni.cpp, line 520]
Event: 35.996 Thread 0x000002656e7d9480 Exception <a 'sun/nio/fs/WindowsException'{0x00000000d6a91de8}> (0x00000000d6a91de8) 
thrown [s\src\hotspot\share\prims\jni.cpp, line 520]
Event: 35.997 Thread 0x000002656e7d9480 Exception <a 'sun/nio/fs/WindowsException'{0x00000000d6aa1620}> (0x00000000d6aa1620) 
thrown [s\src\hotspot\share\prims\jni.cpp, line 520]
Event: 36.002 Thread 0x000002656e7d9480 Exception <a 'sun/nio/fs/WindowsException'{0x00000000d6aa6198}> (0x00000000d6aa6198) 
thrown [s\src\hotspot\share\prims\jni.cpp, line 520]
Event: 36.003 Thread 0x000002656e7d9480 Exception <a 'sun/nio/fs/WindowsException'{0x00000000d6aa93d8}> (0x00000000d6aa93d8) 
thrown [s\src\hotspot\share\prims\jni.cpp, line 520]
Event: 36.004 Thread 0x000002656e7d9480 Exception <a 'sun/nio/fs/WindowsException'{0x00000000d6aacdb8}> (0x00000000d6aacdb8) 
thrown [s\src\hotspot\share\prims\jni.cpp, line 520]
Event: 36.258 Thread 0x000002656e7d9480 Exception <a 'java/lang/NoSuchMethodError'{0x00000000d5b0fa28}: 'java.lang.Object java.lang.invoke.Invokers$Holder.invoke_MT(java.lang.Object, java.lang.Object, java.lang.Object, java.lang.Object, java.lang.Object, java.lang.Object, java.lang.Object, java.lang.Object, java.lang.Object, java.lang.Object)'> (0x00000000d5b0fa28) 
thrown [s\src\hotspot\share\interpreter\linkResolver.cpp, line 773]
Event: 39.645 Thread 0x000002656e7d9480 Exception <a 'java/lang/NoSuchMethodError'{0x00000000d6202f40}: 'int java.lang.invoke.Invokers$Holder.invokeExact_MT(java.lang.Object, java.lang.Object)'> (0x00000000d6202f40) 
thrown [s\src\hotspot\share\interpreter\linkResolver.cpp, line 773]
Event: 42.368 Thread 0x000002656c2af980 Implicit null exception at 0x000002655b5dcf5a to 0x000002655b5dd088
Event: 46.535 Thread 0x000002656c2b20e0 Exception <a 'sun/nio/fs/WindowsException'{0x00000000d5d0acc0}> (0x00000000d5d0acc0) 
thrown [s\src\hotspot\share\prims\jni.cpp, line 520]
Event: 46.535 Thread 0x000002656c2b20e0 Exception <a 'sun/nio/fs/WindowsException'{0x00000000d5d0b088}> (0x00000000d5d0b088) 
thrown [s\src\hotspot\share\prims\jni.cpp, line 520]
Event: 46.554 Thread 0x000002656e7d7a40 Exception <a 'java/io/FileNotFoundException'{0x00000000d5d832b0}> (0x00000000d5d832b0) 
thrown [s\src\hotspot\share\prims\jni.cpp, line 520]
Event: 46.556 Thread 0x000002656e7d7a40 Exception <a 'java/io/FileNotFoundException'{0x00000000d5d846e0}> (0x00000000d5d846e0) 
thrown [s\src\hotspot\share\prims\jni.cpp, line 520]
Event: 47.066 Thread 0x000002656e7d7a40 Exception <a 'java/lang/IncompatibleClassChangeError'{0x00000000d62192d0}: Found class java.lang.Object, but interface was expected> (0x00000000d62192d0) 
thrown [s\src\hotspot\share\interpreter\linkResolver.cpp, line 840]
Event: 47.231 Thread 0x000002656c2b0d30 Exception <a 'java/lang/NoSuchMethodError'{0x00000000d563ed98}: 'java.lang.Object java.lang.invoke.DirectMethodHandle$Holder.invokeSpecial(java.lang.Object, java.lang.Object, int, long)'> (0x00000000d563ed98) 
thrown [s\src\hotspot\share\interpreter\linkResolver.cpp, line 773]

ZGC Phase Switch (0 events):
No events

VM Operations (20 events):
Event: 43.835 Executing VM operation: ParallelGCFailedAllocation (Allocation Failure)
Event: 43.848 Executing VM operation: ParallelGCFailedAllocation (Allocation Failure) done
Event: 44.131 Executing VM operation: ParallelGCFailedAllocation (Allocation Failure)
Event: 44.135 Executing VM operation: ParallelGCFailedAllocation (Allocation Failure) done
Event: 44.694 Executing VM operation: HandshakeAllThreads (Deoptimize)
Event: 44.934 Executing VM operation: HandshakeAllThreads (Deoptimize) done
Event: 44.937 Executing VM operation: HandshakeAllThreads (Deoptimize)
Event: 45.199 Executing VM operation: HandshakeAllThreads (Deoptimize) done
Event: 45.199 Executing VM operation: Cleanup
Event: 45.205 Executing VM operation: Cleanup done
Event: 45.213 Executing VM operation: HandshakeAllThreads (Deoptimize)
Event: 45.218 Executing VM operation: HandshakeAllThreads (Deoptimize) done
Event: 45.229 Executing VM operation: ParallelGCFailedAllocation (Allocation Failure)
Event: 45.235 Executing VM operation: ParallelGCFailedAllocation (Allocation Failure) done
Event: 45.248 Executing VM operation: HandshakeAllThreads (Deoptimize)
Event: 45.276 Executing VM operation: HandshakeAllThreads (Deoptimize) done
Event: 46.279 Executing VM operation: Cleanup
Event: 46.499 Executing VM operation: Cleanup done
Event: 47.192 Executing VM operation: ParallelGCFailedAllocation (Allocation Failure)
Event: 47.212 Executing VM operation: ParallelGCFailedAllocation (Allocation Failure) done

Memory protections (0 events):
No events

Nmethod flushes (20 events):
Event: 26.913 Thread 0x00000265505ecfa0 flushing  nmethod 0x0000026553d98090
Event: 26.913 Thread 0x00000265505ecfa0 flushing  nmethod 0x0000026553d98990
Event: 26.913 Thread 0x00000265505ecfa0 flushing  nmethod 0x0000026553d99b90
Event: 26.913 Thread 0x00000265505ecfa0 flushing  nmethod 0x0000026553d9a390
Event: 26.913 Thread 0x00000265505ecfa0 flushing  nmethod 0x0000026553d9ab10
Event: 26.913 Thread 0x00000265505ecfa0 flushing  nmethod 0x0000026553d9c090
Event: 26.913 Thread 0x00000265505ecfa0 flushing  nmethod 0x0000026553d9c590
Event: 26.913 Thread 0x00000265505ecfa0 flushing  nmethod 0x0000026553d9ce90
Event: 26.913 Thread 0x00000265505ecfa0 flushing  nmethod 0x0000026553d9d310
Event: 26.913 Thread 0x00000265505ecfa0 flushing  nmethod 0x0000026553d9de90
Event: 26.913 Thread 0x00000265505ecfa0 flushing  nmethod 0x0000026553da0490
Event: 26.913 Thread 0x00000265505ecfa0 flushing  nmethod 0x0000026553dab310
Event: 26.913 Thread 0x00000265505ecfa0 flushing  nmethod 0x0000026553db1e90
Event: 26.913 Thread 0x00000265505ecfa0 flushing  nmethod 0x0000026553dddf90
Event: 26.913 Thread 0x00000265505ecfa0 flushing  nmethod 0x0000026553de4d10
Event: 26.913 Thread 0x00000265505ecfa0 flushing  nmethod 0x0000026553e4a110
Event: 26.913 Thread 0x00000265505ecfa0 flushing  nmethod 0x0000026553e4c710
Event: 26.913 Thread 0x00000265505ecfa0 flushing  nmethod 0x0000026553e78690
Event: 26.913 Thread 0x00000265505ecfa0 flushing  nmethod 0x0000026553e8ea90
Event: 26.913 Thread 0x00000265505ecfa0 flushing  nmethod 0x0000026553eaa490

Events (20 events):
Event: 29.577 Thread 0x000002655052e1c0 Thread added: 0x000002656e7d7a40
Event: 30.573 Thread 0x000002656d502f90 Thread exited: 0x000002656d502f90
Event: 33.172 Thread 0x0000026566f115a0 Thread added: 0x000002656e019180
Event: 33.204 Thread 0x0000026566fc3e20 Thread added: 0x000002656cc76f10
Event: 33.266 Thread 0x000002656cc76f10 Thread added: 0x000002656cc77c30
Event: 33.266 Thread 0x000002656cc76f10 Thread added: 0x000002656cc775a0
Event: 33.266 Thread 0x000002656cc76f10 Thread added: 0x000002656cc78fe0
Event: 33.554 Thread 0x000002656e019180 Thread exited: 0x000002656e019180
Event: 33.625 Thread 0x0000026566f876b0 Thread added: 0x000002656e018ab0
Event: 34.444 Thread 0x000002656e018ab0 Thread exited: 0x000002656e018ab0
Event: 35.530 Thread 0x0000026566f876b0 Thread added: 0x000002656e018ab0
Event: 35.973 Thread 0x000002656e018ab0 Thread exited: 0x000002656e018ab0
Event: 36.090 Thread 0x0000026566f876b0 Thread added: 0x000002656e01b390
Event: 41.343 Thread 0x000002656e01b390 Thread exited: 0x000002656e01b390
Event: 42.063 Thread 0x0000026566f876b0 Thread added: 0x000002656e018ab0
Event: 43.679 Thread 0x000002656cc775a0 Thread exited: 0x000002656cc775a0
Event: 43.680 Thread 0x000002656cc77c30 Thread exited: 0x000002656cc77c30
Event: 43.680 Thread 0x000002656cc76f10 Thread exited: 0x000002656cc76f10
Event: 43.682 Thread 0x000002656cc78fe0 Thread exited: 0x000002656cc78fe0
Event: 46.501 Thread 0x000002656c2b20e0 Thread added: 0x000002656cc761f0


Dynamic libraries:
0x00007ff6d5560000 - 0x00007ff6d556e000 	c:\Users\LENOVO\.cursor\extensions\redhat.java-1.44.0-win32-x64\jre\21.0.8-win32-x86_64\bin\java.exe
0x00007ffb99ef0000 - 0x00007ffb9a0e8000 	C:\WINDOWS\SYSTEM32\ntdll.dll
0x00007ffb98f70000 - 0x00007ffb99032000 	C:\WINDOWS\System32\KERNEL32.DLL
0x00007ffb975e0000 - 0x00007ffb978d6000 	C:\WINDOWS\System32\KERNELBASE.dll
0x00007ffb97d70000 - 0x00007ffb97e70000 	C:\WINDOWS\System32\ucrtbase.dll
0x00007ffb850f0000 - 0x00007ffb85108000 	c:\Users\LENOVO\.cursor\extensions\redhat.java-1.44.0-win32-x64\jre\21.0.8-win32-x86_64\bin\jli.dll
0x00007ffb99d10000 - 0x00007ffb99ead000 	C:\WINDOWS\System32\USER32.dll
0x00007ffb97580000 - 0x00007ffb975a2000 	C:\WINDOWS\System32\win32u.dll
0x00007ffb99170000 - 0x00007ffb9919b000 	C:\WINDOWS\System32\GDI32.dll
0x00007ffb97930000 - 0x00007ffb97a49000 	C:\WINDOWS\System32\gdi32full.dll
0x00007ffb97e70000 - 0x00007ffb97f0d000 	C:\WINDOWS\System32\msvcp_win.dll
0x00007ffb7ce30000 - 0x00007ffb7ce4e000 	c:\Users\LENOVO\.cursor\extensions\redhat.java-1.44.0-win32-x64\jre\21.0.8-win32-x86_64\bin\VCRUNTIME140.dll
0x00007ffb851d0000 - 0x00007ffb8546a000 	C:\WINDOWS\WinSxS\amd64_microsoft.windows.common-controls_6595b64144ccf1df_6.0.19041.5915_none_60b4b9d171f9c7c7\COMCTL32.dll
0x00007ffb990d0000 - 0x00007ffb9916e000 	C:\WINDOWS\System32\msvcrt.dll
0x00007ffb98620000 - 0x00007ffb9864f000 	C:\WINDOWS\System32\IMM32.DLL
0x00007ffb8ff10000 - 0x00007ffb8ff1c000 	c:\Users\LENOVO\.cursor\extensions\redhat.java-1.44.0-win32-x64\jre\21.0.8-win32-x86_64\bin\vcruntime140_1.dll
0x00007ffb46b80000 - 0x00007ffb46c0d000 	c:\Users\LENOVO\.cursor\extensions\redhat.java-1.44.0-win32-x64\jre\21.0.8-win32-x86_64\bin\msvcp140.dll
0x00007fface840000 - 0x00007ffacf5d7000 	c:\Users\LENOVO\.cursor\extensions\redhat.java-1.44.0-win32-x64\jre\21.0.8-win32-x86_64\bin\server\jvm.dll
0x00007ffb99540000 - 0x00007ffb995f1000 	C:\WINDOWS\System32\ADVAPI32.dll
0x00007ffb99c70000 - 0x00007ffb99d0f000 	C:\WINDOWS\System32\sechost.dll
0x00007ffb99b40000 - 0x00007ffb99c63000 	C:\WINDOWS\System32\RPCRT4.dll
0x00007ffb975b0000 - 0x00007ffb975d7000 	C:\WINDOWS\System32\bcrypt.dll
0x00007ffb98430000 - 0x00007ffb9849b000 	C:\WINDOWS\System32\WS2_32.dll
0x00007ffb96a80000 - 0x00007ffb96acb000 	C:\WINDOWS\SYSTEM32\POWRPROF.dll
0x00007ffb85520000 - 0x00007ffb85547000 	C:\WINDOWS\SYSTEM32\WINMM.dll
0x00007ffb8cdc0000 - 0x00007ffb8cdca000 	C:\WINDOWS\SYSTEM32\VERSION.dll
0x00007ffb96940000 - 0x00007ffb96952000 	C:\WINDOWS\SYSTEM32\UMPDC.dll
0x00007ffb95db0000 - 0x00007ffb95dc2000 	C:\WINDOWS\SYSTEM32\kernel.appcore.dll
0x00007ffb886d0000 - 0x00007ffb886da000 	c:\Users\LENOVO\.cursor\extensions\redhat.java-1.44.0-win32-x64\jre\21.0.8-win32-x86_64\bin\jimage.dll
0x00007ffb85560000 - 0x00007ffb85761000 	C:\WINDOWS\SYSTEM32\DBGHELP.DLL
0x00007ffb84110000 - 0x00007ffb84144000 	C:\WINDOWS\SYSTEM32\dbgcore.DLL
0x00007ffb97b00000 - 0x00007ffb97b82000 	C:\WINDOWS\System32\bcryptPrimitives.dll
0x00007ffb88610000 - 0x00007ffb8861f000 	c:\Users\LENOVO\.cursor\extensions\redhat.java-1.44.0-win32-x64\jre\21.0.8-win32-x86_64\bin\instrument.dll
0x00007ffb71800000 - 0x00007ffb7181f000 	c:\Users\LENOVO\.cursor\extensions\redhat.java-1.44.0-win32-x64\jre\21.0.8-win32-x86_64\bin\java.dll
0x00007ffb98800000 - 0x00007ffb98f6e000 	C:\WINDOWS\System32\SHELL32.dll
0x00007ffb95570000 - 0x00007ffb95d14000 	C:\WINDOWS\SYSTEM32\windows.storage.dll
0x00007ffb997e0000 - 0x00007ffb99b33000 	C:\WINDOWS\System32\combase.dll
0x00007ffb96ed0000 - 0x00007ffb96efb000 	C:\WINDOWS\SYSTEM32\Wldp.dll
0x00007ffb996b0000 - 0x00007ffb9977d000 	C:\WINDOWS\System32\OLEAUT32.dll
0x00007ffb97f10000 - 0x00007ffb97fbd000 	C:\WINDOWS\System32\SHCORE.dll
0x00007ffb993a0000 - 0x00007ffb993fb000 	C:\WINDOWS\System32\shlwapi.dll
0x00007ffb974b0000 - 0x00007ffb974d4000 	C:\WINDOWS\SYSTEM32\profapi.dll
0x00007ffb704f0000 - 0x00007ffb70508000 	c:\Users\LENOVO\.cursor\extensions\redhat.java-1.44.0-win32-x64\jre\21.0.8-win32-x86_64\bin\zip.dll
0x00007ffb877d0000 - 0x00007ffb877e0000 	C:\Users\LENOVO\.cursor\extensions\redhat.java-1.44.0-win32-x64\jre\21.0.8-win32-x86_64\bin\net.dll
0x00007ffb952a0000 - 0x00007ffb953aa000 	C:\WINDOWS\SYSTEM32\WINHTTP.dll
0x00007ffb96cb0000 - 0x00007ffb96d1a000 	C:\WINDOWS\system32\mswsock.dll
0x00007ffb6f460000 - 0x00007ffb6f476000 	C:\Users\LENOVO\.cursor\extensions\redhat.java-1.44.0-win32-x64\jre\21.0.8-win32-x86_64\bin\nio.dll
0x00007ffb877b0000 - 0x00007ffb877c0000 	c:\Users\LENOVO\.cursor\extensions\redhat.java-1.44.0-win32-x64\jre\21.0.8-win32-x86_64\bin\verify.dll
0x00007ffb46fa0000 - 0x00007ffb46fe5000 	C:\Users\LENOVO\AppData\Roaming\Cursor\User\globalStorage\redhat.java\1.44.0\config_win\org.eclipse.equinox.launcher\org.eclipse.equinox.launcher.win32.win32.x86_64_1.2.1400.v20250730-1736\eclipse_11913.dll
0x00007ffb99400000 - 0x00007ffb9952b000 	C:\WINDOWS\System32\ole32.dll
0x00007ffb96f10000 - 0x00007ffb96f28000 	C:\WINDOWS\SYSTEM32\CRYPTSP.dll
0x00007ffb96580000 - 0x00007ffb965b8000 	C:\WINDOWS\system32\rsaenh.dll
0x00007ffb97430000 - 0x00007ffb9745e000 	C:\WINDOWS\SYSTEM32\USERENV.dll
0x00007ffb96e40000 - 0x00007ffb96e4c000 	C:\WINDOWS\SYSTEM32\CRYPTBASE.dll
0x00007ffb96960000 - 0x00007ffb9699b000 	C:\WINDOWS\SYSTEM32\IPHLPAPI.DLL
0x00007ffb984a0000 - 0x00007ffb984a8000 	C:\WINDOWS\System32\NSI.dll
0x00007ffb70b40000 - 0x00007ffb70b89000 	C:\Users\LENOVO\AppData\Local\Temp\jna--2053026509\jna11693983552427603308.dll
0x00007ffb99530000 - 0x00007ffb99538000 	C:\WINDOWS\System32\PSAPI.DLL
0x00007ffb903c0000 - 0x00007ffb903d7000 	C:\WINDOWS\SYSTEM32\dhcpcsvc6.DLL
0x00007ffb902f0000 - 0x00007ffb9030d000 	C:\WINDOWS\SYSTEM32\dhcpcsvc.DLL

JVMTI agents:
c:\Users\LENOVO\.cursor\extensions\redhat.java-1.44.0-win32-x64\lombok\lombok-1.18.39-4050.jar path:c:\Users\LENOVO\.cursor\extensions\redhat.java-1.44.0-win32-x64\jre\21.0.8-win32-x86_64\bin\instrument.dll, loaded, initialized, instrumentlib options:none

dbghelp: loaded successfully - version: 4.0.5 - missing functions: none
symbol engine: initialized successfully - sym options: 0x614 - pdb path: .;c:\Users\LENOVO\.cursor\extensions\redhat.java-1.44.0-win32-x64\jre\21.0.8-win32-x86_64\bin;C:\WINDOWS\SYSTEM32;C:\WINDOWS\WinSxS\amd64_microsoft.windows.common-controls_6595b64144ccf1df_6.0.19041.5915_none_60b4b9d171f9c7c7;c:\Users\LENOVO\.cursor\extensions\redhat.java-1.44.0-win32-x64\jre\21.0.8-win32-x86_64\bin\server;C:\Users\LENOVO\AppData\Roaming\Cursor\User\globalStorage\redhat.java\1.44.0\config_win\org.eclipse.equinox.launcher\org.eclipse.equinox.launcher.win32.win32.x86_64_1.2.1400.v20250730-1736;C:\Users\LENOVO\AppData\Local\Temp\jna--2053026509

VM Arguments:
jvm_args: --add-modules=ALL-SYSTEM --add-opens=java.base/java.util=ALL-UNNAMED --add-opens=java.base/java.lang=ALL-UNNAMED --add-opens=java.base/sun.nio.fs=ALL-UNNAMED -Declipse.application=org.eclipse.jdt.ls.core.id1 -Dosgi.bundles.defaultStartLevel=4 -Declipse.product=org.eclipse.jdt.ls.core.product -Djava.import.generatesMetadataFilesAtProjectRoot=false -DDetectVMInstallationsJob.disabled=true -Dfile.encoding=utf8 -XX:+UseParallelGC -XX:GCTimeRatio=4 -XX:AdaptiveSizePolicyWeight=90 -Dsun.zip.disableMemoryMapping=true -Xmx2G -Xms100m -Xlog:disable -javaagent:c:\Users\LENOVO\.cursor\extensions\redhat.java-1.44.0-win32-x64\lombok\lombok-1.18.39-4050.jar -XX:+HeapDumpOnOutOfMemoryError -XX:HeapDumpPath=c:\Users\LENOVO\AppData\Roaming\Cursor\User\workspaceStorage\6748ce0c91289b22e9b1ac29d8119738\redhat.java -Daether.dependencyCollector.impl=bf 
java_command: c:\Users\LENOVO\.cursor\extensions\redhat.java-1.44.0-win32-x64\server\plugins\org.eclipse.equinox.launcher_1.7.0.v20250519-0528.jar -configuration c:\Users\LENOVO\AppData\Roaming\Cursor\User\globalStorage\redhat.java\1.44.0\config_win -data c:\Users\LENOVO\AppData\Roaming\Cursor\User\workspaceStorage\6748ce0c91289b22e9b1ac29d8119738\redhat.java\jdt_ws --pipe=\\.\pipe\lsp-456cf3aefc69ac6d40c28302048cff6f-sock
java_class_path (initial): c:\Users\LENOVO\.cursor\extensions\redhat.java-1.44.0-win32-x64\server\plugins\org.eclipse.equinox.launcher_1.7.0.v20250519-0528.jar
Launcher Type: SUN_STANDARD

[Global flags]
    uintx AdaptiveSizePolicyWeight                 = 90                                        {product} {command line}
     intx CICompilerCount                          = 3                                         {product} {ergonomic}
    uintx GCTimeRatio                              = 4                                         {product} {command line}
     bool HeapDumpOnOutOfMemoryError               = true                                   {manageable} {command line}
    ccstr HeapDumpPath                             = c:\Users\LENOVO\AppData\Roaming\Cursor\User\workspaceStorage\6748ce0c91289b22e9b1ac29d8119738\redhat.java         {manageable} {command line}
   size_t InitialHeapSize                          = 104857600                                 {product} {command line}
   size_t MaxHeapSize                              = 2147483648                                {product} {command line}
   size_t MaxNewSize                               = 715653120                                 {product} {ergonomic}
   size_t MinHeapDeltaBytes                        = 524288                                    {product} {ergonomic}
   size_t MinHeapSize                              = 104857600                                 {product} {command line}
   size_t NewSize                                  = 34603008                                  {product} {ergonomic}
    uintx NonNMethodCodeHeapSize                   = 5832780                                {pd product} {ergonomic}
    uintx NonProfiledCodeHeapSize                  = 122912730                              {pd product} {ergonomic}
   size_t OldSize                                  = 70254592                                  {product} {ergonomic}
    uintx ProfiledCodeHeapSize                     = 122912730                              {pd product} {ergonomic}
    uintx ReservedCodeCacheSize                    = 251658240                              {pd product} {ergonomic}
     bool SegmentedCodeCache                       = true                                      {product} {ergonomic}
   size_t SoftMaxHeapSize                          = 2147483648                             {manageable} {ergonomic}
     bool UseCompressedOops                        = true                           {product lp64_product} {ergonomic}
     bool UseLargePagesIndividualAllocation        = false                                  {pd product} {ergonomic}
     bool UseParallelGC                            = true                                      {product} {command line}

Logging:
Log output configuration:
 #0: stdout all=off uptime,level,tags foldmultilines=false
 #1: stderr all=off uptime,level,tags foldmultilines=false

Environment Variables:
JAVA_HOME=C:\Program Files\Java\jdk-20
PATH=C:\Program Files\Common Files\Oracle\Java\javapath;C:\WINDOWS\system32;C:\WINDOWS;C:\WINDOWS\System32\Wbem;C:\WINDOWS\System32\WindowsPowerShell\v1.0\;C:\WINDOWS\System32\OpenSSH\;C:\Program Files\Java\jdk-20\bin;C:\Program Files\nodejs\;C:\Program Files\Git\cmd;C:\Program Files\Wondershare\Wondershare DemoCreator;C:\xampp\php;C:\ProgramData\ComposerSetup\bin;C:\Program Files\dotnet\;C:\Program Files\Docker\Docker\resources\bin;C:\Program Files\MySQL\MySQL Shell 8.0\bin\;C:\Users\LENOVO\AppData\Local\Programs\Python\Python311\Scripts\;C:\Users\LENOVO\AppData\Local\Programs\Python\Python311\;C:\Users\LENOVO\AppData\Local\Microsoft\WindowsApps;C:\Users\LENOVO\AppData\Local\GitHubDesktop\bin;C:\Users\LENOVO\AppData\Local\Programs\Microsoft VS Code\bin;C:\Users\LENOVO\AppData\Roaming\npm;C:\Users\LENOVO\AppData\Roaming\Composer\vendor\bin;C:\Users\LENOVO\AppData\Local\Programs\cursor\resources\app\bin;C:\php
USERNAME=LENOVO
OS=Windows_NT
PROCESSOR_IDENTIFIER=Intel64 Family 6 Model 142 Stepping 9, GenuineIntel
TMP=C:\Users\LENOVO\AppData\Local\Temp
TEMP=C:\Users\LENOVO\AppData\Local\Temp




Periodic native trim disabled

---------------  S Y S T E M  ---------------

OS:
 Windows 10 , 64 bit Build 19041 (10.0.19041.5915)
OS uptime: 6 days 2:58 hours
Hyper-V role detected

CPU: total 4 (initial active 4) (2 cores per cpu, 2 threads per core) family 6 model 142 stepping 9 microcode 0xb4, cx8, cmov, fxsr, ht, mmx, 3dnowpref, sse, sse2, sse3, ssse3, sse4.1, sse4.2, popcnt, lzcnt, tsc, tscinvbit, avx, avx2, aes, erms, clmul, bmi1, bmi2, rtm, adx, fma, vzeroupper, clflush, clflushopt, hv, rdtscp, f16c
Processor Information for the first 4 processors :
  Max Mhz: 2712, Current Mhz: 2611, Mhz Limit: 2603

Memory: 4k page, system-wide physical 16222M (2205M free)
TotalPageFile size 65374M (AvailPageFile size 5M)
current process WorkingSet (physical memory assigned to process): 278M, peak: 278M
current process commit charge ("private bytes"): 340M, peak: 341M

vm_info: OpenJDK 64-Bit Server VM (21.0.8+9-LTS) for windows-amd64 JRE (21.0.8+9-LTS), built on 2025-07-15T00:00:00Z by "admin" with MS VC++ 17.7 (VS2022)

END.
