#
# There is insufficient memory for the Java Runtime Environment to continue.
# Native memory allocation (malloc) failed to allocate 1267056 bytes. Error detail: Chunk::new
# Possible reasons:
#   The system is out of physical RAM or swap space
#   This process is running with CompressedOops enabled, and the Java Heap may be blocking the growth of the native heap
# Possible solutions:
#   Reduce memory load on the system
#   Increase physical memory or swap space
#   Check if swap backing store is full
#   Decrease Java heap size (-Xmx/-Xms)
#   Decrease number of Java threads
#   Decrease Java thread stack sizes (-Xss)
#   Set larger code cache with -XX:ReservedCodeCacheSize=
#   JVM is running with Unscaled Compressed Oops mode in which the Java heap is
#     placed in the first 4GB address space. The Java Heap base address is the
#     maximum limit for the native heap growth. Please use -XX:HeapBaseMinAddress
#     to set the Java Heap base and to place the Java Heap above 4GB virtual address.
# This output file may be truncated or incomplete.
#
#  Out of Memory Error (arena.cpp:168), pid=35788, tid=20216
#
# JRE version: OpenJDK Runtime Environment Temurin-21.0.8+9 (21.0.8+9) (build 21.0.8+9-LTS)
# Java VM: OpenJDK 64-Bit Server VM Temurin-21.0.8+9 (21.0.8+9-LTS, mixed mode, sharing, tiered, compressed oops, compressed class ptrs, parallel gc, windows-amd64)
# No core dump will be written. Minidumps are not enabled by default on client versions of Windows
#

---------------  S U M M A R Y ------------

Command Line: --add-modules=ALL-SYSTEM --add-opens=java.base/java.util=ALL-UNNAMED --add-opens=java.base/java.lang=ALL-UNNAMED --add-opens=java.base/sun.nio.fs=ALL-UNNAMED -Declipse.application=org.eclipse.jdt.ls.core.id1 -Dosgi.bundles.defaultStartLevel=4 -Declipse.product=org.eclipse.jdt.ls.core.product -Djava.import.generatesMetadataFilesAtProjectRoot=false -DDetectVMInstallationsJob.disabled=true -Dfile.encoding=utf8 -XX:+UseParallelGC -XX:GCTimeRatio=4 -XX:AdaptiveSizePolicyWeight=90 -Dsun.zip.disableMemoryMapping=true -Xmx2G -Xms100m -Xlog:disable -javaagent:c:\Users\LENOVO\.cursor\extensions\redhat.java-1.44.0-win32-x64\lombok\lombok-1.18.39-4050.jar -XX:+HeapDumpOnOutOfMemoryError -XX:HeapDumpPath=c:\Users\LENOVO\AppData\Roaming\Cursor\User\workspaceStorage\6748ce0c91289b22e9b1ac29d8119738\redhat.java -Daether.dependencyCollector.impl=bf c:\Users\LENOVO\.cursor\extensions\redhat.java-1.44.0-win32-x64\server\plugins\org.eclipse.equinox.launcher_1.7.0.v20250519-0528.jar -configuration c:\Users\LENOVO\AppData\Roaming\Cursor\User\globalStorage\redhat.java\1.44.0\config_win -data c:\Users\LENOVO\AppData\Roaming\Cursor\User\workspaceStorage\6748ce0c91289b22e9b1ac29d8119738\redhat.java\jdt_ws --pipe=\\.\pipe\lsp-ec810ee76c01e5e7a8d1be58a63f1a74-sock

Host: Intel(R) Core(TM) i5-7300U CPU @ 2.60GHz, 4 cores, 15G,  Windows 10 , 64 bit Build 19041 (10.0.19041.5915)
Time: Sat Aug  2 16:58:05 2025 elapsed time: 33.076580 seconds (0d 0h 0m 33s)

---------------  T H R E A D  ---------------

Current thread (0x000002599d357040):  JavaThread "C2 CompilerThread0" daemon [_thread_in_native, id=20216, stack(0x000000c1a5600000,0x000000c1a5700000) (1024K)]


Current CompileTask:
C2:33076 5232   !   4       org.eclipse.osgi.internal.loader.BundleLoader::findRequiredSource (283 bytes)

Stack: [0x000000c1a5600000,0x000000c1a5700000]
Native frames: (J=compiled Java code, j=interpreted, Vv=VM code, C=native code)
V  [jvm.dll+0x6d2449]
V  [jvm.dll+0x8ae341]
V  [jvm.dll+0x8b08be]
V  [jvm.dll+0x8b0fa3]
V  [jvm.dll+0x280c96]
V  [jvm.dll+0xc581d]
V  [jvm.dll+0xc5d53]
V  [jvm.dll+0x3b9162]
V  [jvm.dll+0x385315]
V  [jvm.dll+0x38477a]
V  [jvm.dll+0x248ed0]
V  [jvm.dll+0x2484af]
V  [jvm.dll+0x1c89ee]
V  [jvm.dll+0x257d4d]
V  [jvm.dll+0x2562ea]
V  [jvm.dll+0x3f2d16]
V  [jvm.dll+0x857e6b]
V  [jvm.dll+0x6d0b0d]
C  [ucrtbase.dll+0x21bb2]
C  [KERNEL32.DLL+0x17374]
C  [ntdll.dll+0x4cc91]


---------------  P R O C E S S  ---------------

Threads class SMR info:
_java_thread_list=0x00000259e704d070, length=34, elements={
0x00000259846f3ff0, 0x000002599d339030, 0x000002599d33a930, 0x000002599d33c4b0,
0x000002599d33d3c0, 0x000002599d345c90, 0x000002599d347e90, 0x000002599d357040,
0x000002599d35b850, 0x00000259869ceda0, 0x00000259e327ff60, 0x00000259e39e9660,
0x00000259e3700aa0, 0x00000259e3a157d0, 0x00000259e3a205a0, 0x00000259e3b51600,
0x00000259e399f080, 0x00000259e35ae0a0, 0x00000259e35ada10, 0x00000259e35b0170,
0x00000259e35aedc0, 0x00000259e35b0800, 0x00000259e35af450, 0x00000259e35ae730,
0x00000259e37784f0, 0x00000259e3778b80, 0x00000259e3777140, 0x00000259e3779210,
0x00000259e377c690, 0x00000259e377a5c0, 0x00000259e377cd20, 0x00000259e37798a0,
0x00000259e3779f30, 0x00000259e3776420
}

Java Threads: ( => current thread )
  0x00000259846f3ff0 JavaThread "main"                              [_thread_blocked, id=12152, stack(0x000000c1a4c00000,0x000000c1a4d00000) (1024K)]
  0x000002599d339030 JavaThread "Reference Handler"          daemon [_thread_blocked, id=32044, stack(0x000000c1a5000000,0x000000c1a5100000) (1024K)]
  0x000002599d33a930 JavaThread "Finalizer"                  daemon [_thread_blocked, id=16536, stack(0x000000c1a5100000,0x000000c1a5200000) (1024K)]
  0x000002599d33c4b0 JavaThread "Signal Dispatcher"          daemon [_thread_blocked, id=8592, stack(0x000000c1a5200000,0x000000c1a5300000) (1024K)]
  0x000002599d33d3c0 JavaThread "Attach Listener"            daemon [_thread_blocked, id=16856, stack(0x000000c1a5300000,0x000000c1a5400000) (1024K)]
  0x000002599d345c90 JavaThread "Service Thread"             daemon [_thread_blocked, id=18524, stack(0x000000c1a5400000,0x000000c1a5500000) (1024K)]
  0x000002599d347e90 JavaThread "Monitor Deflation Thread"   daemon [_thread_blocked, id=4316, stack(0x000000c1a5500000,0x000000c1a5600000) (1024K)]
=>0x000002599d357040 JavaThread "C2 CompilerThread0"         daemon [_thread_in_native, id=20216, stack(0x000000c1a5600000,0x000000c1a5700000) (1024K)]
  0x000002599d35b850 JavaThread "C1 CompilerThread0"         daemon [_thread_blocked, id=17008, stack(0x000000c1a5700000,0x000000c1a5800000) (1024K)]
  0x00000259869ceda0 JavaThread "Common-Cleaner"             daemon [_thread_blocked, id=21204, stack(0x000000c1a5800000,0x000000c1a5900000) (1024K)]
  0x00000259e327ff60 JavaThread "Notification Thread"        daemon [_thread_blocked, id=8252, stack(0x000000c1a5900000,0x000000c1a5a00000) (1024K)]
  0x00000259e39e9660 JavaThread "Active Thread: Equinox Container: 70481b67-5653-440c-968f-559851ab58c0"        [_thread_blocked, id=35328, stack(0x000000c1a5a00000,0x000000c1a5b00000) (1024K)]
  0x00000259e3700aa0 JavaThread "Refresh Thread: Equinox Container: 70481b67-5653-440c-968f-559851ab58c0" daemon [_thread_blocked, id=35264, stack(0x000000c1a5e00000,0x000000c1a5f00000) (1024K)]
  0x00000259e3a157d0 JavaThread "Framework Event Dispatcher: Equinox Container: 70481b67-5653-440c-968f-559851ab58c0" daemon [_thread_blocked, id=34984, stack(0x000000c1a5f00000,0x000000c1a6000000) (1024K)]
  0x00000259e3a205a0 JavaThread "Start Level: Equinox Container: 70481b67-5653-440c-968f-559851ab58c0" daemon [_thread_blocked, id=32024, stack(0x000000c1a6000000,0x000000c1a6100000) (1024K)]
  0x00000259e3b51600 JavaThread "Bundle File Closer"         daemon [_thread_blocked, id=1316, stack(0x000000c1a6100000,0x000000c1a6200000) (1024K)]
  0x00000259e399f080 JavaThread "SCR Component Actor"        daemon [_thread_blocked, id=2184, stack(0x000000c1a6200000,0x000000c1a6300000) (1024K)]
  0x00000259e35ae0a0 JavaThread "Worker-JM"                         [_thread_blocked, id=34152, stack(0x000000c1a6400000,0x000000c1a6500000) (1024K)]
  0x00000259e35ada10 JavaThread "JNA Cleaner"                daemon [_thread_blocked, id=1064, stack(0x000000c1a6500000,0x000000c1a6600000) (1024K)]
  0x00000259e35b0170 JavaThread "Worker-0: Repository registry initialization"        [_thread_blocked, id=22880, stack(0x000000c1a6600000,0x000000c1a6700000) (1024K)]
  0x00000259e35aedc0 JavaThread "Worker-1: Updating Maven Dependencies"        [_thread_in_Java, id=5516, stack(0x000000c1a6700000,0x000000c1a6800000) (1024K)]
  0x00000259e35b0800 JavaThread "Worker-2"                          [_thread_blocked, id=34168, stack(0x000000c1a6800000,0x000000c1a6900000) (1024K)]
  0x00000259e35af450 JavaThread "Worker-3: Initialize After Load"        [_thread_blocked, id=17112, stack(0x000000c1a6900000,0x000000c1a6a00000) (1024K)]
  0x00000259e35ae730 JavaThread "Java indexing"              daemon [_thread_blocked, id=28728, stack(0x000000c1a6a00000,0x000000c1a6b00000) (1024K)]
  0x00000259e37784f0 JavaThread "Worker-4"                          [_thread_blocked, id=6600, stack(0x000000c1a6c00000,0x000000c1a6d00000) (1024K)]
  0x00000259e3778b80 JavaThread "Worker-5"                          [_thread_blocked, id=31172, stack(0x000000c1a6d00000,0x000000c1a6e00000) (1024K)]
  0x00000259e3777140 JavaThread "Thread-2"                   daemon [_thread_in_native, id=29376, stack(0x000000c1a6f00000,0x000000c1a7000000) (1024K)]
  0x00000259e3779210 JavaThread "Thread-3"                   daemon [_thread_in_native, id=20544, stack(0x000000c1a7000000,0x000000c1a7100000) (1024K)]
  0x00000259e377c690 JavaThread "Thread-4"                   daemon [_thread_in_native, id=23492, stack(0x000000c1a7100000,0x000000c1a7200000) (1024K)]
  0x00000259e377a5c0 JavaThread "Thread-5"                   daemon [_thread_in_native, id=6956, stack(0x000000c1a7200000,0x000000c1a7300000) (1024K)]
  0x00000259e377cd20 JavaThread "Thread-6"                   daemon [_thread_in_native, id=4044, stack(0x000000c1a7300000,0x000000c1a7400000) (1024K)]
  0x00000259e37798a0 JavaThread "pool-2-thread-1"                   [_thread_blocked, id=14748, stack(0x000000c1a7400000,0x000000c1a7500000) (1024K)]
  0x00000259e3779f30 JavaThread "WorkspaceEventsHandler"            [_thread_blocked, id=15680, stack(0x000000c1a7500000,0x000000c1a7600000) (1024K)]
  0x00000259e3776420 JavaThread "pool-1-thread-1"                   [_thread_blocked, id=35108, stack(0x000000c1a7600000,0x000000c1a7700000) (1024K)]
Total: 34

Other Threads:
  0x0000025986a1fbb0 VMThread "VM Thread"                           [id=1508, stack(0x000000c1a4f00000,0x000000c1a5000000) (1024K)]
  0x00000259869ce010 WatcherThread "VM Periodic Task Thread"        [id=8676, stack(0x000000c1a4e00000,0x000000c1a4f00000) (1024K)]
  0x0000025986981310 WorkerThread "GC Thread#0"                     [id=29640, stack(0x000000c1a4d00000,0x000000c1a4e00000) (1024K)]
  0x00000259e361fa20 WorkerThread "GC Thread#1"                     [id=29660, stack(0x000000c1a5b00000,0x000000c1a5c00000) (1024K)]
  0x00000259e33a1120 WorkerThread "GC Thread#2"                     [id=30496, stack(0x000000c1a5c00000,0x000000c1a5d00000) (1024K)]
  0x00000259e33a14c0 WorkerThread "GC Thread#3"                     [id=13432, stack(0x000000c1a5d00000,0x000000c1a5e00000) (1024K)]
Total: 6

Threads with active compile tasks:
C2 CompilerThread0  33141 5232   !   4       org.eclipse.osgi.internal.loader.BundleLoader::findRequiredSource (283 bytes)
Total: 1

VM state: not at safepoint (normal execution)

VM Mutex/Monitor currently owned by a thread: None

Heap address: 0x0000000080000000, size: 2048 MB, Compressed Oops mode: 32-bit

CDS archive(s) mapped at: [0x000002599e000000-0x000002599eba0000-0x000002599eba0000), size 12189696, SharedBaseAddress: 0x000002599e000000, ArchiveRelocationMode: 1.
Compressed class space mapped at: 0x000002599f000000-0x00000259df000000, reserved size: 1073741824
Narrow klass base: 0x000002599e000000, Narrow klass shift: 0, Narrow klass range: 0x100000000

GC Precious Log:
 CardTable entry size: 512
 CPUs: 4 total, 4 available
 Memory: 16222M
 Large Page Support: Disabled
 NUMA Support: Disabled
 Compressed Oops: Enabled (32-bit)
 Alignments: Space 512K, Generation 512K, Heap 2M
 Heap Min Capacity: 100M
 Heap Initial Capacity: 100M
 Heap Max Capacity: 2G
 Pre-touch: Disabled
 Parallel Workers: 4

Heap:
 PSYoungGen      total 24064K, used 15104K [0x00000000d5580000, 0x00000000d7100000, 0x0000000100000000)
  eden space 22016K, 63% used [0x00000000d5580000,0x00000000d6320308,0x00000000d6b00000)
  from space 2048K, 56% used [0x00000000d6d00000,0x00000000d6e20000,0x00000000d6f00000)
  to   space 1536K, 0% used [0x00000000d6f80000,0x00000000d6f80000,0x00000000d7100000)
 ParOldGen       total 68608K, used 18894K [0x0000000080000000, 0x0000000084300000, 0x00000000d5580000)
  object space 68608K, 27% used [0x0000000080000000,0x0000000081273ae0,0x0000000084300000)
 Metaspace       used 41799K, committed 42880K, reserved 1114112K
  class space    used 4507K, committed 4928K, reserved 1048576K

Card table byte_map: [0x0000025986320000,0x0000025986730000] _byte_map_base: 0x0000025985f20000

Marking Bits: (ParMarkBitMap*) 0x00007ffacf4fa340
 Begin Bits: [0x0000025998e10000, 0x000002599ae10000)
 End Bits:   [0x000002599ae10000, 0x000002599ce10000)

Polling page: 0x0000025984960000

Metaspace:

Usage:
  Non-class:     36.42 MB used.
      Class:      4.40 MB used.
       Both:     40.82 MB used.

Virtual space:
  Non-class space:       64.00 MB reserved,      37.06 MB ( 58%) committed,  1 nodes.
      Class space:        1.00 GB reserved,       4.81 MB ( <1%) committed,  1 nodes.
             Both:        1.06 GB reserved,      41.88 MB (  4%) committed. 

Chunk freelists:
   Non-Class:  10.92 MB
       Class:  11.00 MB
        Both:  21.92 MB

MaxMetaspaceSize: unlimited
CompressedClassSpaceSize: 1.00 GB
Initial GC threshold: 21.00 MB
Current GC threshold: 58.38 MB
CDS: on
 - commit_granule_bytes: 65536.
 - commit_granule_words: 8192.
 - virtual_space_node_default_size: 8388608.
 - enlarge_chunks_in_place: 1.
 - use_allocation_guard: 0.


Internal statistics:

num_allocs_failed_limit: 6.
num_arena_births: 790.
num_arena_deaths: 14.
num_vsnodes_births: 2.
num_vsnodes_deaths: 0.
num_space_committed: 670.
num_space_uncommitted: 0.
num_chunks_returned_to_freelist: 20.
num_chunks_taken_from_freelist: 2615.
num_chunk_merges: 10.
num_chunk_splits: 1648.
num_chunks_enlarged: 989.
num_inconsistent_stats: 0.

CodeHeap 'non-profiled nmethods': size=120000Kb used=2602Kb max_used=2602Kb free=117397Kb
 bounds [0x0000025991630000, 0x00000259918e0000, 0x0000025998b60000]
CodeHeap 'profiled nmethods': size=120000Kb used=9825Kb max_used=10204Kb free=110174Kb
 bounds [0x0000025989b60000, 0x000002598a560000, 0x0000025991090000]
CodeHeap 'non-nmethods': size=5760Kb used=1359Kb max_used=1439Kb free=4400Kb
 bounds [0x0000025991090000, 0x0000025991300000, 0x0000025991630000]
CodeCache: size=245760Kb, used=13786Kb, max_used=14245Kb, free=231971Kb
 total_blobs=5527, nmethods=4870, adapters=563, full_count=0
Compilation: enabled, stopped_count=0, restarted_count=0

Compilation events (20 events):
Event: 33.040 Thread 0x000002599d35b850 5449       3       com.google.inject.spi.InjectionPoint::<init> (67 bytes)
Event: 33.041 Thread 0x000002599d35b850 nmethod 5449 0x0000025989d5ba90 code [0x0000025989d5bca0, 0x0000025989d5c3f0]
Event: 33.041 Thread 0x000002599d35b850 5448       1       com.google.inject.internal.KotlinSupport$KotlinUnsupported::isLocalClass (2 bytes)
Event: 33.042 Thread 0x000002599d35b850 nmethod 5448 0x0000025991684790 code [0x0000025991684920, 0x00000259916849e8]
Event: 33.043 Thread 0x000002599d35b850 5450       3       com.google.common.collect.Iterators::singletonIterator (9 bytes)
Event: 33.043 Thread 0x000002599d35b850 nmethod 5450 0x0000025989e4f310 code [0x0000025989e4f4c0, 0x0000025989e4f740]
Event: 33.044 Thread 0x000002599d35b850 5451       3       com.google.common.collect.Iterators$SingletonIterator::next (25 bytes)
Event: 33.044 Thread 0x000002599d35b850 nmethod 5451 0x0000025989e4ee10 code [0x0000025989e4efc0, 0x0000025989e4f1e0]
Event: 33.066 Thread 0x000002599d35b850 5452       3       java.lang.Class::protectionDomain (48 bytes)
Event: 33.066 Thread 0x000002599d35b850 nmethod 5452 0x0000025989e4e410 code [0x0000025989e4e640, 0x0000025989e4ec18]
Event: 33.070 Thread 0x000002599d35b850 5453       3       java.util.logging.LogManager::getProperty (9 bytes)
Event: 33.070 Thread 0x000002599d35b850 nmethod 5453 0x0000025989e4de10 code [0x0000025989e4dfc0, 0x0000025989e4e198]
Event: 33.070 Thread 0x000002599d35b850 5454       3       com.google.common.cache.LocalCache::recordsWrite (20 bytes)
Event: 33.071 Thread 0x000002599d35b850 nmethod 5454 0x0000025989bb2110 code [0x0000025989bb22c0, 0x0000025989bb25e0]
Event: 33.071 Thread 0x000002599d35b850 5455       3       com.google.common.collect.RegularImmutableList::size (6 bytes)
Event: 33.071 Thread 0x000002599d35b850 nmethod 5455 0x0000025989bb1d90 code [0x0000025989bb1f20, 0x0000025989bb2038]
Event: 33.071 Thread 0x000002599d35b850 5456       1       com.google.inject.spi.InjectionPoint::getMember (5 bytes)
Event: 33.071 Thread 0x000002599d35b850 nmethod 5456 0x0000025991690e10 code [0x0000025991690fa0, 0x0000025991691068]
Event: 33.073 Thread 0x000002599d35b850 5457       3       com.google.inject.internal.asm.$SymbolTable::get (13 bytes)
Event: 33.073 Thread 0x000002599d35b850 nmethod 5457 0x0000025989bb1990 code [0x0000025989bb1b40, 0x0000025989bb1c98]

GC Heap History (20 events):
Event: 16.130 GC heap before
{Heap before GC invocations=8 (full 1):
 PSYoungGen      total 28672K, used 4017K [0x00000000d5580000, 0x00000000d7680000, 0x0000000100000000)
  eden space 24576K, 0% used [0x00000000d5580000,0x00000000d5580000,0x00000000d6d80000)
  from space 4096K, 98% used [0x00000000d6e80000,0x00000000d726c7b0,0x00000000d7280000)
  to   space 4096K, 0% used [0x00000000d7280000,0x00000000d7280000,0x00000000d7680000)
 ParOldGen       total 68608K, used 9478K [0x0000000080000000, 0x0000000084300000, 0x00000000d5580000)
  object space 68608K, 13% used [0x0000000080000000,0x0000000080941af8,0x0000000084300000)
 Metaspace       used 20796K, committed 21504K, reserved 1114112K
  class space    used 2189K, committed 2496K, reserved 1048576K
}
Event: 16.221 GC heap after
{Heap after GC invocations=8 (full 1):
 PSYoungGen      total 28672K, used 0K [0x00000000d5580000, 0x00000000d7680000, 0x0000000100000000)
  eden space 24576K, 0% used [0x00000000d5580000,0x00000000d5580000,0x00000000d6d80000)
  from space 4096K, 0% used [0x00000000d6e80000,0x00000000d6e80000,0x00000000d7280000)
  to   space 4096K, 0% used [0x00000000d7280000,0x00000000d7280000,0x00000000d7680000)
 ParOldGen       total 68608K, used 12439K [0x0000000080000000, 0x0000000084300000, 0x00000000d5580000)
  object space 68608K, 18% used [0x0000000080000000,0x0000000080c25ef0,0x0000000084300000)
 Metaspace       used 20783K, committed 21504K, reserved 1114112K
  class space    used 2185K, committed 2496K, reserved 1048576K
}
Event: 16.863 GC heap before
{Heap before GC invocations=9 (full 1):
 PSYoungGen      total 28672K, used 24562K [0x00000000d5580000, 0x00000000d7680000, 0x0000000100000000)
  eden space 24576K, 99% used [0x00000000d5580000,0x00000000d6d7c888,0x00000000d6d80000)
  from space 4096K, 0% used [0x00000000d6e80000,0x00000000d6e80000,0x00000000d7280000)
  to   space 4096K, 0% used [0x00000000d7280000,0x00000000d7280000,0x00000000d7680000)
 ParOldGen       total 68608K, used 12439K [0x0000000080000000, 0x0000000084300000, 0x00000000d5580000)
  object space 68608K, 18% used [0x0000000080000000,0x0000000080c25ef0,0x0000000084300000)
 Metaspace       used 23296K, committed 24128K, reserved 1114112K
  class space    used 2348K, committed 2688K, reserved 1048576K
}
Event: 16.865 GC heap after
{Heap after GC invocations=9 (full 1):
 PSYoungGen      total 25088K, used 600K [0x00000000d5580000, 0x00000000d7380000, 0x0000000100000000)
  eden space 24064K, 0% used [0x00000000d5580000,0x00000000d5580000,0x00000000d6d00000)
  from space 1024K, 58% used [0x00000000d7280000,0x00000000d7316180,0x00000000d7380000)
  to   space 2048K, 0% used [0x00000000d6f80000,0x00000000d6f80000,0x00000000d7180000)
 ParOldGen       total 68608K, used 12447K [0x0000000080000000, 0x0000000084300000, 0x00000000d5580000)
  object space 68608K, 18% used [0x0000000080000000,0x0000000080c27ef0,0x0000000084300000)
 Metaspace       used 23296K, committed 24128K, reserved 1114112K
  class space    used 2348K, committed 2688K, reserved 1048576K
}
Event: 19.557 GC heap before
{Heap before GC invocations=10 (full 1):
 PSYoungGen      total 25088K, used 24664K [0x00000000d5580000, 0x00000000d7380000, 0x0000000100000000)
  eden space 24064K, 100% used [0x00000000d5580000,0x00000000d6d00000,0x00000000d6d00000)
  from space 1024K, 58% used [0x00000000d7280000,0x00000000d7316180,0x00000000d7380000)
  to   space 2048K, 0% used [0x00000000d6f80000,0x00000000d6f80000,0x00000000d7180000)
 ParOldGen       total 68608K, used 12447K [0x0000000080000000, 0x0000000084300000, 0x00000000d5580000)
  object space 68608K, 18% used [0x0000000080000000,0x0000000080c27ef0,0x0000000084300000)
 Metaspace       used 26748K, committed 27584K, reserved 1114112K
  class space    used 2675K, committed 3008K, reserved 1048576K
}
Event: 19.561 GC heap after
{Heap after GC invocations=10 (full 1):
 PSYoungGen      total 25600K, used 963K [0x00000000d5580000, 0x00000000d7300000, 0x0000000100000000)
  eden space 23552K, 0% used [0x00000000d5580000,0x00000000d5580000,0x00000000d6c80000)
  from space 2048K, 47% used [0x00000000d6f80000,0x00000000d7070ff0,0x00000000d7180000)
  to   space 1536K, 0% used [0x00000000d7180000,0x00000000d7180000,0x00000000d7300000)
 ParOldGen       total 68608K, used 12455K [0x0000000080000000, 0x0000000084300000, 0x00000000d5580000)
  object space 68608K, 18% used [0x0000000080000000,0x0000000080c29ef0,0x0000000084300000)
 Metaspace       used 26748K, committed 27584K, reserved 1114112K
  class space    used 2675K, committed 3008K, reserved 1048576K
}
Event: 23.058 GC heap before
{Heap before GC invocations=11 (full 1):
 PSYoungGen      total 25600K, used 24514K [0x00000000d5580000, 0x00000000d7300000, 0x0000000100000000)
  eden space 23552K, 99% used [0x00000000d5580000,0x00000000d6c7fa30,0x00000000d6c80000)
  from space 2048K, 47% used [0x00000000d6f80000,0x00000000d7070ff0,0x00000000d7180000)
  to   space 1536K, 0% used [0x00000000d7180000,0x00000000d7180000,0x00000000d7300000)
 ParOldGen       total 68608K, used 12455K [0x0000000080000000, 0x0000000084300000, 0x00000000d5580000)
  object space 68608K, 18% used [0x0000000080000000,0x0000000080c29ef0,0x0000000084300000)
 Metaspace       used 28732K, committed 29696K, reserved 1114112K
  class space    used 2887K, committed 3328K, reserved 1048576K
}
Event: 23.064 GC heap after
{Heap after GC invocations=11 (full 1):
 PSYoungGen      total 24576K, used 1499K [0x00000000d5580000, 0x00000000d7300000, 0x0000000100000000)
  eden space 23040K, 0% used [0x00000000d5580000,0x00000000d5580000,0x00000000d6c00000)
  from space 1536K, 97% used [0x00000000d7180000,0x00000000d72f6da0,0x00000000d7300000)
  to   space 2048K, 0% used [0x00000000d6f00000,0x00000000d6f00000,0x00000000d7100000)
 ParOldGen       total 68608K, used 13678K [0x0000000080000000, 0x0000000084300000, 0x00000000d5580000)
  object space 68608K, 19% used [0x0000000080000000,0x0000000080d5b9e8,0x0000000084300000)
 Metaspace       used 28732K, committed 29696K, reserved 1114112K
  class space    used 2887K, committed 3328K, reserved 1048576K
}
Event: 26.094 GC heap before
{Heap before GC invocations=12 (full 1):
 PSYoungGen      total 24576K, used 24539K [0x00000000d5580000, 0x00000000d7300000, 0x0000000100000000)
  eden space 23040K, 100% used [0x00000000d5580000,0x00000000d6c00000,0x00000000d6c00000)
  from space 1536K, 97% used [0x00000000d7180000,0x00000000d72f6da0,0x00000000d7300000)
  to   space 2048K, 0% used [0x00000000d6f00000,0x00000000d6f00000,0x00000000d7100000)
 ParOldGen       total 68608K, used 13678K [0x0000000080000000, 0x0000000084300000, 0x00000000d5580000)
  object space 68608K, 19% used [0x0000000080000000,0x0000000080d5b9e8,0x0000000084300000)
 Metaspace       used 30726K, committed 31616K, reserved 1114112K
  class space    used 3132K, committed 3520K, reserved 1048576K
}
Event: 26.099 GC heap after
{Heap after GC invocations=12 (full 1):
 PSYoungGen      total 24064K, used 1196K [0x00000000d5580000, 0x00000000d7200000, 0x0000000100000000)
  eden space 22528K, 0% used [0x00000000d5580000,0x00000000d5580000,0x00000000d6b80000)
  from space 1536K, 77% used [0x00000000d6f00000,0x00000000d702b190,0x00000000d7080000)
  to   space 1536K, 0% used [0x00000000d7080000,0x00000000d7080000,0x00000000d7200000)
 ParOldGen       total 68608K, used 15086K [0x0000000080000000, 0x0000000084300000, 0x00000000d5580000)
  object space 68608K, 21% used [0x0000000080000000,0x0000000080ebb828,0x0000000084300000)
 Metaspace       used 30726K, committed 31616K, reserved 1114112K
  class space    used 3132K, committed 3520K, reserved 1048576K
}
Event: 27.669 GC heap before
{Heap before GC invocations=13 (full 1):
 PSYoungGen      total 24064K, used 23705K [0x00000000d5580000, 0x00000000d7200000, 0x0000000100000000)
  eden space 22528K, 99% used [0x00000000d5580000,0x00000000d6b7b298,0x00000000d6b80000)
  from space 1536K, 77% used [0x00000000d6f00000,0x00000000d702b190,0x00000000d7080000)
  to   space 1536K, 0% used [0x00000000d7080000,0x00000000d7080000,0x00000000d7200000)
 ParOldGen       total 68608K, used 15086K [0x0000000080000000, 0x0000000084300000, 0x00000000d5580000)
  object space 68608K, 21% used [0x0000000080000000,0x0000000080ebb828,0x0000000084300000)
 Metaspace       used 33293K, committed 34304K, reserved 1114112K
  class space    used 3419K, committed 3840K, reserved 1048576K
}
Event: 27.676 GC heap after
{Heap after GC invocations=13 (full 1):
 PSYoungGen      total 23552K, used 1074K [0x00000000d5580000, 0x00000000d7200000, 0x0000000100000000)
  eden space 22016K, 0% used [0x00000000d5580000,0x00000000d5580000,0x00000000d6b00000)
  from space 1536K, 69% used [0x00000000d7080000,0x00000000d718c820,0x00000000d7200000)
  to   space 1536K, 0% used [0x00000000d6f00000,0x00000000d6f00000,0x00000000d7080000)
 ParOldGen       total 68608K, used 16086K [0x0000000080000000, 0x0000000084300000, 0x00000000d5580000)
  object space 68608K, 23% used [0x0000000080000000,0x0000000080fb5978,0x0000000084300000)
 Metaspace       used 33293K, committed 34304K, reserved 1114112K
  class space    used 3419K, committed 3840K, reserved 1048576K
}
Event: 28.931 GC heap before
{Heap before GC invocations=14 (full 1):
 PSYoungGen      total 23552K, used 16229K [0x00000000d5580000, 0x00000000d7200000, 0x0000000100000000)
  eden space 22016K, 68% used [0x00000000d5580000,0x00000000d644cda0,0x00000000d6b00000)
  from space 1536K, 69% used [0x00000000d7080000,0x00000000d718c820,0x00000000d7200000)
  to   space 1536K, 0% used [0x00000000d6f00000,0x00000000d6f00000,0x00000000d7080000)
 ParOldGen       total 68608K, used 16086K [0x0000000080000000, 0x0000000084300000, 0x00000000d5580000)
  object space 68608K, 23% used [0x0000000080000000,0x0000000080fb5978,0x0000000084300000)
 Metaspace       used 34793K, committed 35840K, reserved 1114112K
  class space    used 3608K, committed 4096K, reserved 1048576K
}
Event: 28.938 GC heap after
{Heap after GC invocations=14 (full 1):
 PSYoungGen      total 23552K, used 1218K [0x00000000d5580000, 0x00000000d7100000, 0x0000000100000000)
  eden space 22016K, 0% used [0x00000000d5580000,0x00000000d5580000,0x00000000d6b00000)
  from space 1536K, 79% used [0x00000000d6f00000,0x00000000d7030b88,0x00000000d7080000)
  to   space 512K, 0% used [0x00000000d7080000,0x00000000d7080000,0x00000000d7100000)
 ParOldGen       total 68608K, used 16942K [0x0000000080000000, 0x0000000084300000, 0x00000000d5580000)
  object space 68608K, 24% used [0x0000000080000000,0x000000008108b8d8,0x0000000084300000)
 Metaspace       used 34793K, committed 35840K, reserved 1114112K
  class space    used 3608K, committed 4096K, reserved 1048576K
}
Event: 28.938 GC heap before
{Heap before GC invocations=15 (full 2):
 PSYoungGen      total 23552K, used 1218K [0x00000000d5580000, 0x00000000d7100000, 0x0000000100000000)
  eden space 22016K, 0% used [0x00000000d5580000,0x00000000d5580000,0x00000000d6b00000)
  from space 1536K, 79% used [0x00000000d6f00000,0x00000000d7030b88,0x00000000d7080000)
  to   space 512K, 0% used [0x00000000d7080000,0x00000000d7080000,0x00000000d7100000)
 ParOldGen       total 68608K, used 16942K [0x0000000080000000, 0x0000000084300000, 0x00000000d5580000)
  object space 68608K, 24% used [0x0000000080000000,0x000000008108b8d8,0x0000000084300000)
 Metaspace       used 34793K, committed 35840K, reserved 1114112K
  class space    used 3608K, committed 4096K, reserved 1048576K
}
Event: 29.030 GC heap after
{Heap after GC invocations=15 (full 2):
 PSYoungGen      total 23552K, used 0K [0x00000000d5580000, 0x00000000d7100000, 0x0000000100000000)
  eden space 22016K, 0% used [0x00000000d5580000,0x00000000d5580000,0x00000000d6b00000)
  from space 1536K, 0% used [0x00000000d6f00000,0x00000000d6f00000,0x00000000d7080000)
  to   space 512K, 0% used [0x00000000d7080000,0x00000000d7080000,0x00000000d7100000)
 ParOldGen       total 68608K, used 17366K [0x0000000080000000, 0x0000000084300000, 0x00000000d5580000)
  object space 68608K, 25% used [0x0000000080000000,0x00000000810f5ad0,0x0000000084300000)
 Metaspace       used 34793K, committed 35840K, reserved 1114112K
  class space    used 3608K, committed 4096K, reserved 1048576K
}
Event: 30.102 GC heap before
{Heap before GC invocations=16 (full 2):
 PSYoungGen      total 23552K, used 22015K [0x00000000d5580000, 0x00000000d7100000, 0x0000000100000000)
  eden space 22016K, 99% used [0x00000000d5580000,0x00000000d6affff0,0x00000000d6b00000)
  from space 1536K, 0% used [0x00000000d6f00000,0x00000000d6f00000,0x00000000d7080000)
  to   space 512K, 0% used [0x00000000d7080000,0x00000000d7080000,0x00000000d7100000)
 ParOldGen       total 68608K, used 17366K [0x0000000080000000, 0x0000000084300000, 0x00000000d5580000)
  object space 68608K, 25% used [0x0000000080000000,0x00000000810f5ad0,0x0000000084300000)
 Metaspace       used 37609K, committed 38720K, reserved 1114112K
  class space    used 3958K, committed 4416K, reserved 1048576K
}
Event: 30.107 GC heap after
{Heap after GC invocations=16 (full 2):
 PSYoungGen      total 22528K, used 512K [0x00000000d5580000, 0x00000000d7100000, 0x0000000100000000)
  eden space 22016K, 0% used [0x00000000d5580000,0x00000000d5580000,0x00000000d6b00000)
  from space 512K, 100% used [0x00000000d7080000,0x00000000d7100000,0x00000000d7100000)
  to   space 2048K, 0% used [0x00000000d6d00000,0x00000000d6d00000,0x00000000d6f00000)
 ParOldGen       total 68608K, used 18438K [0x0000000080000000, 0x0000000084300000, 0x00000000d5580000)
  object space 68608K, 26% used [0x0000000080000000,0x0000000081201ad0,0x0000000084300000)
 Metaspace       used 37609K, committed 38720K, reserved 1114112K
  class space    used 3958K, committed 4416K, reserved 1048576K
}
Event: 32.198 GC heap before
{Heap before GC invocations=17 (full 2):
 PSYoungGen      total 22528K, used 22528K [0x00000000d5580000, 0x00000000d7100000, 0x0000000100000000)
  eden space 22016K, 100% used [0x00000000d5580000,0x00000000d6b00000,0x00000000d6b00000)
  from space 512K, 100% used [0x00000000d7080000,0x00000000d7100000,0x00000000d7100000)
  to   space 2048K, 0% used [0x00000000d6d00000,0x00000000d6d00000,0x00000000d6f00000)
 ParOldGen       total 68608K, used 18438K [0x0000000080000000, 0x0000000084300000, 0x00000000d5580000)
  object space 68608K, 26% used [0x0000000080000000,0x0000000081201ad0,0x0000000084300000)
 Metaspace       used 40058K, committed 41152K, reserved 1114112K
  class space    used 4288K, committed 4736K, reserved 1048576K
}
Event: 32.202 GC heap after
{Heap after GC invocations=17 (full 2):
 PSYoungGen      total 24064K, used 1152K [0x00000000d5580000, 0x00000000d7100000, 0x0000000100000000)
  eden space 22016K, 0% used [0x00000000d5580000,0x00000000d5580000,0x00000000d6b00000)
  from space 2048K, 56% used [0x00000000d6d00000,0x00000000d6e20000,0x00000000d6f00000)
  to   space 1536K, 0% used [0x00000000d6f80000,0x00000000d6f80000,0x00000000d7100000)
 ParOldGen       total 68608K, used 18894K [0x0000000080000000, 0x0000000084300000, 0x00000000d5580000)
  object space 68608K, 27% used [0x0000000080000000,0x0000000081273ae0,0x0000000084300000)
 Metaspace       used 40058K, committed 41152K, reserved 1114112K
  class space    used 4288K, committed 4736K, reserved 1048576K
}

Dll operation events (10 events):
Event: 0.017 Loaded shared library c:\Users\LENOVO\.cursor\extensions\redhat.java-1.44.0-win32-x64\jre\21.0.8-win32-x86_64\bin\java.dll
Event: 0.183 Loaded shared library c:\Users\LENOVO\.cursor\extensions\redhat.java-1.44.0-win32-x64\jre\21.0.8-win32-x86_64\bin\zip.dll
Event: 0.238 Loaded shared library C:\Users\LENOVO\.cursor\extensions\redhat.java-1.44.0-win32-x64\jre\21.0.8-win32-x86_64\bin\instrument.dll
Event: 0.251 Loaded shared library C:\Users\LENOVO\.cursor\extensions\redhat.java-1.44.0-win32-x64\jre\21.0.8-win32-x86_64\bin\net.dll
Event: 0.256 Loaded shared library C:\Users\LENOVO\.cursor\extensions\redhat.java-1.44.0-win32-x64\jre\21.0.8-win32-x86_64\bin\nio.dll
Event: 0.264 Loaded shared library C:\Users\LENOVO\.cursor\extensions\redhat.java-1.44.0-win32-x64\jre\21.0.8-win32-x86_64\bin\zip.dll
Event: 0.309 Loaded shared library C:\Users\LENOVO\.cursor\extensions\redhat.java-1.44.0-win32-x64\jre\21.0.8-win32-x86_64\bin\jimage.dll
Event: 0.518 Loaded shared library c:\Users\LENOVO\.cursor\extensions\redhat.java-1.44.0-win32-x64\jre\21.0.8-win32-x86_64\bin\verify.dll
Event: 5.309 Loaded shared library C:\Users\LENOVO\AppData\Roaming\Cursor\User\globalStorage\redhat.java\1.44.0\config_win\org.eclipse.equinox.launcher\org.eclipse.equinox.launcher.win32.win32.x86_64_1.2.1400.v20250730-1736\eclipse_11913.dll
Event: 11.800 Loaded shared library C:\Users\LENOVO\AppData\Local\Temp\jna--2053026509\jna17920620462423588101.dll

Deoptimization events (20 events):
Event: 32.364 Thread 0x00000259e35aedc0 Uncommon trap: trap_request=0xffffff45 fr.pc=0x0000025991894228 relative=0x0000000000000528
Event: 32.364 Thread 0x00000259e35aedc0 Uncommon trap: reason=unstable_if action=reinterpret pc=0x0000025991894228 method=java.util.TreeMap.put(Ljava/lang/Object;Ljava/lang/Object;Z)Ljava/lang/Object; @ 27 c2
Event: 32.364 Thread 0x00000259e35aedc0 DEOPT PACKING pc=0x0000025991894228 sp=0x000000c1a67fdfe0
Event: 32.364 Thread 0x00000259e35aedc0 DEOPT UNPACKING pc=0x00000259910e3aa2 sp=0x000000c1a67fdf50 mode 2
Event: 32.525 Thread 0x00000259e35aedc0 Uncommon trap: trap_request=0xfffffff4 fr.pc=0x00000259918503ac relative=0x000000000000036c
Event: 32.525 Thread 0x00000259e35aedc0 Uncommon trap: reason=null_check action=make_not_entrant pc=0x00000259918503ac method=sun.invoke.util.VerifyType.isNullConversion(Ljava/lang/Class;Ljava/lang/Class;Z)Z @ 67 c2
Event: 32.525 Thread 0x00000259e35aedc0 DEOPT PACKING pc=0x00000259918503ac sp=0x000000c1a67fc9b0
Event: 32.525 Thread 0x00000259e35aedc0 DEOPT UNPACKING pc=0x00000259910e3aa2 sp=0x000000c1a67fc930 mode 2
Event: 32.580 Thread 0x00000259e35aedc0 Uncommon trap: trap_request=0xffffff45 fr.pc=0x000002599177bd98 relative=0x00000000000002b8
Event: 32.580 Thread 0x00000259e35aedc0 Uncommon trap: reason=unstable_if action=reinterpret pc=0x000002599177bd98 method=java.lang.ClassLoader.checkName(Ljava/lang/String;)Z @ 1 c2
Event: 32.580 Thread 0x00000259e35aedc0 DEOPT PACKING pc=0x000002599177bd98 sp=0x000000c1a67fdda0
Event: 32.580 Thread 0x00000259e35aedc0 DEOPT UNPACKING pc=0x00000259910e3aa2 sp=0x000000c1a67fdd38 mode 2
Event: 32.580 Thread 0x00000259e35aedc0 Uncommon trap: trap_request=0xffffff45 fr.pc=0x00000259916e3da0 relative=0x0000000000000fe0
Event: 32.580 Thread 0x00000259e35aedc0 Uncommon trap: reason=unstable_if action=reinterpret pc=0x00000259916e3da0 method=lombok.patcher.ScriptManager$OurClassFileTransformer.transform(Ljava/lang/ClassLoader;Ljava/lang/String;Ljava/lang/Class;Ljava/security/ProtectionDomain;[B)[B @ 1 c2
Event: 32.580 Thread 0x00000259e35aedc0 DEOPT PACKING pc=0x00000259916e3da0 sp=0x000000c1a67fc980
Event: 32.580 Thread 0x00000259e35aedc0 DEOPT UNPACKING pc=0x00000259910e3aa2 sp=0x000000c1a67fc900 mode 2
Event: 32.720 Thread 0x00000259e3776420 Uncommon trap: trap_request=0xffffff45 fr.pc=0x00000259917257c8 relative=0x00000000000000a8
Event: 32.720 Thread 0x00000259e3776420 Uncommon trap: reason=unstable_if action=reinterpret pc=0x00000259917257c8 method=com.google.gson.stream.JsonReader.hasNext()Z @ 21 c2
Event: 32.720 Thread 0x00000259e3776420 DEOPT PACKING pc=0x00000259917257c8 sp=0x000000c1a76fe020
Event: 32.720 Thread 0x00000259e3776420 DEOPT UNPACKING pc=0x00000259910e3aa2 sp=0x000000c1a76fdfb0 mode 2

Classes loaded (20 events):
Event: 31.709 Loading class sun/nio/ch/WindowsAsynchronousFileChannelImpl$ReadTask
Event: 31.710 Loading class sun/nio/ch/Iocp$ResultHandler
Event: 31.710 Loading class sun/nio/ch/Iocp$ResultHandler done
Event: 31.710 Loading class sun/nio/ch/WindowsAsynchronousFileChannelImpl$ReadTask done
Event: 31.711 Loading class java/io/PrintWriter$1
Event: 31.711 Loading class jdk/internal/access/JavaIOPrintWriterAccess
Event: 31.711 Loading class jdk/internal/access/JavaIOPrintWriterAccess done
Event: 31.711 Loading class java/io/PrintWriter$1 done
Event: 31.714 Loading class java/time/format/DateTimeParseContext
Event: 31.715 Loading class java/time/format/DateTimeParseContext done
Event: 31.715 Loading class java/time/format/Parsed
Event: 31.716 Loading class java/time/format/Parsed done
Event: 31.785 Loading class sun/reflect/generics/repository/FieldRepository
Event: 31.789 Loading class sun/reflect/generics/repository/FieldRepository done
Event: 32.350 Loading class java/lang/ExceptionInInitializerError
Event: 32.350 Loading class java/lang/ExceptionInInitializerError done
Event: 32.351 Loading class sun/misc/Unsafe
Event: 32.351 Loading class sun/misc/Unsafe done
Event: 32.532 Loading class jdk/internal/org/objectweb/asm/ClassReader
Event: 32.578 Loading class jdk/internal/org/objectweb/asm/ClassReader done

Classes unloaded (7 events):
Event: 16.146 Thread 0x0000025986a1fbb0 Unloading class 0x000002599f1ab000 'java/lang/invoke/LambdaForm$MH+0x000002599f1ab000'
Event: 16.146 Thread 0x0000025986a1fbb0 Unloading class 0x000002599f1aac00 'java/lang/invoke/LambdaForm$MH+0x000002599f1aac00'
Event: 16.146 Thread 0x0000025986a1fbb0 Unloading class 0x000002599f1aa800 'java/lang/invoke/LambdaForm$MH+0x000002599f1aa800'
Event: 16.146 Thread 0x0000025986a1fbb0 Unloading class 0x000002599f1aa400 'java/lang/invoke/LambdaForm$MH+0x000002599f1aa400'
Event: 16.146 Thread 0x0000025986a1fbb0 Unloading class 0x000002599f1aa000 'java/lang/invoke/LambdaForm$BMH+0x000002599f1aa000'
Event: 16.146 Thread 0x0000025986a1fbb0 Unloading class 0x000002599f1a9c00 'java/lang/invoke/LambdaForm$DMH+0x000002599f1a9c00'
Event: 16.146 Thread 0x0000025986a1fbb0 Unloading class 0x000002599f1a8800 'java/lang/invoke/LambdaForm$DMH+0x000002599f1a8800'

Classes redefined (0 events):
No events

Internal exceptions (20 events):
Event: 26.832 Thread 0x00000259e3a205a0 Exception <a 'java/lang/ClassNotFoundException'{0x00000000d61237d8}: com/sun/org/apache/xml/internal/serializer/spi/XMLEntitiesProvider> (0x00000000d61237d8) 
thrown [s\src\hotspot\share\classfile\systemDictionary.cpp, line 312]
Event: 27.682 Thread 0x00000259e3a205a0 Exception <a 'java/io/FileNotFoundException'{0x00000000d55b8928}> (0x00000000d55b8928) 
thrown [s\src\hotspot\share\prims\jni.cpp, line 520]
Event: 28.402 Thread 0x00000259e3a205a0 Exception <a 'java/lang/UnsatisfiedLinkError'{0x00000000d58e3780}: La procédure spécifiée est introuvable.
> (0x00000000d58e3780) 
thrown [s\src\hotspot\share\prims\jni.cpp, line 539]
Event: 28.411 Thread 0x00000259e3a205a0 Exception <a 'java/io/FileNotFoundException'{0x00000000d58fb2b8}> (0x00000000d58fb2b8) 
thrown [s\src\hotspot\share\prims\jni.cpp, line 520]
Event: 28.433 Thread 0x00000259e3a205a0 Exception <a 'java/io/FileNotFoundException'{0x00000000d59b0b38}> (0x00000000d59b0b38) 
thrown [s\src\hotspot\share\prims\jni.cpp, line 520]
Event: 28.494 Thread 0x00000259e3a205a0 Exception <a 'java/lang/UnsatisfiedLinkError'{0x00000000d5a16950}: La procédure spécifiée est introuvable.
> (0x00000000d5a16950) 
thrown [s\src\hotspot\share\prims\jni.cpp, line 539]
Event: 28.730 Thread 0x00000259e35b0800 Exception <a 'java/lang/NoSuchMethodError'{0x00000000d612e308}: 'void java.lang.invoke.DirectMethodHandle$Holder.invokeStaticInit(java.lang.Object, java.lang.Object, java.lang.Object, java.lang.Object)'> (0x00000000d612e308) 
thrown [s\src\hotspot\share\interpreter\linkResolver.cpp, line 773]
Event: 29.189 Thread 0x00000259846f3ff0 Exception <a 'java/lang/NoSuchMethodError'{0x00000000d5ce6468}: 'java.lang.Object java.lang.invoke.DirectMethodHandle$Holder.invokeStatic(java.lang.Object, long, java.lang.Object)'> (0x00000000d5ce6468) 
thrown [s\src\hotspot\share\interpreter\linkResolver.cpp, line 773]
Event: 29.190 Thread 0x00000259846f3ff0 Exception <a 'java/lang/NoSuchMethodError'{0x00000000d5ce9d30}: 'java.lang.Object java.lang.invoke.DirectMethodHandle$Holder.invokeStaticInit(java.lang.Object, long, java.lang.Object)'> (0x00000000d5ce9d30) 
thrown [s\src\hotspot\share\interpreter\linkResolver.cpp, line 773]
Event: 29.315 Thread 0x00000259846f3ff0 Exception <a 'java/lang/NoSuchMethodError'{0x00000000d5deb640}: 'java.lang.Object java.lang.invoke.DirectMethodHandle$Holder.newInvokeSpecial(java.lang.Object, long)'> (0x00000000d5deb640) 
thrown [s\src\hotspot\share\interpreter\linkResolver.cpp, line 773]
Event: 30.857 Thread 0x00000259846f3ff0 Exception <a 'java/lang/NoSuchMethodError'{0x00000000d6390cf8}: 'void java.lang.invoke.DirectMethodHandle$Holder.invokeSpecial(java.lang.Object, java.lang.Object, java.lang.Object, java.lang.Object, java.lang.Object, java.lang.Object)'> (0x00000000d6390cf8) 
thrown [s\src\hotspot\share\interpreter\linkResolver.cpp, line 773]
Event: 30.859 Thread 0x00000259846f3ff0 Exception <a 'java/lang/IncompatibleClassChangeError'{0x00000000d63990e0}: Found class java.lang.Object, but interface was expected> (0x00000000d63990e0) 
thrown [s\src\hotspot\share\interpreter\linkResolver.cpp, line 840]
Event: 30.861 Thread 0x00000259846f3ff0 Exception <a 'java/lang/IncompatibleClassChangeError'{0x00000000d639ae38}: Found class java.lang.Object, but interface was expected> (0x00000000d639ae38) 
thrown [s\src\hotspot\share\interpreter\linkResolver.cpp, line 840]
Event: 32.345 Thread 0x00000259e35aedc0 Exception <a 'java/lang/NoSuchMethodError'{0x00000000d5935268}: 'void java.lang.invoke.DirectMethodHandle$Holder.invokeStaticInit(java.lang.Object, java.lang.Object, java.lang.Object)'> (0x00000000d5935268) 
thrown [s\src\hotspot\share\interpreter\linkResolver.cpp, line 773]
Event: 32.355 Thread 0x00000259e35aedc0 Exception <a 'java/lang/ExceptionInInitializerError'{0x00000000d59f55f8}> (0x00000000d59f55f8) 
thrown [s\src\hotspot\share\oops\instanceKlass.cpp, line 1220]
Event: 32.525 Thread 0x00000259e35aedc0 Implicit null exception at 0x0000025991850111 to 0x0000025991850398
Event: 32.525 Thread 0x00000259e35aedc0 Exception <a 'java/lang/NoSuchMethodError'{0x00000000d5ccb5e0}: 'long java.lang.invoke.DirectMethodHandle$Holder.invokeStatic(java.lang.Object, java.lang.Object, int)'> (0x00000000d5ccb5e0) 
thrown [s\src\hotspot\share\interpreter\linkResolver.cpp, line 773]
Event: 32.580 Thread 0x00000259e35aedc0 Implicit null exception at 0x000002599177bb00 to 0x000002599177bd84
Event: 32.580 Thread 0x00000259e35aedc0 Implicit null exception at 0x00000259916e2e20 to 0x00000259916e3d90
Event: 32.583 Thread 0x00000259e35aedc0 Exception <a 'java/lang/NoSuchMethodError'{0x00000000d5d5df58}: 'java.lang.Object java.lang.invoke.Invokers$Holder.invokeExact_MT(java.lang.Object, int, java.lang.Object)'> (0x00000000d5d5df58) 
thrown [s\src\hotspot\share\interpreter\linkResolver.cpp, line 773]

ZGC Phase Switch (0 events):
No events

VM Operations (20 events):
Event: 27.037 Executing VM operation: HandshakeAllThreads (Deoptimize)
Event: 27.047 Executing VM operation: HandshakeAllThreads (Deoptimize) done
Event: 27.669 Executing VM operation: ParallelGCFailedAllocation (Allocation Failure)
Event: 27.676 Executing VM operation: ParallelGCFailedAllocation (Allocation Failure) done
Event: 27.792 Executing VM operation: HandshakeAllThreads (Deoptimize)
Event: 28.065 Executing VM operation: HandshakeAllThreads (Deoptimize) done
Event: 28.930 Executing VM operation: CollectForMetadataAllocation (Metadata GC Threshold)
Event: 29.030 Executing VM operation: CollectForMetadataAllocation (Metadata GC Threshold) done
Event: 29.400 Executing VM operation: HandshakeAllThreads (Deoptimize)
Event: 29.432 Executing VM operation: HandshakeAllThreads (Deoptimize) done
Event: 30.102 Executing VM operation: ParallelGCFailedAllocation (Allocation Failure)
Event: 30.107 Executing VM operation: ParallelGCFailedAllocation (Allocation Failure) done
Event: 30.748 Executing VM operation: HandshakeAllThreads (Deoptimize)
Event: 30.748 Executing VM operation: HandshakeAllThreads (Deoptimize) done
Event: 31.760 Executing VM operation: Cleanup
Event: 31.760 Executing VM operation: Cleanup done
Event: 32.198 Executing VM operation: ParallelGCFailedAllocation (Allocation Failure)
Event: 32.202 Executing VM operation: ParallelGCFailedAllocation (Allocation Failure) done
Event: 32.747 Executing VM operation: HandshakeAllThreads (Deoptimize)
Event: 32.789 Executing VM operation: HandshakeAllThreads (Deoptimize) done

Memory protections (0 events):
No events

Nmethod flushes (20 events):
Event: 28.974 Thread 0x0000025986a1fbb0 flushing  nmethod 0x000002598a1d9c10
Event: 28.974 Thread 0x0000025986a1fbb0 flushing  nmethod 0x000002598a1da510
Event: 28.974 Thread 0x0000025986a1fbb0 flushing  nmethod 0x000002598a1db710
Event: 28.974 Thread 0x0000025986a1fbb0 flushing  nmethod 0x000002598a1dc310
Event: 28.974 Thread 0x0000025986a1fbb0 flushing  nmethod 0x000002598a1dca90
Event: 28.974 Thread 0x0000025986a1fbb0 flushing  nmethod 0x000002598a1de010
Event: 28.974 Thread 0x0000025986a1fbb0 flushing  nmethod 0x000002598a1de510
Event: 28.974 Thread 0x0000025986a1fbb0 flushing  nmethod 0x000002598a1dee10
Event: 28.974 Thread 0x0000025986a1fbb0 flushing  nmethod 0x000002598a1df290
Event: 28.974 Thread 0x0000025986a1fbb0 flushing  nmethod 0x000002598a1e0210
Event: 28.974 Thread 0x0000025986a1fbb0 flushing  nmethod 0x000002598a1e1c90
Event: 28.974 Thread 0x0000025986a1fbb0 flushing  nmethod 0x000002598a1eb610
Event: 28.974 Thread 0x0000025986a1fbb0 flushing  nmethod 0x000002598a1ec710
Event: 28.974 Thread 0x0000025986a1fbb0 flushing  nmethod 0x000002598a243290
Event: 28.974 Thread 0x0000025986a1fbb0 flushing  nmethod 0x000002598a249590
Event: 28.974 Thread 0x0000025986a1fbb0 flushing  nmethod 0x000002598a24e690
Event: 28.974 Thread 0x0000025986a1fbb0 flushing  nmethod 0x000002598a256110
Event: 28.974 Thread 0x0000025986a1fbb0 flushing  nmethod 0x000002598a2a2990
Event: 28.974 Thread 0x0000025986a1fbb0 flushing  nmethod 0x000002598a2b9990
Event: 28.974 Thread 0x0000025986a1fbb0 flushing  nmethod 0x000002598a2f4a90

Events (20 events):
Event: 17.278 Thread 0x00000259e35b0170 Thread added: 0x00000259e35b0800
Event: 17.429 Thread 0x00000259e35b0800 Thread added: 0x00000259e35af450
Event: 17.967 Thread 0x000002599d35b850 Thread added: 0x00000259e5119f80
Event: 21.140 Thread 0x00000259e35ae730 Thread exited: 0x00000259e35ae730
Event: 21.987 Thread 0x00000259e5119f80 Thread exited: 0x00000259e5119f80
Event: 24.438 Thread 0x000002599d35b850 Thread added: 0x00000259e43c2640
Event: 24.675 Thread 0x00000259e3a205a0 Thread added: 0x00000259e35ae730
Event: 26.477 Thread 0x00000259e43c2640 Thread exited: 0x00000259e43c2640
Event: 28.670 Thread 0x00000259e35b0800 Thread added: 0x00000259e37784f0
Event: 29.173 Thread 0x00000259e37784f0 Thread added: 0x00000259e3778b80
Event: 29.383 Thread 0x000002599d35b850 Thread added: 0x00000259e32db9d0
Event: 29.411 Thread 0x00000259846f3ff0 Thread added: 0x00000259e3777140
Event: 29.554 Thread 0x00000259846f3ff0 Thread added: 0x00000259e3779210
Event: 29.555 Thread 0x00000259846f3ff0 Thread added: 0x00000259e377c690
Event: 29.555 Thread 0x00000259846f3ff0 Thread added: 0x00000259e377a5c0
Event: 29.555 Thread 0x00000259846f3ff0 Thread added: 0x00000259e377cd20
Event: 29.855 Thread 0x00000259846f3ff0 Thread added: 0x00000259e37798a0
Event: 31.277 Thread 0x00000259846f3ff0 Thread added: 0x00000259e3779f30
Event: 31.278 Thread 0x00000259846f3ff0 Thread added: 0x00000259e3776420
Event: 33.043 Thread 0x00000259e32db9d0 Thread exited: 0x00000259e32db9d0


Dynamic libraries:
0x00007ff6d5560000 - 0x00007ff6d556e000 	c:\Users\LENOVO\.cursor\extensions\redhat.java-1.44.0-win32-x64\jre\21.0.8-win32-x86_64\bin\java.exe
0x00007ffb99ef0000 - 0x00007ffb9a0e8000 	C:\WINDOWS\SYSTEM32\ntdll.dll
0x00007ffb98f70000 - 0x00007ffb99032000 	C:\WINDOWS\System32\KERNEL32.DLL
0x00007ffb975e0000 - 0x00007ffb978d6000 	C:\WINDOWS\System32\KERNELBASE.dll
0x00007ffb97d70000 - 0x00007ffb97e70000 	C:\WINDOWS\System32\ucrtbase.dll
0x00007ffb850f0000 - 0x00007ffb85108000 	c:\Users\LENOVO\.cursor\extensions\redhat.java-1.44.0-win32-x64\jre\21.0.8-win32-x86_64\bin\jli.dll
0x00007ffb99d10000 - 0x00007ffb99ead000 	C:\WINDOWS\System32\USER32.dll
0x00007ffb7ce30000 - 0x00007ffb7ce4e000 	c:\Users\LENOVO\.cursor\extensions\redhat.java-1.44.0-win32-x64\jre\21.0.8-win32-x86_64\bin\VCRUNTIME140.dll
0x00007ffb97580000 - 0x00007ffb975a2000 	C:\WINDOWS\System32\win32u.dll
0x00007ffb99170000 - 0x00007ffb9919b000 	C:\WINDOWS\System32\GDI32.dll
0x00007ffb97930000 - 0x00007ffb97a49000 	C:\WINDOWS\System32\gdi32full.dll
0x00007ffb851d0000 - 0x00007ffb8546a000 	C:\WINDOWS\WinSxS\amd64_microsoft.windows.common-controls_6595b64144ccf1df_6.0.19041.5915_none_60b4b9d171f9c7c7\COMCTL32.dll
0x00007ffb990d0000 - 0x00007ffb9916e000 	C:\WINDOWS\System32\msvcrt.dll
0x00007ffb97e70000 - 0x00007ffb97f0d000 	C:\WINDOWS\System32\msvcp_win.dll
0x00007ffb98620000 - 0x00007ffb9864f000 	C:\WINDOWS\System32\IMM32.DLL
0x00007ffb8ff10000 - 0x00007ffb8ff1c000 	c:\Users\LENOVO\.cursor\extensions\redhat.java-1.44.0-win32-x64\jre\21.0.8-win32-x86_64\bin\vcruntime140_1.dll
0x00007ffb46b80000 - 0x00007ffb46c0d000 	c:\Users\LENOVO\.cursor\extensions\redhat.java-1.44.0-win32-x64\jre\21.0.8-win32-x86_64\bin\msvcp140.dll
0x00007fface840000 - 0x00007ffacf5d7000 	c:\Users\LENOVO\.cursor\extensions\redhat.java-1.44.0-win32-x64\jre\21.0.8-win32-x86_64\bin\server\jvm.dll
0x00007ffb99540000 - 0x00007ffb995f1000 	C:\WINDOWS\System32\ADVAPI32.dll
0x00007ffb99c70000 - 0x00007ffb99d0f000 	C:\WINDOWS\System32\sechost.dll
0x00007ffb99b40000 - 0x00007ffb99c63000 	C:\WINDOWS\System32\RPCRT4.dll
0x00007ffb975b0000 - 0x00007ffb975d7000 	C:\WINDOWS\System32\bcrypt.dll
0x00007ffb98430000 - 0x00007ffb9849b000 	C:\WINDOWS\System32\WS2_32.dll
0x00007ffb96a80000 - 0x00007ffb96acb000 	C:\WINDOWS\SYSTEM32\POWRPROF.dll
0x00007ffb85520000 - 0x00007ffb85547000 	C:\WINDOWS\SYSTEM32\WINMM.dll
0x00007ffb8cdc0000 - 0x00007ffb8cdca000 	C:\WINDOWS\SYSTEM32\VERSION.dll
0x00007ffb96940000 - 0x00007ffb96952000 	C:\WINDOWS\SYSTEM32\UMPDC.dll
0x00007ffb95db0000 - 0x00007ffb95dc2000 	C:\WINDOWS\SYSTEM32\kernel.appcore.dll
0x00007ffb886d0000 - 0x00007ffb886da000 	c:\Users\LENOVO\.cursor\extensions\redhat.java-1.44.0-win32-x64\jre\21.0.8-win32-x86_64\bin\jimage.dll
0x00007ffb85560000 - 0x00007ffb85761000 	C:\WINDOWS\SYSTEM32\DBGHELP.DLL
0x00007ffb84110000 - 0x00007ffb84144000 	C:\WINDOWS\SYSTEM32\dbgcore.DLL
0x00007ffb97b00000 - 0x00007ffb97b82000 	C:\WINDOWS\System32\bcryptPrimitives.dll
0x00007ffb88610000 - 0x00007ffb8861f000 	c:\Users\LENOVO\.cursor\extensions\redhat.java-1.44.0-win32-x64\jre\21.0.8-win32-x86_64\bin\instrument.dll
0x00007ffb71800000 - 0x00007ffb7181f000 	c:\Users\LENOVO\.cursor\extensions\redhat.java-1.44.0-win32-x64\jre\21.0.8-win32-x86_64\bin\java.dll
0x00007ffb98800000 - 0x00007ffb98f6e000 	C:\WINDOWS\System32\SHELL32.dll
0x00007ffb95570000 - 0x00007ffb95d14000 	C:\WINDOWS\SYSTEM32\windows.storage.dll
0x00007ffb997e0000 - 0x00007ffb99b33000 	C:\WINDOWS\System32\combase.dll
0x00007ffb96ed0000 - 0x00007ffb96efb000 	C:\WINDOWS\SYSTEM32\Wldp.dll
0x00007ffb996b0000 - 0x00007ffb9977d000 	C:\WINDOWS\System32\OLEAUT32.dll
0x00007ffb97f10000 - 0x00007ffb97fbd000 	C:\WINDOWS\System32\SHCORE.dll
0x00007ffb993a0000 - 0x00007ffb993fb000 	C:\WINDOWS\System32\shlwapi.dll
0x00007ffb974b0000 - 0x00007ffb974d4000 	C:\WINDOWS\SYSTEM32\profapi.dll
0x00007ffb704f0000 - 0x00007ffb70508000 	c:\Users\LENOVO\.cursor\extensions\redhat.java-1.44.0-win32-x64\jre\21.0.8-win32-x86_64\bin\zip.dll
0x00007ffb877d0000 - 0x00007ffb877e0000 	C:\Users\LENOVO\.cursor\extensions\redhat.java-1.44.0-win32-x64\jre\21.0.8-win32-x86_64\bin\net.dll
0x00007ffb952a0000 - 0x00007ffb953aa000 	C:\WINDOWS\SYSTEM32\WINHTTP.dll
0x00007ffb96cb0000 - 0x00007ffb96d1a000 	C:\WINDOWS\system32\mswsock.dll
0x00007ffb6f460000 - 0x00007ffb6f476000 	C:\Users\LENOVO\.cursor\extensions\redhat.java-1.44.0-win32-x64\jre\21.0.8-win32-x86_64\bin\nio.dll
0x00007ffb877b0000 - 0x00007ffb877c0000 	c:\Users\LENOVO\.cursor\extensions\redhat.java-1.44.0-win32-x64\jre\21.0.8-win32-x86_64\bin\verify.dll
0x00007ffb70b40000 - 0x00007ffb70b85000 	C:\Users\LENOVO\AppData\Roaming\Cursor\User\globalStorage\redhat.java\1.44.0\config_win\org.eclipse.equinox.launcher\org.eclipse.equinox.launcher.win32.win32.x86_64_1.2.1400.v20250730-1736\eclipse_11913.dll
0x00007ffb99400000 - 0x00007ffb9952b000 	C:\WINDOWS\System32\ole32.dll
0x00007ffb96f10000 - 0x00007ffb96f28000 	C:\WINDOWS\SYSTEM32\CRYPTSP.dll
0x00007ffb96580000 - 0x00007ffb965b8000 	C:\WINDOWS\system32\rsaenh.dll
0x00007ffb97430000 - 0x00007ffb9745e000 	C:\WINDOWS\SYSTEM32\USERENV.dll
0x00007ffb96e40000 - 0x00007ffb96e4c000 	C:\WINDOWS\SYSTEM32\CRYPTBASE.dll
0x00007ffb96960000 - 0x00007ffb9699b000 	C:\WINDOWS\SYSTEM32\IPHLPAPI.DLL
0x00007ffb984a0000 - 0x00007ffb984a8000 	C:\WINDOWS\System32\NSI.dll
0x00007ffb46fa0000 - 0x00007ffb46fe9000 	C:\Users\LENOVO\AppData\Local\Temp\jna--2053026509\jna17920620462423588101.dll
0x00007ffb99530000 - 0x00007ffb99538000 	C:\WINDOWS\System32\PSAPI.DLL
0x00007ffb903c0000 - 0x00007ffb903d7000 	C:\WINDOWS\SYSTEM32\dhcpcsvc6.DLL
0x00007ffb902f0000 - 0x00007ffb9030d000 	C:\WINDOWS\SYSTEM32\dhcpcsvc.DLL

JVMTI agents:
c:\Users\LENOVO\.cursor\extensions\redhat.java-1.44.0-win32-x64\lombok\lombok-1.18.39-4050.jar path:c:\Users\LENOVO\.cursor\extensions\redhat.java-1.44.0-win32-x64\jre\21.0.8-win32-x86_64\bin\instrument.dll, loaded, initialized, instrumentlib options:none

dbghelp: loaded successfully - version: 4.0.5 - missing functions: none
symbol engine: initialized successfully - sym options: 0x614 - pdb path: .;c:\Users\LENOVO\.cursor\extensions\redhat.java-1.44.0-win32-x64\jre\21.0.8-win32-x86_64\bin;C:\WINDOWS\SYSTEM32;C:\WINDOWS\WinSxS\amd64_microsoft.windows.common-controls_6595b64144ccf1df_6.0.19041.5915_none_60b4b9d171f9c7c7;c:\Users\LENOVO\.cursor\extensions\redhat.java-1.44.0-win32-x64\jre\21.0.8-win32-x86_64\bin\server;C:\Users\LENOVO\AppData\Roaming\Cursor\User\globalStorage\redhat.java\1.44.0\config_win\org.eclipse.equinox.launcher\org.eclipse.equinox.launcher.win32.win32.x86_64_1.2.1400.v20250730-1736;C:\Users\LENOVO\AppData\Local\Temp\jna--2053026509

VM Arguments:
jvm_args: --add-modules=ALL-SYSTEM --add-opens=java.base/java.util=ALL-UNNAMED --add-opens=java.base/java.lang=ALL-UNNAMED --add-opens=java.base/sun.nio.fs=ALL-UNNAMED -Declipse.application=org.eclipse.jdt.ls.core.id1 -Dosgi.bundles.defaultStartLevel=4 -Declipse.product=org.eclipse.jdt.ls.core.product -Djava.import.generatesMetadataFilesAtProjectRoot=false -DDetectVMInstallationsJob.disabled=true -Dfile.encoding=utf8 -XX:+UseParallelGC -XX:GCTimeRatio=4 -XX:AdaptiveSizePolicyWeight=90 -Dsun.zip.disableMemoryMapping=true -Xmx2G -Xms100m -Xlog:disable -javaagent:c:\Users\LENOVO\.cursor\extensions\redhat.java-1.44.0-win32-x64\lombok\lombok-1.18.39-4050.jar -XX:+HeapDumpOnOutOfMemoryError -XX:HeapDumpPath=c:\Users\LENOVO\AppData\Roaming\Cursor\User\workspaceStorage\6748ce0c91289b22e9b1ac29d8119738\redhat.java -Daether.dependencyCollector.impl=bf 
java_command: c:\Users\LENOVO\.cursor\extensions\redhat.java-1.44.0-win32-x64\server\plugins\org.eclipse.equinox.launcher_1.7.0.v20250519-0528.jar -configuration c:\Users\LENOVO\AppData\Roaming\Cursor\User\globalStorage\redhat.java\1.44.0\config_win -data c:\Users\LENOVO\AppData\Roaming\Cursor\User\workspaceStorage\6748ce0c91289b22e9b1ac29d8119738\redhat.java\jdt_ws --pipe=\\.\pipe\lsp-ec810ee76c01e5e7a8d1be58a63f1a74-sock
java_class_path (initial): c:\Users\LENOVO\.cursor\extensions\redhat.java-1.44.0-win32-x64\server\plugins\org.eclipse.equinox.launcher_1.7.0.v20250519-0528.jar
Launcher Type: SUN_STANDARD

[Global flags]
    uintx AdaptiveSizePolicyWeight                 = 90                                        {product} {command line}
     intx CICompilerCount                          = 3                                         {product} {ergonomic}
    uintx GCTimeRatio                              = 4                                         {product} {command line}
     bool HeapDumpOnOutOfMemoryError               = true                                   {manageable} {command line}
    ccstr HeapDumpPath                             = c:\Users\LENOVO\AppData\Roaming\Cursor\User\workspaceStorage\6748ce0c91289b22e9b1ac29d8119738\redhat.java         {manageable} {command line}
   size_t InitialHeapSize                          = 104857600                                 {product} {command line}
   size_t MaxHeapSize                              = 2147483648                                {product} {command line}
   size_t MaxNewSize                               = 715653120                                 {product} {ergonomic}
   size_t MinHeapDeltaBytes                        = 524288                                    {product} {ergonomic}
   size_t MinHeapSize                              = 104857600                                 {product} {command line}
   size_t NewSize                                  = 34603008                                  {product} {ergonomic}
    uintx NonNMethodCodeHeapSize                   = 5832780                                {pd product} {ergonomic}
    uintx NonProfiledCodeHeapSize                  = 122912730                              {pd product} {ergonomic}
   size_t OldSize                                  = 70254592                                  {product} {ergonomic}
    uintx ProfiledCodeHeapSize                     = 122912730                              {pd product} {ergonomic}
    uintx ReservedCodeCacheSize                    = 251658240                              {pd product} {ergonomic}
     bool SegmentedCodeCache                       = true                                      {product} {ergonomic}
   size_t SoftMaxHeapSize                          = 2147483648                             {manageable} {ergonomic}
     bool UseCompressedOops                        = true                           {product lp64_product} {ergonomic}
     bool UseLargePagesIndividualAllocation        = false                                  {pd product} {ergonomic}
     bool UseParallelGC                            = true                                      {product} {command line}

Logging:
Log output configuration:
 #0: stdout all=off uptime,level,tags foldmultilines=false
 #1: stderr all=off uptime,level,tags foldmultilines=false

Environment Variables:
JAVA_HOME=C:\Program Files\Java\jdk-20
PATH=C:\Program Files\Common Files\Oracle\Java\javapath;C:\WINDOWS\system32;C:\WINDOWS;C:\WINDOWS\System32\Wbem;C:\WINDOWS\System32\WindowsPowerShell\v1.0\;C:\WINDOWS\System32\OpenSSH\;C:\Program Files\Java\jdk-20\bin;C:\Program Files\nodejs\;C:\Program Files\Git\cmd;C:\Program Files\Wondershare\Wondershare DemoCreator;C:\xampp\php;C:\ProgramData\ComposerSetup\bin;C:\Program Files\dotnet\;C:\Program Files\Docker\Docker\resources\bin;C:\Program Files\MySQL\MySQL Shell 8.0\bin\;C:\Users\LENOVO\AppData\Local\Programs\Python\Python311\Scripts\;C:\Users\LENOVO\AppData\Local\Programs\Python\Python311\;C:\Users\LENOVO\AppData\Local\Microsoft\WindowsApps;C:\Users\LENOVO\AppData\Local\GitHubDesktop\bin;C:\Users\LENOVO\AppData\Local\Programs\Microsoft VS Code\bin;C:\Users\LENOVO\AppData\Roaming\npm;C:\Users\LENOVO\AppData\Roaming\Composer\vendor\bin;C:\Users\LENOVO\AppData\Local\Programs\cursor\resources\app\bin;C:\php
USERNAME=LENOVO
OS=Windows_NT
PROCESSOR_IDENTIFIER=Intel64 Family 6 Model 142 Stepping 9, GenuineIntel
TMP=C:\Users\LENOVO\AppData\Local\Temp
TEMP=C:\Users\LENOVO\AppData\Local\Temp




Periodic native trim disabled

---------------  S Y S T E M  ---------------

OS:
 Windows 10 , 64 bit Build 19041 (10.0.19041.5915)
OS uptime: 6 days 2:58 hours
Hyper-V role detected

CPU: total 4 (initial active 4) (2 cores per cpu, 2 threads per core) family 6 model 142 stepping 9 microcode 0xb4, cx8, cmov, fxsr, ht, mmx, 3dnowpref, sse, sse2, sse3, ssse3, sse4.1, sse4.2, popcnt, lzcnt, tsc, tscinvbit, avx, avx2, aes, erms, clmul, bmi1, bmi2, rtm, adx, fma, vzeroupper, clflush, clflushopt, hv, rdtscp, f16c
Processor Information for the first 4 processors :
  Max Mhz: 2712, Current Mhz: 2611, Mhz Limit: 2603

Memory: 4k page, system-wide physical 16222M (2377M free)
TotalPageFile size 65374M (AvailPageFile size 3M)
current process WorkingSet (physical memory assigned to process): 198M, peak: 211M
current process commit charge ("private bytes"): 311M, peak: 324M

vm_info: OpenJDK 64-Bit Server VM (21.0.8+9-LTS) for windows-amd64 JRE (21.0.8+9-LTS), built on 2025-07-15T00:00:00Z by "admin" with MS VC++ 17.7 (VS2022)

END.
