#
# There is insufficient memory for the Java Runtime Environment to continue.
# Native memory allocation (malloc) failed to allocate 136592 bytes. Error detail: Chunk::new
# Possible reasons:
#   The system is out of physical RAM or swap space
#   This process is running with CompressedOops enabled, and the Java Heap may be blocking the growth of the native heap
# Possible solutions:
#   Reduce memory load on the system
#   Increase physical memory or swap space
#   Check if swap backing store is full
#   Decrease Java heap size (-Xmx/-Xms)
#   Decrease number of Java threads
#   Decrease Java thread stack sizes (-Xss)
#   Set larger code cache with -XX:ReservedCodeCacheSize=
#   JVM is running with Unscaled Compressed Oops mode in which the Java heap is
#     placed in the first 4GB address space. The Java Heap base address is the
#     maximum limit for the native heap growth. Please use -XX:HeapBaseMinAddress
#     to set the Java Heap base and to place the Java Heap above 4GB virtual address.
# This output file may be truncated or incomplete.
#
#  Out of Memory Error (arena.cpp:168), pid=25812, tid=15864
#
# JRE version: OpenJDK Runtime Environment Temurin-21.0.8+9 (21.0.8+9) (build 21.0.8+9-LTS)
# Java VM: OpenJDK 64-Bit Server VM Temurin-21.0.8+9 (21.0.8+9-LTS, mixed mode, sharing, tiered, compressed oops, compressed class ptrs, parallel gc, windows-amd64)
# No core dump will be written. Minidumps are not enabled by default on client versions of Windows
#

---------------  S U M M A R Y ------------

Command Line: --add-modules=ALL-SYSTEM --add-opens=java.base/java.util=ALL-UNNAMED --add-opens=java.base/java.lang=ALL-UNNAMED --add-opens=java.base/sun.nio.fs=ALL-UNNAMED -Declipse.application=org.eclipse.jdt.ls.core.id1 -Dosgi.bundles.defaultStartLevel=4 -Declipse.product=org.eclipse.jdt.ls.core.product -Djava.import.generatesMetadataFilesAtProjectRoot=false -DDetectVMInstallationsJob.disabled=true -Dfile.encoding=utf8 -XX:+UseParallelGC -XX:GCTimeRatio=4 -XX:AdaptiveSizePolicyWeight=90 -Dsun.zip.disableMemoryMapping=true -Xmx2G -Xms100m -Xlog:disable -javaagent:c:\Users\LENOVO\.cursor\extensions\redhat.java-1.44.0-win32-x64\lombok\lombok-1.18.39-4050.jar -XX:+HeapDumpOnOutOfMemoryError -XX:HeapDumpPath=c:\Users\LENOVO\AppData\Roaming\Cursor\User\workspaceStorage\6748ce0c91289b22e9b1ac29d8119738\redhat.java -Daether.dependencyCollector.impl=bf c:\Users\LENOVO\.cursor\extensions\redhat.java-1.44.0-win32-x64\server\plugins\org.eclipse.equinox.launcher_1.7.0.v20250519-0528.jar -configuration c:\Users\LENOVO\AppData\Roaming\Cursor\User\globalStorage\redhat.java\1.44.0\config_win -data c:\Users\LENOVO\AppData\Roaming\Cursor\User\workspaceStorage\6748ce0c91289b22e9b1ac29d8119738\redhat.java\jdt_ws --pipe=\\.\pipe\lsp-3baa2db9e37573cef2525aaf3d738426-sock

Host: Intel(R) Core(TM) i5-7300U CPU @ 2.60GHz, 4 cores, 15G,  Windows 10 , 64 bit Build 19041 (10.0.19041.5915)
Time: Sat Aug  2 16:58:58 2025 elapsed time: 6.429901 seconds (0d 0h 0m 6s)

---------------  T H R E A D  ---------------

Current thread (0x000002179626d4b0):  JavaThread "C2 CompilerThread0" daemon [_thread_in_native, id=15864, stack(0x0000006d9f100000,0x0000006d9f200000) (1024K)]


Current CompileTask:
C2:6430 2538   !   4       java.io.BufferedInputStream::read (69 bytes)

Stack: [0x0000006d9f100000,0x0000006d9f200000]
Native frames: (J=compiled Java code, j=interpreted, Vv=VM code, C=native code)
V  [jvm.dll+0x6d2449]
V  [jvm.dll+0x8ae341]
V  [jvm.dll+0x8b08be]
V  [jvm.dll+0x8b0fa3]
V  [jvm.dll+0x280c96]
V  [jvm.dll+0xc581d]
V  [jvm.dll+0xc5d53]
V  [jvm.dll+0x3b919c]
V  [jvm.dll+0x1e1213]
V  [jvm.dll+0x249022]
V  [jvm.dll+0x2484af]
V  [jvm.dll+0x1c89ee]
V  [jvm.dll+0x257d4d]
V  [jvm.dll+0x2562ea]
V  [jvm.dll+0x3f2d16]
V  [jvm.dll+0x857e6b]
V  [jvm.dll+0x6d0b0d]
C  [ucrtbase.dll+0x21bb2]
C  [KERNEL32.DLL+0x17374]
C  [ntdll.dll+0x4cc91]


---------------  P R O C E S S  ---------------

Threads class SMR info:
_java_thread_list=0x00000217dce0c140, length=18, elements={
0x00000217fe75e670, 0x0000021796258200, 0x0000021796259b00, 0x000002179625b400,
0x000002179625d060, 0x0000021796264de0, 0x0000021796268710, 0x000002179626d4b0,
0x0000021796276240, 0x000002179632e0d0, 0x00000217dc294ca0, 0x00000217dca203b0,
0x00000217dca90ef0, 0x00000217dca2db20, 0x00000217dca44fe0, 0x00000217dd1ae4b0,
0x00000217dd4374f0, 0x00000217dd043a50
}

Java Threads: ( => current thread )
  0x00000217fe75e670 JavaThread "main"                              [_thread_blocked, id=3004, stack(0x0000006d9e700000,0x0000006d9e800000) (1024K)]
  0x0000021796258200 JavaThread "Reference Handler"          daemon [_thread_blocked, id=3480, stack(0x0000006d9eb00000,0x0000006d9ec00000) (1024K)]
  0x0000021796259b00 JavaThread "Finalizer"                  daemon [_thread_blocked, id=23756, stack(0x0000006d9ec00000,0x0000006d9ed00000) (1024K)]
  0x000002179625b400 JavaThread "Signal Dispatcher"          daemon [_thread_blocked, id=34772, stack(0x0000006d9ed00000,0x0000006d9ee00000) (1024K)]
  0x000002179625d060 JavaThread "Attach Listener"            daemon [_thread_blocked, id=5832, stack(0x0000006d9ee00000,0x0000006d9ef00000) (1024K)]
  0x0000021796264de0 JavaThread "Service Thread"             daemon [_thread_blocked, id=33048, stack(0x0000006d9ef00000,0x0000006d9f000000) (1024K)]
  0x0000021796268710 JavaThread "Monitor Deflation Thread"   daemon [_thread_blocked, id=27992, stack(0x0000006d9f000000,0x0000006d9f100000) (1024K)]
=>0x000002179626d4b0 JavaThread "C2 CompilerThread0"         daemon [_thread_in_native, id=15864, stack(0x0000006d9f100000,0x0000006d9f200000) (1024K)]
  0x0000021796276240 JavaThread "C1 CompilerThread0"         daemon [_thread_blocked, id=6808, stack(0x0000006d9f200000,0x0000006d9f300000) (1024K)]
  0x000002179632e0d0 JavaThread "Common-Cleaner"             daemon [_thread_blocked, id=18228, stack(0x0000006d9f300000,0x0000006d9f400000) (1024K)]
  0x00000217dc294ca0 JavaThread "Notification Thread"        daemon [_thread_blocked, id=32840, stack(0x0000006d9f400000,0x0000006d9f500000) (1024K)]
  0x00000217dca203b0 JavaThread "Active Thread: Equinox Container: 259b048b-49ce-4af3-8318-4f9be74d811e"        [_thread_blocked, id=33044, stack(0x0000006d9f900000,0x0000006d9fa00000) (1024K)]
  0x00000217dca90ef0 JavaThread "Refresh Thread: Equinox Container: 259b048b-49ce-4af3-8318-4f9be74d811e" daemon [_thread_blocked, id=26260, stack(0x0000006d9fa00000,0x0000006d9fb00000) (1024K)]
  0x00000217dca2db20 JavaThread "Framework Event Dispatcher: Equinox Container: 259b048b-49ce-4af3-8318-4f9be74d811e" daemon [_thread_blocked, id=28460, stack(0x0000006d9fb00000,0x0000006d9fc00000) (1024K)]
  0x00000217dca44fe0 JavaThread "Start Level: Equinox Container: 259b048b-49ce-4af3-8318-4f9be74d811e" daemon [_thread_in_vm, id=10612, stack(0x0000006d9fc00000,0x0000006d9fd00000) (1024K)]
  0x00000217dd1ae4b0 JavaThread "Bundle File Closer"         daemon [_thread_blocked, id=27008, stack(0x0000006d9f500000,0x0000006d9f600000) (1024K)]
  0x00000217dd4374f0 JavaThread "SCR Component Actor"        daemon [_thread_blocked, id=5036, stack(0x0000006d9fd00000,0x0000006d9fe00000) (1024K)]
  0x00000217dd043a50 JavaThread "SCR Component Registry"     daemon [_thread_blocked, id=19060, stack(0x0000006d9fe00000,0x0000006d9ff00000) (1024K)]
Total: 18

Other Threads:
  0x000002179624e660 VMThread "VM Thread"                           [id=12268, stack(0x0000006d9ea00000,0x0000006d9eb00000) (1024K)]
  0x00000217fe7cbf50 WatcherThread "VM Periodic Task Thread"        [id=33252, stack(0x0000006d9e900000,0x0000006d9ea00000) (1024K)]
  0x00000217fe77f050 WorkerThread "GC Thread#0"                     [id=30532, stack(0x0000006d9e800000,0x0000006d9e900000) (1024K)]
  0x00000217dc7c9b90 WorkerThread "GC Thread#1"                     [id=7892, stack(0x0000006d9f600000,0x0000006d9f700000) (1024K)]
  0x00000217dc66dea0 WorkerThread "GC Thread#2"                     [id=25804, stack(0x0000006d9f700000,0x0000006d9f800000) (1024K)]
  0x00000217dc66e240 WorkerThread "GC Thread#3"                     [id=12872, stack(0x0000006d9f800000,0x0000006d9f900000) (1024K)]
Total: 6

Threads with active compile tasks:
C2 CompilerThread0  6482 2538   !   4       java.io.BufferedInputStream::read (69 bytes)
Total: 1

VM state: not at safepoint (normal execution)

VM Mutex/Monitor currently owned by a thread: None

Heap address: 0x0000000080000000, size: 2048 MB, Compressed Oops mode: 32-bit

CDS archive(s) mapped at: [0x0000021797000000-0x0000021797ba0000-0x0000021797ba0000), size 12189696, SharedBaseAddress: 0x0000021797000000, ArchiveRelocationMode: 1.
Compressed class space mapped at: 0x0000021798000000-0x00000217d8000000, reserved size: 1073741824
Narrow klass base: 0x0000021797000000, Narrow klass shift: 0, Narrow klass range: 0x100000000

GC Precious Log:
 CardTable entry size: 512
 CPUs: 4 total, 4 available
 Memory: 16222M
 Large Page Support: Disabled
 NUMA Support: Disabled
 Compressed Oops: Enabled (32-bit)
 Alignments: Space 512K, Generation 512K, Heap 2M
 Heap Min Capacity: 100M
 Heap Initial Capacity: 100M
 Heap Max Capacity: 2G
 Pre-touch: Disabled
 Parallel Workers: 4

Heap:
 PSYoungGen      total 29696K, used 28061K [0x00000000d5580000, 0x00000000d7680000, 0x0000000100000000)
  eden space 25600K, 93% used [0x00000000d5580000,0x00000000d6ce7868,0x00000000d6e80000)
  from space 4096K, 99% used [0x00000000d6e80000,0x00000000d727fc80,0x00000000d7280000)
  to   space 4096K, 0% used [0x00000000d7280000,0x00000000d7280000,0x00000000d7680000)
 ParOldGen       total 68608K, used 4534K [0x0000000080000000, 0x0000000084300000, 0x00000000d5580000)
  object space 68608K, 6% used [0x0000000080000000,0x000000008046d908,0x0000000084300000)
 Metaspace       used 12260K, committed 12672K, reserved 1114112K
  class space    used 1295K, committed 1472K, reserved 1048576K

Card table byte_map: [0x00000217fe140000,0x00000217fe550000] _byte_map_base: 0x00000217fdd40000

Marking Bits: (ParMarkBitMap*) 0x00007ffacf4fa340
 Begin Bits: [0x0000021792130000, 0x0000021794130000)
 End Bits:   [0x0000021794130000, 0x0000021796130000)

Polling page: 0x00000217fdf30000

Metaspace:

Usage:
  Non-class:     10.71 MB used.
      Class:      1.26 MB used.
       Both:     11.97 MB used.

Virtual space:
  Non-class space:       64.00 MB reserved,      10.94 MB ( 17%) committed,  1 nodes.
      Class space:        1.00 GB reserved,       1.44 MB ( <1%) committed,  1 nodes.
             Both:        1.06 GB reserved,      12.38 MB (  1%) committed. 

Chunk freelists:
   Non-Class:  4.14 MB
       Class:  14.58 MB
        Both:  18.72 MB

MaxMetaspaceSize: unlimited
CompressedClassSpaceSize: 1.00 GB
Initial GC threshold: 21.00 MB
Current GC threshold: 21.00 MB
CDS: on
 - commit_granule_bytes: 65536.
 - commit_granule_words: 8192.
 - virtual_space_node_default_size: 8388608.
 - enlarge_chunks_in_place: 1.
 - use_allocation_guard: 0.


Internal statistics:

num_allocs_failed_limit: 0.
num_arena_births: 280.
num_arena_deaths: 0.
num_vsnodes_births: 2.
num_vsnodes_deaths: 0.
num_space_committed: 198.
num_space_uncommitted: 0.
num_chunks_returned_to_freelist: 0.
num_chunks_taken_from_freelist: 634.
num_chunk_merges: 0.
num_chunk_splits: 402.
num_chunks_enlarged: 275.
num_inconsistent_stats: 0.

CodeHeap 'non-profiled nmethods': size=120000Kb used=1125Kb max_used=1125Kb free=118874Kb
 bounds [0x000002178ac00000, 0x000002178ae70000, 0x0000021792130000]
CodeHeap 'profiled nmethods': size=120000Kb used=5109Kb max_used=5109Kb free=114891Kb
 bounds [0x0000021783130000, 0x0000021783630000, 0x000002178a660000]
CodeHeap 'non-nmethods': size=5760Kb used=1238Kb max_used=1264Kb free=4521Kb
 bounds [0x000002178a660000, 0x000002178a8d0000, 0x000002178ac00000]
CodeCache: size=245760Kb, used=7472Kb, max_used=7498Kb, free=238286Kb
 total_blobs=3077, nmethods=2568, adapters=415, full_count=0
Compilation: enabled, stopped_count=0, restarted_count=0

Compilation events (20 events):
Event: 6.408 Thread 0x0000021796276240 nmethod 2543 0x0000021783611d10 code [0x0000021783611ee0, 0x0000021783612128]
Event: 6.408 Thread 0x0000021796276240 2544       3       com.sun.org.apache.xerces.internal.util.FeatureState::<init> (15 bytes)
Event: 6.408 Thread 0x0000021796276240 nmethod 2544 0x0000021783612210 code [0x00000217836123c0, 0x0000021783612550]
Event: 6.409 Thread 0x0000021796276240 2545       3       com.sun.org.apache.xerces.internal.parsers.XIncludeAwareParserConfiguration::getFeatureState (40 bytes)
Event: 6.410 Thread 0x0000021796276240 nmethod 2545 0x0000021783612610 code [0x0000021783612840, 0x0000021783612e88]
Event: 6.410 Thread 0x0000021796276240 2546       3       com.sun.org.apache.xerces.internal.util.ParserConfigurationSettings::getFeature (20 bytes)
Event: 6.411 Thread 0x0000021796276240 nmethod 2546 0x0000021783613110 code [0x00000217836132e0, 0x00000217836135b8]
Event: 6.411 Thread 0x0000021796276240 2547       3       com.sun.org.apache.xerces.internal.util.XMLStringBuffer::<init> (7 bytes)
Event: 6.411 Thread 0x0000021796276240 nmethod 2547 0x0000021783613710 code [0x00000217836138c0, 0x0000021783613ba0]
Event: 6.411 Thread 0x0000021796276240 2548       3       com.sun.org.apache.xerces.internal.util.ParserConfigurationSettings::getProperty (31 bytes)
Event: 6.412 Thread 0x0000021796276240 nmethod 2548 0x0000021783613d10 code [0x0000021783613ee0, 0x0000021783614218]
Event: 6.421 Thread 0x0000021796276240 2550       3       com.sun.org.apache.xerces.internal.impl.XMLScanner::setProperty (94 bytes)
Event: 6.422 Thread 0x0000021796276240 nmethod 2550 0x0000021783614390 code [0x0000021783614600, 0x00000217836150e0]
Event: 6.423 Thread 0x0000021796276240 2551       3       com.sun.org.apache.xerces.internal.util.SymbolTable::hash (53 bytes)
Event: 6.423 Thread 0x0000021796276240 nmethod 2551 0x0000021783615410 code [0x00000217836155e0, 0x0000021783615860]
Event: 6.423 Thread 0x0000021796276240 2552       3       com.sun.org.apache.xerces.internal.util.NamespaceSupport::getURI (38 bytes)
Event: 6.423 Thread 0x0000021796276240 nmethod 2552 0x0000021783615990 code [0x0000021783615b40, 0x0000021783615da8]
Event: 6.423 Thread 0x0000021796276240 2553       3       com.sun.org.apache.xerces.internal.impl.XMLEntityScanner::scanQName (580 bytes)
Event: 6.426 Thread 0x0000021796276240 nmethod 2553 0x0000021783615f10 code [0x00000217836162a0, 0x0000021783617690]
Event: 6.426 Thread 0x0000021796276240 2555       3       com.sun.org.apache.xerces.internal.parsers.XML11Configuration::checkFeature (292 bytes)

GC Heap History (6 events):
Event: 1.636 GC heap before
{Heap before GC invocations=1 (full 0):
 PSYoungGen      total 29696K, used 25600K [0x00000000d5580000, 0x00000000d7680000, 0x0000000100000000)
  eden space 25600K, 100% used [0x00000000d5580000,0x00000000d6e80000,0x00000000d6e80000)
  from space 4096K, 0% used [0x00000000d7280000,0x00000000d7280000,0x00000000d7680000)
  to   space 4096K, 0% used [0x00000000d6e80000,0x00000000d6e80000,0x00000000d7280000)
 ParOldGen       total 68608K, used 0K [0x0000000080000000, 0x0000000084300000, 0x00000000d5580000)
  object space 68608K, 0% used [0x0000000080000000,0x0000000080000000,0x0000000084300000)
 Metaspace       used 4325K, committed 4608K, reserved 1114112K
  class space    used 471K, committed 576K, reserved 1048576K
}
Event: 1.647 GC heap after
{Heap after GC invocations=1 (full 0):
 PSYoungGen      total 29696K, used 3311K [0x00000000d5580000, 0x00000000d7680000, 0x0000000100000000)
  eden space 25600K, 0% used [0x00000000d5580000,0x00000000d5580000,0x00000000d6e80000)
  from space 4096K, 80% used [0x00000000d6e80000,0x00000000d71bbe68,0x00000000d7280000)
  to   space 4096K, 0% used [0x00000000d7280000,0x00000000d7280000,0x00000000d7680000)
 ParOldGen       total 68608K, used 16K [0x0000000080000000, 0x0000000084300000, 0x00000000d5580000)
  object space 68608K, 0% used [0x0000000080000000,0x0000000080004000,0x0000000084300000)
 Metaspace       used 4325K, committed 4608K, reserved 1114112K
  class space    used 471K, committed 576K, reserved 1048576K
}
Event: 2.870 GC heap before
{Heap before GC invocations=2 (full 0):
 PSYoungGen      total 29696K, used 28883K [0x00000000d5580000, 0x00000000d7680000, 0x0000000100000000)
  eden space 25600K, 99% used [0x00000000d5580000,0x00000000d6e78de8,0x00000000d6e80000)
  from space 4096K, 80% used [0x00000000d6e80000,0x00000000d71bbe68,0x00000000d7280000)
  to   space 4096K, 0% used [0x00000000d7280000,0x00000000d7280000,0x00000000d7680000)
 ParOldGen       total 68608K, used 16K [0x0000000080000000, 0x0000000084300000, 0x00000000d5580000)
  object space 68608K, 0% used [0x0000000080000000,0x0000000080004000,0x0000000084300000)
 Metaspace       used 8023K, committed 8256K, reserved 1114112K
  class space    used 843K, committed 960K, reserved 1048576K
}
Event: 2.879 GC heap after
{Heap after GC invocations=2 (full 0):
 PSYoungGen      total 29696K, used 4066K [0x00000000d5580000, 0x00000000d7680000, 0x0000000100000000)
  eden space 25600K, 0% used [0x00000000d5580000,0x00000000d5580000,0x00000000d6e80000)
  from space 4096K, 99% used [0x00000000d7280000,0x00000000d7678b18,0x00000000d7680000)
  to   space 4096K, 0% used [0x00000000d6e80000,0x00000000d6e80000,0x00000000d7280000)
 ParOldGen       total 68608K, used 1585K [0x0000000080000000, 0x0000000084300000, 0x00000000d5580000)
  object space 68608K, 2% used [0x0000000080000000,0x000000008018c6b8,0x0000000084300000)
 Metaspace       used 8023K, committed 8256K, reserved 1114112K
  class space    used 843K, committed 960K, reserved 1048576K
}
Event: 3.829 GC heap before
{Heap before GC invocations=3 (full 0):
 PSYoungGen      total 29696K, used 29666K [0x00000000d5580000, 0x00000000d7680000, 0x0000000100000000)
  eden space 25600K, 100% used [0x00000000d5580000,0x00000000d6e80000,0x00000000d6e80000)
  from space 4096K, 99% used [0x00000000d7280000,0x00000000d7678b18,0x00000000d7680000)
  to   space 4096K, 0% used [0x00000000d6e80000,0x00000000d6e80000,0x00000000d7280000)
 ParOldGen       total 68608K, used 1585K [0x0000000080000000, 0x0000000084300000, 0x00000000d5580000)
  object space 68608K, 2% used [0x0000000080000000,0x000000008018c6b8,0x0000000084300000)
 Metaspace       used 9370K, committed 9664K, reserved 1114112K
  class space    used 1001K, committed 1152K, reserved 1048576K
}
Event: 3.844 GC heap after
{Heap after GC invocations=3 (full 0):
 PSYoungGen      total 29696K, used 4095K [0x00000000d5580000, 0x00000000d7680000, 0x0000000100000000)
  eden space 25600K, 0% used [0x00000000d5580000,0x00000000d5580000,0x00000000d6e80000)
  from space 4096K, 99% used [0x00000000d6e80000,0x00000000d727fc80,0x00000000d7280000)
  to   space 4096K, 0% used [0x00000000d7280000,0x00000000d7280000,0x00000000d7680000)
 ParOldGen       total 68608K, used 4534K [0x0000000080000000, 0x0000000084300000, 0x00000000d5580000)
  object space 68608K, 6% used [0x0000000080000000,0x000000008046d908,0x0000000084300000)
 Metaspace       used 9370K, committed 9664K, reserved 1114112K
  class space    used 1001K, committed 1152K, reserved 1048576K
}

Dll operation events (9 events):
Event: 0.017 Loaded shared library c:\Users\LENOVO\.cursor\extensions\redhat.java-1.44.0-win32-x64\jre\21.0.8-win32-x86_64\bin\java.dll
Event: 0.182 Loaded shared library c:\Users\LENOVO\.cursor\extensions\redhat.java-1.44.0-win32-x64\jre\21.0.8-win32-x86_64\bin\zip.dll
Event: 0.236 Loaded shared library C:\Users\LENOVO\.cursor\extensions\redhat.java-1.44.0-win32-x64\jre\21.0.8-win32-x86_64\bin\instrument.dll
Event: 0.248 Loaded shared library C:\Users\LENOVO\.cursor\extensions\redhat.java-1.44.0-win32-x64\jre\21.0.8-win32-x86_64\bin\net.dll
Event: 0.254 Loaded shared library C:\Users\LENOVO\.cursor\extensions\redhat.java-1.44.0-win32-x64\jre\21.0.8-win32-x86_64\bin\nio.dll
Event: 0.260 Loaded shared library C:\Users\LENOVO\.cursor\extensions\redhat.java-1.44.0-win32-x64\jre\21.0.8-win32-x86_64\bin\zip.dll
Event: 0.305 Loaded shared library C:\Users\LENOVO\.cursor\extensions\redhat.java-1.44.0-win32-x64\jre\21.0.8-win32-x86_64\bin\jimage.dll
Event: 0.514 Loaded shared library c:\Users\LENOVO\.cursor\extensions\redhat.java-1.44.0-win32-x64\jre\21.0.8-win32-x86_64\bin\verify.dll
Event: 2.879 Loaded shared library C:\Users\LENOVO\AppData\Roaming\Cursor\User\globalStorage\redhat.java\1.44.0\config_win\org.eclipse.equinox.launcher\org.eclipse.equinox.launcher.win32.win32.x86_64_1.2.1400.v20250730-1736\eclipse_11913.dll

Deoptimization events (20 events):
Event: 6.050 Thread 0x00000217dca44fe0 Uncommon trap: trap_request=0xffffff45 fr.pc=0x000002178acbd598 relative=0x0000000000001618
Event: 6.050 Thread 0x00000217dca44fe0 Uncommon trap: reason=unstable_if action=reinterpret pc=0x000002178acbd598 method=java.io.WinNTFileSystem.normalize(Ljava/lang/String;II)Ljava/lang/String; @ 100 c2
Event: 6.051 Thread 0x00000217dca44fe0 DEOPT PACKING pc=0x000002178acbd598 sp=0x0000006d9fcf8fd0
Event: 6.051 Thread 0x00000217dca44fe0 DEOPT UNPACKING pc=0x000002178a6b3aa2 sp=0x0000006d9fcf8f10 mode 2
Event: 6.122 Thread 0x00000217dca44fe0 Uncommon trap: trap_request=0xffffff3d fr.pc=0x000002178acc23c0 relative=0x0000000000000220
Event: 6.122 Thread 0x00000217dca44fe0 Uncommon trap: reason=unstable_fused_if action=reinterpret pc=0x000002178acc23c0 method=java.lang.CharacterDataLatin1.equalsIgnoreCase(BB)Z @ 16 c2
Event: 6.122 Thread 0x00000217dca44fe0 DEOPT PACKING pc=0x000002178acc23c0 sp=0x0000006d9fcf8d40
Event: 6.122 Thread 0x00000217dca44fe0 DEOPT UNPACKING pc=0x000002178a6b3aa2 sp=0x0000006d9fcf8c48 mode 2
Event: 6.221 Thread 0x00000217dca44fe0 Uncommon trap: trap_request=0xffffff45 fr.pc=0x000002178acfbdd4 relative=0x0000000000000dd4
Event: 6.221 Thread 0x00000217dca44fe0 Uncommon trap: reason=unstable_if action=reinterpret pc=0x000002178acfbdd4 method=java.util.Properties.loadConvert([CIILjava/lang/StringBuilder;)Ljava/lang/String; @ 491 c2
Event: 6.221 Thread 0x00000217dca44fe0 DEOPT PACKING pc=0x000002178acfbdd4 sp=0x0000006d9fcf7460
Event: 6.221 Thread 0x00000217dca44fe0 DEOPT UNPACKING pc=0x000002178a6b3aa2 sp=0x0000006d9fcf7440 mode 2
Event: 6.247 Thread 0x00000217dca44fe0 Uncommon trap: trap_request=0xffffffde fr.pc=0x000002178ac7dbd0 relative=0x0000000000000610
Event: 6.247 Thread 0x00000217dca44fe0 Uncommon trap: reason=class_check action=maybe_recompile pc=0x000002178ac7dbd0 method=java.io.BufferedInputStream.implRead([BII)I @ 100 c2
Event: 6.247 Thread 0x00000217dca44fe0 DEOPT PACKING pc=0x000002178ac7dbd0 sp=0x0000006d9fcf8400
Event: 6.247 Thread 0x00000217dca44fe0 DEOPT UNPACKING pc=0x000002178a6b3aa2 sp=0x0000006d9fcf83d8 mode 2
Event: 6.250 Thread 0x00000217dca44fe0 Uncommon trap: trap_request=0xffffff45 fr.pc=0x000002178ac7dbac relative=0x00000000000005ec
Event: 6.250 Thread 0x00000217dca44fe0 Uncommon trap: reason=unstable_if action=reinterpret pc=0x000002178ac7dbac method=java.io.BufferedInputStream.implRead([BII)I @ 55 c2
Event: 6.250 Thread 0x00000217dca44fe0 DEOPT PACKING pc=0x000002178ac7dbac sp=0x0000006d9fcf8400
Event: 6.250 Thread 0x00000217dca44fe0 DEOPT UNPACKING pc=0x000002178a6b3aa2 sp=0x0000006d9fcf83d8 mode 2

Classes loaded (20 events):
Event: 5.834 Loading class java/util/concurrent/CompletionStage
Event: 5.835 Loading class java/util/concurrent/CompletionStage done
Event: 5.838 Loading class java/util/Timer
Event: 5.838 Loading class java/util/Timer done
Event: 5.838 Loading class java/util/TaskQueue
Event: 5.838 Loading class java/util/TaskQueue done
Event: 5.839 Loading class java/util/TimerThread
Event: 5.839 Loading class java/util/TimerThread done
Event: 5.839 Loading class java/util/Timer$ThreadReaper
Event: 5.839 Loading class java/util/Timer$ThreadReaper done
Event: 5.898 Loading class java/util/concurrent/locks/ReentrantLock$FairSync
Event: 5.898 Loading class java/util/concurrent/locks/ReentrantLock$FairSync done
Event: 6.182 Loading class java/lang/invoke/DirectMethodHandle$StaticAccessor
Event: 6.182 Loading class java/lang/invoke/DirectMethodHandle$StaticAccessor done
Event: 6.203 Loading class java/lang/IllegalCallerException
Event: 6.203 Loading class java/lang/IllegalCallerException done
Event: 6.234 Loading class java/lang/invoke/DirectMethodHandle$1
Event: 6.234 Loading class java/lang/invoke/DirectMethodHandle$1 done
Event: 6.239 Loading class org/xml/sax/SAXParseException
Event: 6.239 Loading class org/xml/sax/SAXParseException done

Classes unloaded (0 events):
No events

Classes redefined (0 events):
No events

Internal exceptions (20 events):
Event: 1.712 Thread 0x00000217fe75e670 Exception <a 'java/lang/NoSuchMethodError'{0x00000000d57b0660}: 'void java.lang.invoke.DirectMethodHandle$Holder.invokeStatic(java.lang.Object, java.lang.Object, java.lang.Object, java.lang.Object)'> (0x00000000d57b0660) 
thrown [s\src\hotspot\share\interpreter\linkResolver.cpp, line 773]
Event: 1.713 Thread 0x00000217fe75e670 Implicit null exception at 0x000002178ac6071a to 0x000002178ac6093c
Event: 1.713 Thread 0x00000217fe75e670 Implicit null exception at 0x000002178ac59340 to 0x000002178ac593c5
Event: 1.835 Thread 0x00000217fe75e670 Exception <a 'java/lang/NoSuchMethodError'{0x00000000d5a3a900}: 'void java.lang.invoke.DirectMethodHandle$Holder.invokeSpecial(java.lang.Object, java.lang.Object, java.lang.Object)'> (0x00000000d5a3a900) 
thrown [s\src\hotspot\share\interpreter\linkResolver.cpp, line 773]
Event: 2.295 Thread 0x00000217fe75e670 Exception <a 'java/lang/NoSuchMethodError'{0x00000000d63bb548}: 'int java.lang.invoke.DirectMethodHandle$Holder.invokeVirtual(java.lang.Object, java.lang.Object)'> (0x00000000d63bb548) 
thrown [s\src\hotspot\share\interpreter\linkResolver.cpp, line 773]
Event: 2.370 Thread 0x00000217fe75e670 Exception <a 'java/lang/NoSuchMethodError'{0x00000000d6531a78}: 'int java.lang.invoke.DirectMethodHandle$Holder.invokeStaticInit(java.lang.Object, java.lang.Object, java.lang.Object, java.lang.Object)'> (0x00000000d6531a78) 
thrown [s\src\hotspot\share\interpreter\linkResolver.cpp, line 773]
Event: 2.372 Thread 0x00000217fe75e670 Exception <a 'java/lang/IncompatibleClassChangeError'{0x00000000d6539f00}: Found class java.lang.Object, but interface was expected> (0x00000000d6539f00) 
thrown [s\src\hotspot\share\interpreter\linkResolver.cpp, line 840]
Event: 2.373 Thread 0x00000217fe75e670 Exception <a 'java/lang/NoSuchMethodError'{0x00000000d6540510}: 'void java.lang.invoke.DirectMethodHandle$Holder.invokeStaticInit(java.lang.Object, java.lang.Object)'> (0x00000000d6540510) 
thrown [s\src\hotspot\share\interpreter\linkResolver.cpp, line 773]
Event: 2.374 Thread 0x00000217fe75e670 Exception <a 'java/lang/NoSuchMethodError'{0x00000000d6549698}: 'int java.lang.invoke.DirectMethodHandle$Holder.invokeStaticInit(java.lang.Object, java.lang.Object)'> (0x00000000d6549698) 
thrown [s\src\hotspot\share\interpreter\linkResolver.cpp, line 773]
Event: 2.481 Thread 0x00000217fe75e670 Exception <a 'java/lang/NoSuchMethodError'{0x00000000d6794888}: 'java.lang.Object java.lang.invoke.DirectMethodHandle$Holder.newInvokeSpecial(java.lang.Object, int, java.lang.Object)'> (0x00000000d6794888) 
thrown [s\src\hotspot\share\interpreter\linkResolver.cpp, line 773]
Event: 2.559 Thread 0x00000217fe75e670 Exception <a 'java/lang/ClassNotFoundException'{0x00000000d69a40a8}: sun/net/www/protocol/plurl/Handler> (0x00000000d69a40a8) 
thrown [s\src\hotspot\share\classfile\systemDictionary.cpp, line 312]
Event: 2.865 Thread 0x00000217fe75e670 Exception <a 'java/lang/UnsatisfiedLinkError'{0x00000000d6e39930}: 'void org.eclipse.equinox.launcher.JNIBridge._update_splash()'> (0x00000000d6e39930) 
thrown [s\src\hotspot\share\prims\nativeLookup.cpp, line 415]
Event: 3.038 Thread 0x00000217dca44fe0 Exception <a 'java/lang/NoSuchMethodError'{0x00000000d5b5f748}: 'java.lang.Object java.lang.invoke.DirectMethodHandle$Holder.newInvokeSpecial(java.lang.Object, java.lang.Object, int, java.lang.Object)'> (0x00000000d5b5f748) 
thrown [s\src\hotspot\share\interpreter\linkResolver.cpp, line 773]
Event: 3.039 Thread 0x00000217dca44fe0 Exception <a 'java/lang/NoSuchMethodError'{0x00000000d5b635b8}: 'java.lang.Object java.lang.invoke.DirectMethodHandle$Holder.invokeSpecial(java.lang.Object, java.lang.Object, java.lang.Object, int, java.lang.Object)'> (0x00000000d5b635b8) 
thrown [s\src\hotspot\share\interpreter\linkResolver.cpp, line 773]
Event: 3.063 Thread 0x00000217dca44fe0 Exception <a 'java/lang/NoClassDefFoundError'{0x00000000d5c03d28}: jakarta/servlet/ServletContainerInitializer> (0x00000000d5c03d28) 
thrown [s\src\hotspot\share\classfile\systemDictionary.cpp, line 301]
Event: 3.102 Thread 0x00000217dca44fe0 Exception <a 'java/lang/NoSuchMethodError'{0x00000000d5d27670}: 'java.lang.Object java.lang.invoke.DirectMethodHandle$Holder.invokeStatic(java.lang.Object, int, java.lang.Object)'> (0x00000000d5d27670) 
thrown [s\src\hotspot\share\interpreter\linkResolver.cpp, line 773]
Event: 3.113 Thread 0x00000217dca44fe0 Exception <a 'java/lang/ClassNotFoundException'{0x00000000d5d8c340}: sun/util/logging/resources/spi/loggingProvider> (0x00000000d5d8c340) 
thrown [s\src\hotspot\share\classfile\systemDictionary.cpp, line 312]
Event: 5.166 Thread 0x00000217dca44fe0 Exception <a 'java/lang/NullPointerException'{0x00000000d6081f90}> (0x00000000d6081f90) 
thrown [s\src\hotspot\share\interpreter\linkResolver.cpp, line 1372]
Event: 5.166 Thread 0x00000217dca44fe0 Exception <a 'java/lang/NullPointerException'{0x00000000d6082270}> (0x00000000d6082270) 
thrown [s\src\hotspot\share\interpreter\linkResolver.cpp, line 1372]
Event: 6.192 Thread 0x00000217dca44fe0 Exception <a 'java/lang/NoSuchMethodError'{0x00000000d6a69bb8}: 'void java.lang.invoke.Invokers$Holder.invokeExact_MT(java.lang.Object, java.lang.Object, java.lang.Object)'> (0x00000000d6a69bb8) 
thrown [s\src\hotspot\share\interpreter\linkResolver.cpp, line 773]

ZGC Phase Switch (0 events):
No events

VM Operations (20 events):
Event: 2.556 Executing VM operation: HandshakeAllThreads (Deoptimize)
Event: 2.556 Executing VM operation: HandshakeAllThreads (Deoptimize) done
Event: 2.674 Executing VM operation: ICBufferFull
Event: 2.674 Executing VM operation: ICBufferFull done
Event: 2.870 Executing VM operation: ParallelGCFailedAllocation (Allocation Failure)
Event: 2.879 Executing VM operation: ParallelGCFailedAllocation (Allocation Failure) done
Event: 3.090 Executing VM operation: HandshakeAllThreads (Deoptimize)
Event: 3.090 Executing VM operation: HandshakeAllThreads (Deoptimize) done
Event: 3.133 Executing VM operation: HandshakeAllThreads (Deoptimize)
Event: 3.133 Executing VM operation: HandshakeAllThreads (Deoptimize) done
Event: 3.160 Executing VM operation: HandshakeAllThreads (Deoptimize)
Event: 3.160 Executing VM operation: HandshakeAllThreads (Deoptimize) done
Event: 3.246 Executing VM operation: HandshakeAllThreads (Deoptimize)
Event: 3.246 Executing VM operation: HandshakeAllThreads (Deoptimize) done
Event: 3.829 Executing VM operation: ParallelGCFailedAllocation (Allocation Failure)
Event: 3.844 Executing VM operation: ParallelGCFailedAllocation (Allocation Failure) done
Event: 4.858 Executing VM operation: Cleanup
Event: 4.963 Executing VM operation: Cleanup done
Event: 5.899 Executing VM operation: HandshakeAllThreads (Deoptimize)
Event: 5.899 Executing VM operation: HandshakeAllThreads (Deoptimize) done

Memory protections (0 events):
No events

Nmethod flushes (0 events):
No events

Events (20 events):
Event: 0.083 Thread 0x00000217fe75e670 Thread added: 0x0000021796259b00
Event: 0.084 Thread 0x00000217fe75e670 Thread added: 0x000002179625b400
Event: 0.084 Thread 0x00000217fe75e670 Thread added: 0x000002179625d060
Event: 0.084 Thread 0x00000217fe75e670 Thread added: 0x0000021796264de0
Event: 0.084 Thread 0x00000217fe75e670 Thread added: 0x0000021796268710
Event: 0.084 Thread 0x00000217fe75e670 Thread added: 0x000002179626d4b0
Event: 0.084 Thread 0x00000217fe75e670 Thread added: 0x0000021796276240
Event: 0.144 Thread 0x00000217fe75e670 Thread added: 0x000002179632e0d0
Event: 0.740 Thread 0x00000217fe75e670 Thread added: 0x00000217dc294ca0
Event: 0.912 Thread 0x000002179626d4b0 Thread added: 0x00000217dc3a95d0
Event: 2.395 Thread 0x00000217fe75e670 Thread added: 0x00000217dca203b0
Event: 2.863 Thread 0x00000217fe75e670 Thread added: 0x00000217dca90ef0
Event: 2.936 Thread 0x00000217dca90ef0 Thread added: 0x00000217dca2db20
Event: 2.943 Thread 0x00000217fe75e670 Thread added: 0x00000217dca44fe0
Event: 2.964 Thread 0x00000217dc3a95d0 Thread exited: 0x00000217dc3a95d0
Event: 3.166 Thread 0x0000021796276240 Thread added: 0x00000217dcb91700
Event: 3.623 Thread 0x00000217dcb91700 Thread exited: 0x00000217dcb91700
Event: 4.026 Thread 0x00000217dca44fe0 Thread added: 0x00000217dd1ae4b0
Event: 5.061 Thread 0x00000217dca44fe0 Thread added: 0x00000217dd4374f0
Event: 5.839 Thread 0x00000217dca44fe0 Thread added: 0x00000217dd043a50


Dynamic libraries:
0x00007ff6d5560000 - 0x00007ff6d556e000 	c:\Users\LENOVO\.cursor\extensions\redhat.java-1.44.0-win32-x64\jre\21.0.8-win32-x86_64\bin\java.exe
0x00007ffb99ef0000 - 0x00007ffb9a0e8000 	C:\WINDOWS\SYSTEM32\ntdll.dll
0x00007ffb98f70000 - 0x00007ffb99032000 	C:\WINDOWS\System32\KERNEL32.DLL
0x00007ffb975e0000 - 0x00007ffb978d6000 	C:\WINDOWS\System32\KERNELBASE.dll
0x00007ffb97d70000 - 0x00007ffb97e70000 	C:\WINDOWS\System32\ucrtbase.dll
0x00007ffb850f0000 - 0x00007ffb85108000 	c:\Users\LENOVO\.cursor\extensions\redhat.java-1.44.0-win32-x64\jre\21.0.8-win32-x86_64\bin\jli.dll
0x00007ffb99d10000 - 0x00007ffb99ead000 	C:\WINDOWS\System32\USER32.dll
0x00007ffb97580000 - 0x00007ffb975a2000 	C:\WINDOWS\System32\win32u.dll
0x00007ffb99170000 - 0x00007ffb9919b000 	C:\WINDOWS\System32\GDI32.dll
0x00007ffb97930000 - 0x00007ffb97a49000 	C:\WINDOWS\System32\gdi32full.dll
0x00007ffb97e70000 - 0x00007ffb97f0d000 	C:\WINDOWS\System32\msvcp_win.dll
0x00007ffb7ce30000 - 0x00007ffb7ce4e000 	c:\Users\LENOVO\.cursor\extensions\redhat.java-1.44.0-win32-x64\jre\21.0.8-win32-x86_64\bin\VCRUNTIME140.dll
0x00007ffb851d0000 - 0x00007ffb8546a000 	C:\WINDOWS\WinSxS\amd64_microsoft.windows.common-controls_6595b64144ccf1df_6.0.19041.5915_none_60b4b9d171f9c7c7\COMCTL32.dll
0x00007ffb990d0000 - 0x00007ffb9916e000 	C:\WINDOWS\System32\msvcrt.dll
0x00007ffb98620000 - 0x00007ffb9864f000 	C:\WINDOWS\System32\IMM32.DLL
0x00007ffb8ff10000 - 0x00007ffb8ff1c000 	c:\Users\LENOVO\.cursor\extensions\redhat.java-1.44.0-win32-x64\jre\21.0.8-win32-x86_64\bin\vcruntime140_1.dll
0x00007ffb46b80000 - 0x00007ffb46c0d000 	c:\Users\LENOVO\.cursor\extensions\redhat.java-1.44.0-win32-x64\jre\21.0.8-win32-x86_64\bin\msvcp140.dll
0x00007fface840000 - 0x00007ffacf5d7000 	c:\Users\LENOVO\.cursor\extensions\redhat.java-1.44.0-win32-x64\jre\21.0.8-win32-x86_64\bin\server\jvm.dll
0x00007ffb99540000 - 0x00007ffb995f1000 	C:\WINDOWS\System32\ADVAPI32.dll
0x00007ffb99c70000 - 0x00007ffb99d0f000 	C:\WINDOWS\System32\sechost.dll
0x00007ffb99b40000 - 0x00007ffb99c63000 	C:\WINDOWS\System32\RPCRT4.dll
0x00007ffb975b0000 - 0x00007ffb975d7000 	C:\WINDOWS\System32\bcrypt.dll
0x00007ffb98430000 - 0x00007ffb9849b000 	C:\WINDOWS\System32\WS2_32.dll
0x00007ffb96a80000 - 0x00007ffb96acb000 	C:\WINDOWS\SYSTEM32\POWRPROF.dll
0x00007ffb85520000 - 0x00007ffb85547000 	C:\WINDOWS\SYSTEM32\WINMM.dll
0x00007ffb8cdc0000 - 0x00007ffb8cdca000 	C:\WINDOWS\SYSTEM32\VERSION.dll
0x00007ffb96940000 - 0x00007ffb96952000 	C:\WINDOWS\SYSTEM32\UMPDC.dll
0x00007ffb95db0000 - 0x00007ffb95dc2000 	C:\WINDOWS\SYSTEM32\kernel.appcore.dll
0x00007ffb886d0000 - 0x00007ffb886da000 	c:\Users\LENOVO\.cursor\extensions\redhat.java-1.44.0-win32-x64\jre\21.0.8-win32-x86_64\bin\jimage.dll
0x00007ffb85560000 - 0x00007ffb85761000 	C:\WINDOWS\SYSTEM32\DBGHELP.DLL
0x00007ffb84110000 - 0x00007ffb84144000 	C:\WINDOWS\SYSTEM32\dbgcore.DLL
0x00007ffb97b00000 - 0x00007ffb97b82000 	C:\WINDOWS\System32\bcryptPrimitives.dll
0x00007ffb88610000 - 0x00007ffb8861f000 	c:\Users\LENOVO\.cursor\extensions\redhat.java-1.44.0-win32-x64\jre\21.0.8-win32-x86_64\bin\instrument.dll
0x00007ffb71800000 - 0x00007ffb7181f000 	c:\Users\LENOVO\.cursor\extensions\redhat.java-1.44.0-win32-x64\jre\21.0.8-win32-x86_64\bin\java.dll
0x00007ffb98800000 - 0x00007ffb98f6e000 	C:\WINDOWS\System32\SHELL32.dll
0x00007ffb95570000 - 0x00007ffb95d14000 	C:\WINDOWS\SYSTEM32\windows.storage.dll
0x00007ffb997e0000 - 0x00007ffb99b33000 	C:\WINDOWS\System32\combase.dll
0x00007ffb96ed0000 - 0x00007ffb96efb000 	C:\WINDOWS\SYSTEM32\Wldp.dll
0x00007ffb996b0000 - 0x00007ffb9977d000 	C:\WINDOWS\System32\OLEAUT32.dll
0x00007ffb97f10000 - 0x00007ffb97fbd000 	C:\WINDOWS\System32\SHCORE.dll
0x00007ffb993a0000 - 0x00007ffb993fb000 	C:\WINDOWS\System32\shlwapi.dll
0x00007ffb974b0000 - 0x00007ffb974d4000 	C:\WINDOWS\SYSTEM32\profapi.dll
0x00007ffb704f0000 - 0x00007ffb70508000 	c:\Users\LENOVO\.cursor\extensions\redhat.java-1.44.0-win32-x64\jre\21.0.8-win32-x86_64\bin\zip.dll
0x00007ffb877d0000 - 0x00007ffb877e0000 	C:\Users\LENOVO\.cursor\extensions\redhat.java-1.44.0-win32-x64\jre\21.0.8-win32-x86_64\bin\net.dll
0x00007ffb952a0000 - 0x00007ffb953aa000 	C:\WINDOWS\SYSTEM32\WINHTTP.dll
0x00007ffb96cb0000 - 0x00007ffb96d1a000 	C:\WINDOWS\system32\mswsock.dll
0x00007ffb6f460000 - 0x00007ffb6f476000 	C:\Users\LENOVO\.cursor\extensions\redhat.java-1.44.0-win32-x64\jre\21.0.8-win32-x86_64\bin\nio.dll
0x00007ffb877b0000 - 0x00007ffb877c0000 	c:\Users\LENOVO\.cursor\extensions\redhat.java-1.44.0-win32-x64\jre\21.0.8-win32-x86_64\bin\verify.dll
0x00007ffb70b40000 - 0x00007ffb70b85000 	C:\Users\LENOVO\AppData\Roaming\Cursor\User\globalStorage\redhat.java\1.44.0\config_win\org.eclipse.equinox.launcher\org.eclipse.equinox.launcher.win32.win32.x86_64_1.2.1400.v20250730-1736\eclipse_11913.dll
0x00007ffb99400000 - 0x00007ffb9952b000 	C:\WINDOWS\System32\ole32.dll

JVMTI agents:
c:\Users\LENOVO\.cursor\extensions\redhat.java-1.44.0-win32-x64\lombok\lombok-1.18.39-4050.jar path:c:\Users\LENOVO\.cursor\extensions\redhat.java-1.44.0-win32-x64\jre\21.0.8-win32-x86_64\bin\instrument.dll, loaded, initialized, instrumentlib options:none

dbghelp: loaded successfully - version: 4.0.5 - missing functions: none
symbol engine: initialized successfully - sym options: 0x614 - pdb path: .;c:\Users\LENOVO\.cursor\extensions\redhat.java-1.44.0-win32-x64\jre\21.0.8-win32-x86_64\bin;C:\WINDOWS\SYSTEM32;C:\WINDOWS\WinSxS\amd64_microsoft.windows.common-controls_6595b64144ccf1df_6.0.19041.5915_none_60b4b9d171f9c7c7;c:\Users\LENOVO\.cursor\extensions\redhat.java-1.44.0-win32-x64\jre\21.0.8-win32-x86_64\bin\server;C:\Users\LENOVO\AppData\Roaming\Cursor\User\globalStorage\redhat.java\1.44.0\config_win\org.eclipse.equinox.launcher\org.eclipse.equinox.launcher.win32.win32.x86_64_1.2.1400.v20250730-1736

VM Arguments:
jvm_args: --add-modules=ALL-SYSTEM --add-opens=java.base/java.util=ALL-UNNAMED --add-opens=java.base/java.lang=ALL-UNNAMED --add-opens=java.base/sun.nio.fs=ALL-UNNAMED -Declipse.application=org.eclipse.jdt.ls.core.id1 -Dosgi.bundles.defaultStartLevel=4 -Declipse.product=org.eclipse.jdt.ls.core.product -Djava.import.generatesMetadataFilesAtProjectRoot=false -DDetectVMInstallationsJob.disabled=true -Dfile.encoding=utf8 -XX:+UseParallelGC -XX:GCTimeRatio=4 -XX:AdaptiveSizePolicyWeight=90 -Dsun.zip.disableMemoryMapping=true -Xmx2G -Xms100m -Xlog:disable -javaagent:c:\Users\LENOVO\.cursor\extensions\redhat.java-1.44.0-win32-x64\lombok\lombok-1.18.39-4050.jar -XX:+HeapDumpOnOutOfMemoryError -XX:HeapDumpPath=c:\Users\LENOVO\AppData\Roaming\Cursor\User\workspaceStorage\6748ce0c91289b22e9b1ac29d8119738\redhat.java -Daether.dependencyCollector.impl=bf 
java_command: c:\Users\LENOVO\.cursor\extensions\redhat.java-1.44.0-win32-x64\server\plugins\org.eclipse.equinox.launcher_1.7.0.v20250519-0528.jar -configuration c:\Users\LENOVO\AppData\Roaming\Cursor\User\globalStorage\redhat.java\1.44.0\config_win -data c:\Users\LENOVO\AppData\Roaming\Cursor\User\workspaceStorage\6748ce0c91289b22e9b1ac29d8119738\redhat.java\jdt_ws --pipe=\\.\pipe\lsp-3baa2db9e37573cef2525aaf3d738426-sock
java_class_path (initial): c:\Users\LENOVO\.cursor\extensions\redhat.java-1.44.0-win32-x64\server\plugins\org.eclipse.equinox.launcher_1.7.0.v20250519-0528.jar
Launcher Type: SUN_STANDARD

[Global flags]
    uintx AdaptiveSizePolicyWeight                 = 90                                        {product} {command line}
     intx CICompilerCount                          = 3                                         {product} {ergonomic}
    uintx GCTimeRatio                              = 4                                         {product} {command line}
     bool HeapDumpOnOutOfMemoryError               = true                                   {manageable} {command line}
    ccstr HeapDumpPath                             = c:\Users\LENOVO\AppData\Roaming\Cursor\User\workspaceStorage\6748ce0c91289b22e9b1ac29d8119738\redhat.java         {manageable} {command line}
   size_t InitialHeapSize                          = 104857600                                 {product} {command line}
   size_t MaxHeapSize                              = 2147483648                                {product} {command line}
   size_t MaxNewSize                               = 715653120                                 {product} {ergonomic}
   size_t MinHeapDeltaBytes                        = 524288                                    {product} {ergonomic}
   size_t MinHeapSize                              = 104857600                                 {product} {command line}
   size_t NewSize                                  = 34603008                                  {product} {ergonomic}
    uintx NonNMethodCodeHeapSize                   = 5832780                                {pd product} {ergonomic}
    uintx NonProfiledCodeHeapSize                  = 122912730                              {pd product} {ergonomic}
   size_t OldSize                                  = 70254592                                  {product} {ergonomic}
    uintx ProfiledCodeHeapSize                     = 122912730                              {pd product} {ergonomic}
    uintx ReservedCodeCacheSize                    = 251658240                              {pd product} {ergonomic}
     bool SegmentedCodeCache                       = true                                      {product} {ergonomic}
   size_t SoftMaxHeapSize                          = 2147483648                             {manageable} {ergonomic}
     bool UseCompressedOops                        = true                           {product lp64_product} {ergonomic}
     bool UseLargePagesIndividualAllocation        = false                                  {pd product} {ergonomic}
     bool UseParallelGC                            = true                                      {product} {command line}

Logging:
Log output configuration:
 #0: stdout all=off uptime,level,tags foldmultilines=false
 #1: stderr all=off uptime,level,tags foldmultilines=false

Environment Variables:
JAVA_HOME=C:\Program Files\Java\jdk-20
PATH=C:\Program Files\Common Files\Oracle\Java\javapath;C:\WINDOWS\system32;C:\WINDOWS;C:\WINDOWS\System32\Wbem;C:\WINDOWS\System32\WindowsPowerShell\v1.0\;C:\WINDOWS\System32\OpenSSH\;C:\Program Files\Java\jdk-20\bin;C:\Program Files\nodejs\;C:\Program Files\Git\cmd;C:\Program Files\Wondershare\Wondershare DemoCreator;C:\xampp\php;C:\ProgramData\ComposerSetup\bin;C:\Program Files\dotnet\;C:\Program Files\Docker\Docker\resources\bin;C:\Program Files\MySQL\MySQL Shell 8.0\bin\;C:\Users\LENOVO\AppData\Local\Programs\Python\Python311\Scripts\;C:\Users\LENOVO\AppData\Local\Programs\Python\Python311\;C:\Users\LENOVO\AppData\Local\Microsoft\WindowsApps;C:\Users\LENOVO\AppData\Local\GitHubDesktop\bin;C:\Users\LENOVO\AppData\Local\Programs\Microsoft VS Code\bin;C:\Users\LENOVO\AppData\Roaming\npm;C:\Users\LENOVO\AppData\Roaming\Composer\vendor\bin;C:\Users\LENOVO\AppData\Local\Programs\cursor\resources\app\bin;C:\php
USERNAME=LENOVO
OS=Windows_NT
PROCESSOR_IDENTIFIER=Intel64 Family 6 Model 142 Stepping 9, GenuineIntel
TMP=C:\Users\LENOVO\AppData\Local\Temp
TEMP=C:\Users\LENOVO\AppData\Local\Temp




Periodic native trim disabled

---------------  S Y S T E M  ---------------

OS:
 Windows 10 , 64 bit Build 19041 (10.0.19041.5915)
OS uptime: 6 days 2:59 hours
Hyper-V role detected

CPU: total 4 (initial active 4) (2 cores per cpu, 2 threads per core) family 6 model 142 stepping 9 microcode 0xb4, cx8, cmov, fxsr, ht, mmx, 3dnowpref, sse, sse2, sse3, ssse3, sse4.1, sse4.2, popcnt, lzcnt, tsc, tscinvbit, avx, avx2, aes, erms, clmul, bmi1, bmi2, rtm, adx, fma, vzeroupper, clflush, clflushopt, hv, rdtscp, f16c
Processor Information for the first 4 processors :
  Max Mhz: 2712, Current Mhz: 2611, Mhz Limit: 2603

Memory: 4k page, system-wide physical 16222M (2254M free)
TotalPageFile size 65374M (AvailPageFile size 4M)
current process WorkingSet (physical memory assigned to process): 108M, peak: 108M
current process commit charge ("private bytes"): 239M, peak: 239M

vm_info: OpenJDK 64-Bit Server VM (21.0.8+9-LTS) for windows-amd64 JRE (21.0.8+9-LTS), built on 2025-07-15T00:00:00Z by "admin" with MS VC++ 17.7 (VS2022)

END.
