#
# There is insufficient memory for the Java Runtime Environment to continue.
# Native memory allocation (malloc) failed to allocate 1612528 bytes. Error detail: Chunk::new
# Possible reasons:
#   The system is out of physical RAM or swap space
#   This process is running with CompressedOops enabled, and the Java Heap may be blocking the growth of the native heap
# Possible solutions:
#   Reduce memory load on the system
#   Increase physical memory or swap space
#   Check if swap backing store is full
#   Decrease Java heap size (-Xmx/-Xms)
#   Decrease number of Java threads
#   Decrease Java thread stack sizes (-Xss)
#   Set larger code cache with -XX:ReservedCodeCacheSize=
#   JVM is running with Unscaled Compressed Oops mode in which the Java heap is
#     placed in the first 4GB address space. The Java Heap base address is the
#     maximum limit for the native heap growth. Please use -XX:HeapBaseMinAddress
#     to set the Java Heap base and to place the Java Heap above 4GB virtual address.
# This output file may be truncated or incomplete.
#
#  Out of Memory Error (arena.cpp:168), pid=14128, tid=13536
#
# JRE version: OpenJDK Runtime Environment Temurin-21.0.8+9 (21.0.8+9) (build 21.0.8+9-LTS)
# Java VM: OpenJDK 64-Bit Server VM Temurin-21.0.8+9 (21.0.8+9-LTS, mixed mode, sharing, tiered, compressed oops, compressed class ptrs, parallel gc, windows-amd64)
# No core dump will be written. Minidumps are not enabled by default on client versions of Windows
#

---------------  S U M M A R Y ------------

Command Line: --add-modules=ALL-SYSTEM --add-opens=java.base/java.util=ALL-UNNAMED --add-opens=java.base/java.lang=ALL-UNNAMED --add-opens=java.base/sun.nio.fs=ALL-UNNAMED -Declipse.application=org.eclipse.jdt.ls.core.id1 -Dosgi.bundles.defaultStartLevel=4 -Declipse.product=org.eclipse.jdt.ls.core.product -Djava.import.generatesMetadataFilesAtProjectRoot=false -DDetectVMInstallationsJob.disabled=true -Dfile.encoding=utf8 -XX:+UseParallelGC -XX:GCTimeRatio=4 -XX:AdaptiveSizePolicyWeight=90 -Dsun.zip.disableMemoryMapping=true -Xmx2G -Xms100m -Xlog:disable -javaagent:c:\Users\LENOVO\.vscode\extensions\redhat.java-1.44.0-win32-x64\lombok\lombok-1.18.39-4050.jar c:\Users\LENOVO\.vscode\extensions\redhat.java-1.44.0-win32-x64\server\plugins\org.eclipse.equinox.launcher_1.7.0.v20250519-0528.jar -configuration c:\Users\LENOVO\AppData\Roaming\Code\User\globalStorage\redhat.java\1.44.0\config_ss_win -data c:\Users\LENOVO\AppData\Roaming\Code\User\workspaceStorage\6748ce0c91289b22e9b1ac29d8119738\redhat.java\ss_ws --pipe=\\.\pipe\lsp-1aa95ba948e118a5f3fbb70a84f8e4c1-sock

Host: Intel(R) Core(TM) i5-7300U CPU @ 2.60GHz, 4 cores, 15G,  Windows 10 , 64 bit Build 19041 (10.0.19041.5915)
Time: Sun Aug 24 16:05:09 2025 elapsed time: 46.153451 seconds (0d 0h 0m 46s)

---------------  T H R E A D  ---------------

Current thread (0x0000021d4f132740):  JavaThread "C2 CompilerThread0" daemon [_thread_in_native, id=13536, stack(0x000000482b600000,0x000000482b700000) (1024K)]


Current CompileTask:
C2:46153 2742       4       org.lombokweb.asm.ClassReader::readMethod (1070 bytes)

Stack: [0x000000482b600000,0x000000482b700000]
Native frames: (J=compiled Java code, j=interpreted, Vv=VM code, C=native code)
V  [jvm.dll+0x6d2449]
V  [jvm.dll+0x8ae341]
V  [jvm.dll+0x8b08be]
V  [jvm.dll+0x8b0fa3]
V  [jvm.dll+0x280c96]
V  [jvm.dll+0xc581d]
V  [jvm.dll+0xc5d53]
V  [jvm.dll+0x3b919c]
V  [jvm.dll+0x1e1213]
V  [jvm.dll+0x249022]
V  [jvm.dll+0x2484af]
V  [jvm.dll+0x1c89ee]
V  [jvm.dll+0x257d4d]
V  [jvm.dll+0x2562ea]
V  [jvm.dll+0x3f2d16]
V  [jvm.dll+0x857e6b]
V  [jvm.dll+0x6d0b0d]
C  [ucrtbase.dll+0x21bb2]
C  [KERNEL32.DLL+0x17374]
C  [ntdll.dll+0x4cc91]


---------------  P R O C E S S  ---------------

Threads class SMR info:
_java_thread_list=0x0000021d6b20cfd0, length=20, elements={
0x0000021d4cfa4ab0, 0x0000021d4f128f60, 0x0000021d4f12a860, 0x0000021d4f12c3e0,
0x0000021d4f12d2f0, 0x0000021d4f130ec0, 0x0000021d4f131910, 0x0000021d4f132740,
0x0000021d4f19f540, 0x0000021d4f2ada80, 0x0000021d6694d7d0, 0x0000021d6b3e8df0,
0x0000021d4f177cf0, 0x0000021d4f178350, 0x0000021d66b2fd40, 0x0000021d6b00a0a0,
0x0000021d6b6b1eb0, 0x0000021d6b65f850, 0x0000021d667f1d80, 0x0000021d6b732ca0
}

Java Threads: ( => current thread )
  0x0000021d4cfa4ab0 JavaThread "main"                              [_thread_blocked, id=17100, stack(0x000000482ac00000,0x000000482ad00000) (1024K)]
  0x0000021d4f128f60 JavaThread "Reference Handler"          daemon [_thread_blocked, id=23056, stack(0x000000482b000000,0x000000482b100000) (1024K)]
  0x0000021d4f12a860 JavaThread "Finalizer"                  daemon [_thread_blocked, id=21564, stack(0x000000482b100000,0x000000482b200000) (1024K)]
  0x0000021d4f12c3e0 JavaThread "Signal Dispatcher"          daemon [_thread_blocked, id=29536, stack(0x000000482b200000,0x000000482b300000) (1024K)]
  0x0000021d4f12d2f0 JavaThread "Attach Listener"            daemon [_thread_blocked, id=28888, stack(0x000000482b300000,0x000000482b400000) (1024K)]
  0x0000021d4f130ec0 JavaThread "Service Thread"             daemon [_thread_blocked, id=19188, stack(0x000000482b400000,0x000000482b500000) (1024K)]
  0x0000021d4f131910 JavaThread "Monitor Deflation Thread"   daemon [_thread_blocked, id=6084, stack(0x000000482b500000,0x000000482b600000) (1024K)]
=>0x0000021d4f132740 JavaThread "C2 CompilerThread0"         daemon [_thread_in_native, id=13536, stack(0x000000482b600000,0x000000482b700000) (1024K)]
  0x0000021d4f19f540 JavaThread "C1 CompilerThread0"         daemon [_thread_in_native, id=18220, stack(0x000000482b700000,0x000000482b800000) (1024K)]
  0x0000021d4f2ada80 JavaThread "Common-Cleaner"             daemon [_thread_blocked, id=26016, stack(0x000000482b800000,0x000000482b900000) (1024K)]
  0x0000021d6694d7d0 JavaThread "Notification Thread"        daemon [_thread_blocked, id=31792, stack(0x000000482b900000,0x000000482ba00000) (1024K)]
  0x0000021d6b3e8df0 JavaThread "Active Thread: Equinox Container: 3231dde3-08fc-43e5-9571-c411c8ce5099"        [_thread_blocked, id=4264, stack(0x000000482bd00000,0x000000482be00000) (1024K)]
  0x0000021d4f177cf0 JavaThread "Framework Event Dispatcher: Equinox Container: 3231dde3-08fc-43e5-9571-c411c8ce5099" daemon [_thread_blocked, id=13368, stack(0x000000482be00000,0x000000482bf00000) (1024K)]
  0x0000021d4f178350 JavaThread "Start Level: Equinox Container: 3231dde3-08fc-43e5-9571-c411c8ce5099" daemon [_thread_in_vm, id=30836, stack(0x000000482bf00000,0x000000482c000000) (1024K)]
  0x0000021d66b2fd40 JavaThread "SCR Component Actor"        daemon [_thread_blocked, id=25516, stack(0x000000482c000000,0x000000482c100000) (1024K)]
  0x0000021d6b00a0a0 JavaThread "SCR Component Registry"     daemon [_thread_blocked, id=22024, stack(0x000000482c100000,0x000000482c200000) (1024K)]
  0x0000021d6b6b1eb0 JavaThread "Worker-JM"                         [_thread_blocked, id=22964, stack(0x000000482c200000,0x000000482c300000) (1024K)]
  0x0000021d6b65f850 JavaThread "JNA Cleaner"                daemon [_thread_blocked, id=5712, stack(0x000000482c300000,0x000000482c400000) (1024K)]
  0x0000021d667f1d80 JavaThread "Worker-0"                          [_thread_blocked, id=29836, stack(0x000000482c400000,0x000000482c500000) (1024K)]
  0x0000021d6b732ca0 JavaThread "Worker-1"                          [_thread_blocked, id=25376, stack(0x000000482c500000,0x000000482c600000) (1024K)]
Total: 20

Other Threads:
  0x0000021d4f11e220 VMThread "VM Thread"                           [id=21488, stack(0x000000482af00000,0x000000482b000000) (1024K)]
  0x0000021d4f2abdb0 WatcherThread "VM Periodic Task Thread"        [id=5884, stack(0x000000482ae00000,0x000000482af00000) (1024K)]
  0x0000021d4f25eda0 WorkerThread "GC Thread#0"                     [id=17976, stack(0x000000482ad00000,0x000000482ae00000) (1024K)]
  0x0000021d6b1a5b80 WorkerThread "GC Thread#1"                     [id=15260, stack(0x000000482ba00000,0x000000482bb00000) (1024K)]
  0x0000021d6b1a66c0 WorkerThread "GC Thread#2"                     [id=32536, stack(0x000000482bb00000,0x000000482bc00000) (1024K)]
  0x0000021d6b1a6a60 WorkerThread "GC Thread#3"                     [id=32, stack(0x000000482bc00000,0x000000482bd00000) (1024K)]
Total: 6

Threads with active compile tasks:
C2 CompilerThread0  46215 2742       4       org.lombokweb.asm.ClassReader::readMethod (1070 bytes)
C1 CompilerThread0  46215 2821       3       java.lang.invoke.MethodHandleImpl::makePairwiseConvertByEditor (617 bytes)
Total: 2

VM state: not at safepoint (normal execution)

VM Mutex/Monitor currently owned by a thread: None

Heap address: 0x0000000080000000, size: 2048 MB, Compressed Oops mode: 32-bit

CDS archive(s) mapped at: [0x0000021d00000000-0x0000021d00ba0000-0x0000021d00ba0000), size 12189696, SharedBaseAddress: 0x0000021d00000000, ArchiveRelocationMode: 1.
Compressed class space mapped at: 0x0000021d01000000-0x0000021d41000000, reserved size: 1073741824
Narrow klass base: 0x0000021d00000000, Narrow klass shift: 0, Narrow klass range: 0x100000000

GC Precious Log:
 CardTable entry size: 512
 CPUs: 4 total, 4 available
 Memory: 16222M
 Large Page Support: Disabled
 NUMA Support: Disabled
 Compressed Oops: Enabled (32-bit)
 Alignments: Space 512K, Generation 512K, Heap 2M
 Heap Min Capacity: 100M
 Heap Initial Capacity: 100M
 Heap Max Capacity: 2G
 Pre-touch: Disabled
 Parallel Workers: 4

Heap:
 PSYoungGen      total 29696K, used 21690K [0x00000000d5580000, 0x00000000d7780000, 0x0000000100000000)
  eden space 25088K, 86% used [0x00000000d5580000,0x00000000d6aaeb98,0x00000000d6e00000)
  from space 4608K, 0% used [0x00000000d7300000,0x00000000d7300000,0x00000000d7780000)
  to   space 4608K, 0% used [0x00000000d6e80000,0x00000000d6e80000,0x00000000d7300000)
 ParOldGen       total 68608K, used 8684K [0x0000000080000000, 0x0000000084300000, 0x00000000d5580000)
  object space 68608K, 12% used [0x0000000080000000,0x000000008087b298,0x0000000084300000)
 Metaspace       used 22241K, committed 22912K, reserved 1114112K
  class space    used 2144K, committed 2432K, reserved 1048576K

Card table byte_map: [0x0000021d4ebf0000,0x0000021d4f000000] _byte_map_base: 0x0000021d4e7f0000

Marking Bits: (ParMarkBitMap*) 0x00007fff6bd6a340
 Begin Bits: [0x0000021d616f0000, 0x0000021d636f0000)
 End Bits:   [0x0000021d636f0000, 0x0000021d656f0000)

Polling page: 0x0000021d4cf40000

Metaspace:

Usage:
  Non-class:     19.63 MB used.
      Class:      2.09 MB used.
       Both:     21.72 MB used.

Virtual space:
  Non-class space:       64.00 MB reserved,      20.00 MB ( 31%) committed,  1 nodes.
      Class space:        1.00 GB reserved,       2.38 MB ( <1%) committed,  1 nodes.
             Both:        1.06 GB reserved,      22.38 MB (  2%) committed. 

Chunk freelists:
   Non-Class:  11.59 MB
       Class:  13.45 MB
        Both:  25.04 MB

MaxMetaspaceSize: unlimited
CompressedClassSpaceSize: 1.00 GB
Initial GC threshold: 21.00 MB
Current GC threshold: 35.00 MB
CDS: on
 - commit_granule_bytes: 65536.
 - commit_granule_words: 8192.
 - virtual_space_node_default_size: 8388608.
 - enlarge_chunks_in_place: 1.
 - use_allocation_guard: 0.


Internal statistics:

num_allocs_failed_limit: 3.
num_arena_births: 506.
num_arena_deaths: 14.
num_vsnodes_births: 2.
num_vsnodes_deaths: 0.
num_space_committed: 358.
num_space_uncommitted: 0.
num_chunks_returned_to_freelist: 17.
num_chunks_taken_from_freelist: 1333.
num_chunk_merges: 9.
num_chunk_splits: 874.
num_chunks_enlarged: 594.
num_inconsistent_stats: 0.

CodeHeap 'non-profiled nmethods': size=120000Kb used=1158Kb max_used=1158Kb free=118842Kb
 bounds [0x0000021d59f10000, 0x0000021d5a180000, 0x0000021d61440000]
CodeHeap 'profiled nmethods': size=120000Kb used=5583Kb max_used=5583Kb free=114416Kb
 bounds [0x0000021d52440000, 0x0000021d529c0000, 0x0000021d59970000]
CodeHeap 'non-nmethods': size=5760Kb used=1318Kb max_used=1321Kb free=4441Kb
 bounds [0x0000021d59970000, 0x0000021d59be0000, 0x0000021d59f10000]
CodeCache: size=245760Kb, used=8059Kb, max_used=8062Kb, free=237699Kb
 total_blobs=3411, nmethods=2808, adapters=509, full_count=0
Compilation: enabled, stopped_count=0, restarted_count=0

Compilation events (20 events):
Event: 46.051 Thread 0x0000021d4f19f540 2803       3       org.lombokweb.asm.MethodWriter::endCurrentBasicBlockWithNoSuccessor (98 bytes)
Event: 46.051 Thread 0x0000021d4f19f540 nmethod 2803 0x0000021d529a9290 code [0x0000021d529a9480, 0x0000021d529a9948]
Event: 46.051 Thread 0x0000021d4f19f540 2800       3       java.util.regex.Matcher::group (65 bytes)
Event: 46.052 Thread 0x0000021d4f19f540 nmethod 2800 0x0000021d529a9b10 code [0x0000021d529a9d40, 0x0000021d529aa3b0]
Event: 46.052 Thread 0x0000021d4f19f540 2801       3       java.util.regex.Matcher::checkGroup (41 bytes)
Event: 46.053 Thread 0x0000021d4f19f540 nmethod 2801 0x0000021d529aa610 code [0x0000021d529aa840, 0x0000021d529aaec8]
Event: 46.053 Thread 0x0000021d4f19f540 2804       3       org.lombokweb.asm.MethodVisitor::visitLocalVariable (24 bytes)
Event: 46.053 Thread 0x0000021d4f19f540 nmethod 2804 0x0000021d529ab190 code [0x0000021d529ab340, 0x0000021d529ab550]
Event: 46.055 Thread 0x0000021d4f19f540 2805       3       org.lombokweb.asm.MethodVisitor::visitTypeInsn (17 bytes)
Event: 46.056 Thread 0x0000021d4f19f540 nmethod 2805 0x0000021d529ab610 code [0x0000021d529ab7c0, 0x0000021d529ab9c8]
Event: 46.084 Thread 0x0000021d4f19f540 2806       3       jdk.internal.loader.BuiltinClassLoader$2::run (5 bytes)
Event: 46.085 Thread 0x0000021d4f19f540 nmethod 2806 0x0000021d529aba90 code [0x0000021d529abc40, 0x0000021d529abd98]
Event: 46.085 Thread 0x0000021d4f19f540 2807   !   3       jdk.internal.loader.BuiltinClassLoader$2::run (114 bytes)
Event: 46.086 Thread 0x0000021d4f19f540 nmethod 2807 0x0000021d529abe90 code [0x0000021d529ac140, 0x0000021d529acf40]
Event: 46.098 Thread 0x0000021d4f19f540 2808       3       org.eclipse.osgi.internal.hookregistry.ClassLoaderHook::preFindLocalResource (1 bytes)
Event: 46.098 Thread 0x0000021d4f19f540 nmethod 2808 0x0000021d529ad410 code [0x0000021d529ad5a0, 0x0000021d529ad6a8]
Event: 46.098 Thread 0x0000021d4f19f540 2809       3       org.eclipse.osgi.internal.hookregistry.ClassLoaderHook::postFindLocalResource (1 bytes)
Event: 46.098 Thread 0x0000021d4f19f540 nmethod 2809 0x0000021d529ad710 code [0x0000021d529ad8a0, 0x0000021d529ad9a8]
Event: 46.128 Thread 0x0000021d4f19f540 2810       3       java.io.File::getCanonicalPath (31 bytes)
Event: 46.128 Thread 0x0000021d4f19f540 nmethod 2810 0x0000021d529ada90 code [0x0000021d529adc80, 0x0000021d529adf58]

GC Heap History (14 events):
Event: 6.063 GC heap before
{Heap before GC invocations=1 (full 0):
 PSYoungGen      total 29696K, used 25600K [0x00000000d5580000, 0x00000000d7680000, 0x0000000100000000)
  eden space 25600K, 100% used [0x00000000d5580000,0x00000000d6e80000,0x00000000d6e80000)
  from space 4096K, 0% used [0x00000000d7280000,0x00000000d7280000,0x00000000d7680000)
  to   space 4096K, 0% used [0x00000000d6e80000,0x00000000d6e80000,0x00000000d7280000)
 ParOldGen       total 68608K, used 0K [0x0000000080000000, 0x0000000084300000, 0x00000000d5580000)
  object space 68608K, 0% used [0x0000000080000000,0x0000000080000000,0x0000000084300000)
 Metaspace       used 4358K, committed 4608K, reserved 1114112K
  class space    used 473K, committed 576K, reserved 1048576K
}
Event: 6.115 GC heap after
{Heap after GC invocations=1 (full 0):
 PSYoungGen      total 29696K, used 3302K [0x00000000d5580000, 0x00000000d7680000, 0x0000000100000000)
  eden space 25600K, 0% used [0x00000000d5580000,0x00000000d5580000,0x00000000d6e80000)
  from space 4096K, 80% used [0x00000000d6e80000,0x00000000d71b9bb8,0x00000000d7280000)
  to   space 4096K, 0% used [0x00000000d7280000,0x00000000d7280000,0x00000000d7680000)
 ParOldGen       total 68608K, used 0K [0x0000000080000000, 0x0000000084300000, 0x00000000d5580000)
  object space 68608K, 0% used [0x0000000080000000,0x0000000080000000,0x0000000084300000)
 Metaspace       used 4358K, committed 4608K, reserved 1114112K
  class space    used 473K, committed 576K, reserved 1048576K
}
Event: 39.924 GC heap before
{Heap before GC invocations=2 (full 0):
 PSYoungGen      total 29696K, used 28902K [0x00000000d5580000, 0x00000000d7680000, 0x0000000100000000)
  eden space 25600K, 100% used [0x00000000d5580000,0x00000000d6e80000,0x00000000d6e80000)
  from space 4096K, 80% used [0x00000000d6e80000,0x00000000d71b9bb8,0x00000000d7280000)
  to   space 4096K, 0% used [0x00000000d7280000,0x00000000d7280000,0x00000000d7680000)
 ParOldGen       total 68608K, used 0K [0x0000000080000000, 0x0000000084300000, 0x00000000d5580000)
  object space 68608K, 0% used [0x0000000080000000,0x0000000080000000,0x0000000084300000)
 Metaspace       used 8169K, committed 8384K, reserved 1114112K
  class space    used 865K, committed 960K, reserved 1048576K
}
Event: 39.933 GC heap after
{Heap after GC invocations=2 (full 0):
 PSYoungGen      total 29696K, used 4069K [0x00000000d5580000, 0x00000000d7680000, 0x0000000100000000)
  eden space 25600K, 0% used [0x00000000d5580000,0x00000000d5580000,0x00000000d6e80000)
  from space 4096K, 99% used [0x00000000d7280000,0x00000000d7679520,0x00000000d7680000)
  to   space 4096K, 0% used [0x00000000d6e80000,0x00000000d6e80000,0x00000000d7280000)
 ParOldGen       total 68608K, used 903K [0x0000000080000000, 0x0000000084300000, 0x00000000d5580000)
  object space 68608K, 1% used [0x0000000080000000,0x00000000800e1ea8,0x0000000084300000)
 Metaspace       used 8169K, committed 8384K, reserved 1114112K
  class space    used 865K, committed 960K, reserved 1048576K
}
Event: 42.627 GC heap before
{Heap before GC invocations=3 (full 0):
 PSYoungGen      total 29696K, used 29669K [0x00000000d5580000, 0x00000000d7680000, 0x0000000100000000)
  eden space 25600K, 100% used [0x00000000d5580000,0x00000000d6e80000,0x00000000d6e80000)
  from space 4096K, 99% used [0x00000000d7280000,0x00000000d7679520,0x00000000d7680000)
  to   space 4096K, 0% used [0x00000000d6e80000,0x00000000d6e80000,0x00000000d7280000)
 ParOldGen       total 68608K, used 903K [0x0000000080000000, 0x0000000084300000, 0x00000000d5580000)
  object space 68608K, 1% used [0x0000000080000000,0x00000000800e1ea8,0x0000000084300000)
 Metaspace       used 13009K, committed 13568K, reserved 1114112K
  class space    used 1369K, committed 1600K, reserved 1048576K
}
Event: 42.637 GC heap after
{Heap after GC invocations=3 (full 0):
 PSYoungGen      total 29696K, used 4069K [0x00000000d5580000, 0x00000000d7680000, 0x0000000100000000)
  eden space 25600K, 0% used [0x00000000d5580000,0x00000000d5580000,0x00000000d6e80000)
  from space 4096K, 99% used [0x00000000d6e80000,0x00000000d7279428,0x00000000d7280000)
  to   space 4096K, 0% used [0x00000000d7280000,0x00000000d7280000,0x00000000d7680000)
 ParOldGen       total 68608K, used 2723K [0x0000000080000000, 0x0000000084300000, 0x00000000d5580000)
  object space 68608K, 3% used [0x0000000080000000,0x00000000802a8fc8,0x0000000084300000)
 Metaspace       used 13009K, committed 13568K, reserved 1114112K
  class space    used 1369K, committed 1600K, reserved 1048576K
}
Event: 44.534 GC heap before
{Heap before GC invocations=4 (full 0):
 PSYoungGen      total 29696K, used 29644K [0x00000000d5580000, 0x00000000d7680000, 0x0000000100000000)
  eden space 25600K, 99% used [0x00000000d5580000,0x00000000d6e79bf0,0x00000000d6e80000)
  from space 4096K, 99% used [0x00000000d6e80000,0x00000000d7279428,0x00000000d7280000)
  to   space 4096K, 0% used [0x00000000d7280000,0x00000000d7280000,0x00000000d7680000)
 ParOldGen       total 68608K, used 2723K [0x0000000080000000, 0x0000000084300000, 0x00000000d5580000)
  object space 68608K, 3% used [0x0000000080000000,0x00000000802a8fc8,0x0000000084300000)
 Metaspace       used 17084K, committed 17728K, reserved 1114112K
  class space    used 1791K, committed 2112K, reserved 1048576K
}
Event: 44.543 GC heap after
{Heap after GC invocations=4 (full 0):
 PSYoungGen      total 29696K, used 4091K [0x00000000d5580000, 0x00000000d7680000, 0x0000000100000000)
  eden space 25600K, 0% used [0x00000000d5580000,0x00000000d5580000,0x00000000d6e80000)
  from space 4096K, 99% used [0x00000000d7280000,0x00000000d767ec28,0x00000000d7680000)
  to   space 4096K, 0% used [0x00000000d6e80000,0x00000000d6e80000,0x00000000d7280000)
 ParOldGen       total 68608K, used 4428K [0x0000000080000000, 0x0000000084300000, 0x00000000d5580000)
  object space 68608K, 6% used [0x0000000080000000,0x0000000080453250,0x0000000084300000)
 Metaspace       used 17084K, committed 17728K, reserved 1114112K
  class space    used 1791K, committed 2112K, reserved 1048576K
}
Event: 45.320 GC heap before
{Heap before GC invocations=5 (full 0):
 PSYoungGen      total 29696K, used 29691K [0x00000000d5580000, 0x00000000d7680000, 0x0000000100000000)
  eden space 25600K, 100% used [0x00000000d5580000,0x00000000d6e80000,0x00000000d6e80000)
  from space 4096K, 99% used [0x00000000d7280000,0x00000000d767ec28,0x00000000d7680000)
  to   space 4096K, 0% used [0x00000000d6e80000,0x00000000d6e80000,0x00000000d7280000)
 ParOldGen       total 68608K, used 4428K [0x0000000080000000, 0x0000000084300000, 0x00000000d5580000)
  object space 68608K, 6% used [0x0000000080000000,0x0000000080453250,0x0000000084300000)
 Metaspace       used 20330K, committed 21056K, reserved 1114112K
  class space    used 2007K, committed 2304K, reserved 1048576K
}
Event: 45.328 GC heap after
{Heap after GC invocations=5 (full 0):
 PSYoungGen      total 29184K, used 4095K [0x00000000d5580000, 0x00000000d7800000, 0x0000000100000000)
  eden space 25088K, 0% used [0x00000000d5580000,0x00000000d5580000,0x00000000d6e00000)
  from space 4096K, 99% used [0x00000000d6e80000,0x00000000d727fe50,0x00000000d7280000)
  to   space 5120K, 0% used [0x00000000d7300000,0x00000000d7300000,0x00000000d7800000)
 ParOldGen       total 68608K, used 4621K [0x0000000080000000, 0x0000000084300000, 0x00000000d5580000)
  object space 68608K, 6% used [0x0000000080000000,0x00000000804835e0,0x0000000084300000)
 Metaspace       used 20330K, committed 21056K, reserved 1114112K
  class space    used 2007K, committed 2304K, reserved 1048576K
}
Event: 45.411 GC heap before
{Heap before GC invocations=6 (full 0):
 PSYoungGen      total 29184K, used 9701K [0x00000000d5580000, 0x00000000d7800000, 0x0000000100000000)
  eden space 25088K, 22% used [0x00000000d5580000,0x00000000d5af9680,0x00000000d6e00000)
  from space 4096K, 99% used [0x00000000d6e80000,0x00000000d727fe50,0x00000000d7280000)
  to   space 5120K, 0% used [0x00000000d7300000,0x00000000d7300000,0x00000000d7800000)
 ParOldGen       total 68608K, used 4621K [0x0000000080000000, 0x0000000084300000, 0x00000000d5580000)
  object space 68608K, 6% used [0x0000000080000000,0x00000000804835e0,0x0000000084300000)
 Metaspace       used 20815K, committed 21504K, reserved 1114112K
  class space    used 2043K, committed 2368K, reserved 1048576K
}
Event: 45.419 GC heap after
{Heap after GC invocations=6 (full 0):
 PSYoungGen      total 29696K, used 4465K [0x00000000d5580000, 0x00000000d7780000, 0x0000000100000000)
  eden space 25088K, 0% used [0x00000000d5580000,0x00000000d5580000,0x00000000d6e00000)
  from space 4608K, 96% used [0x00000000d7300000,0x00000000d775c528,0x00000000d7780000)
  to   space 4608K, 0% used [0x00000000d6e80000,0x00000000d6e80000,0x00000000d7300000)
 ParOldGen       total 68608K, used 4621K [0x0000000080000000, 0x0000000084300000, 0x00000000d5580000)
  object space 68608K, 6% used [0x0000000080000000,0x00000000804835e0,0x0000000084300000)
 Metaspace       used 20815K, committed 21504K, reserved 1114112K
  class space    used 2043K, committed 2368K, reserved 1048576K
}
Event: 45.419 GC heap before
{Heap before GC invocations=7 (full 1):
 PSYoungGen      total 29696K, used 4465K [0x00000000d5580000, 0x00000000d7780000, 0x0000000100000000)
  eden space 25088K, 0% used [0x00000000d5580000,0x00000000d5580000,0x00000000d6e00000)
  from space 4608K, 96% used [0x00000000d7300000,0x00000000d775c528,0x00000000d7780000)
  to   space 4608K, 0% used [0x00000000d6e80000,0x00000000d6e80000,0x00000000d7300000)
 ParOldGen       total 68608K, used 4621K [0x0000000080000000, 0x0000000084300000, 0x00000000d5580000)
  object space 68608K, 6% used [0x0000000080000000,0x00000000804835e0,0x0000000084300000)
 Metaspace       used 20815K, committed 21504K, reserved 1114112K
  class space    used 2043K, committed 2368K, reserved 1048576K
}
Event: 45.480 GC heap after
{Heap after GC invocations=7 (full 1):
 PSYoungGen      total 29696K, used 0K [0x00000000d5580000, 0x00000000d7780000, 0x0000000100000000)
  eden space 25088K, 0% used [0x00000000d5580000,0x00000000d5580000,0x00000000d6e00000)
  from space 4608K, 0% used [0x00000000d7300000,0x00000000d7300000,0x00000000d7780000)
  to   space 4608K, 0% used [0x00000000d6e80000,0x00000000d6e80000,0x00000000d7300000)
 ParOldGen       total 68608K, used 8684K [0x0000000080000000, 0x0000000084300000, 0x00000000d5580000)
  object space 68608K, 12% used [0x0000000080000000,0x000000008087b298,0x0000000084300000)
 Metaspace       used 20802K, committed 21504K, reserved 1114112K
  class space    used 2039K, committed 2368K, reserved 1048576K
}

Dll operation events (10 events):
Event: 0.155 Loaded shared library c:\Users\LENOVO\.vscode\extensions\redhat.java-1.44.0-win32-x64\jre\21.0.8-win32-x86_64\bin\java.dll
Event: 0.539 Loaded shared library c:\Users\LENOVO\.vscode\extensions\redhat.java-1.44.0-win32-x64\jre\21.0.8-win32-x86_64\bin\zip.dll
Event: 0.623 Loaded shared library C:\Users\LENOVO\.vscode\extensions\redhat.java-1.44.0-win32-x64\jre\21.0.8-win32-x86_64\bin\instrument.dll
Event: 0.718 Loaded shared library C:\Users\LENOVO\.vscode\extensions\redhat.java-1.44.0-win32-x64\jre\21.0.8-win32-x86_64\bin\net.dll
Event: 0.724 Loaded shared library C:\Users\LENOVO\.vscode\extensions\redhat.java-1.44.0-win32-x64\jre\21.0.8-win32-x86_64\bin\nio.dll
Event: 0.734 Loaded shared library C:\Users\LENOVO\.vscode\extensions\redhat.java-1.44.0-win32-x64\jre\21.0.8-win32-x86_64\bin\zip.dll
Event: 0.804 Loaded shared library C:\Users\LENOVO\.vscode\extensions\redhat.java-1.44.0-win32-x64\jre\21.0.8-win32-x86_64\bin\jimage.dll
Event: 1.269 Loaded shared library c:\Users\LENOVO\.vscode\extensions\redhat.java-1.44.0-win32-x64\jre\21.0.8-win32-x86_64\bin\verify.dll
Event: 39.958 Loaded shared library C:\Users\LENOVO\AppData\Roaming\Code\User\globalStorage\redhat.java\1.44.0\config_ss_win\org.eclipse.equinox.launcher\org.eclipse.equinox.launcher.win32.win32.x86_64_1.2.1400.v20250730-1736\eclipse_11913.dll
Event: 43.839 Loaded shared library C:\Users\LENOVO\AppData\Local\Temp\jna--2053026509\jna18117339122711625420.dll

Deoptimization events (20 events):
Event: 44.359 Thread 0x0000021d4f178350 Uncommon trap: trap_request=0xffffffde fr.pc=0x0000021d5a0069c4 relative=0x00000000000003e4
Event: 44.359 Thread 0x0000021d4f178350 Uncommon trap: reason=class_check action=maybe_recompile pc=0x0000021d5a0069c4 method=java.util.regex.Pattern$BmpCharPropertyGreedy.match(Ljava/util/regex/Matcher;ILjava/lang/CharSequence;)Z @ 70 c2
Event: 44.359 Thread 0x0000021d4f178350 DEOPT PACKING pc=0x0000021d5a0069c4 sp=0x000000482bfef260
Event: 44.359 Thread 0x0000021d4f178350 DEOPT UNPACKING pc=0x0000021d599c3aa2 sp=0x000000482bfef208 mode 2
Event: 44.594 Thread 0x0000021d4f178350 Uncommon trap: trap_request=0xffffff45 fr.pc=0x0000021d5a024480 relative=0x0000000000000800
Event: 44.594 Thread 0x0000021d4f178350 Uncommon trap: reason=unstable_if action=reinterpret pc=0x0000021d5a024480 method=org.lombokweb.asm.ClassReader.readUTF8(I[C)Ljava/lang/String; @ 11 c2
Event: 44.594 Thread 0x0000021d4f178350 DEOPT PACKING pc=0x0000021d5a024480 sp=0x000000482bfef3a0
Event: 44.594 Thread 0x0000021d4f178350 DEOPT UNPACKING pc=0x0000021d599c3aa2 sp=0x000000482bfef388 mode 2
Event: 45.247 Thread 0x0000021d4f178350 Uncommon trap: trap_request=0xffffff6e fr.pc=0x0000021d5a02eaec relative=0x0000000000000b6c
Event: 45.247 Thread 0x0000021d4f178350 Uncommon trap: reason=loop_limit_check action=maybe_recompile pc=0x0000021d5a02eaec method=java.util.regex.Pattern$StartS.match(Ljava/util/regex/Matcher;ILjava/lang/CharSequence;)Z @ 34 c2
Event: 45.247 Thread 0x0000021d4f178350 DEOPT PACKING pc=0x0000021d5a02eaec sp=0x000000482bff25c0
Event: 45.247 Thread 0x0000021d4f178350 DEOPT UNPACKING pc=0x0000021d599c3aa2 sp=0x000000482bff2530 mode 2
Event: 45.313 Thread 0x0000021d4f178350 Uncommon trap: trap_request=0xffffff45 fr.pc=0x0000021d5a02fbd0 relative=0x0000000000000390
Event: 45.313 Thread 0x0000021d4f178350 Uncommon trap: reason=unstable_if action=reinterpret pc=0x0000021d5a02fbd0 method=org.lombokweb.asm.Label.resolve([BLorg/lombokweb/asm/ByteVector;I)Z @ 81 c2
Event: 45.313 Thread 0x0000021d4f178350 DEOPT PACKING pc=0x0000021d5a02fbd0 sp=0x000000482bff2640
Event: 45.313 Thread 0x0000021d4f178350 DEOPT UNPACKING pc=0x0000021d599c3aa2 sp=0x000000482bff2548 mode 2
Event: 45.837 Thread 0x0000021d4f178350 Uncommon trap: trap_request=0xffffffcc fr.pc=0x0000021d5a021824 relative=0x0000000000000364
Event: 45.837 Thread 0x0000021d4f178350 Uncommon trap: reason=intrinsic_or_type_checked_inlining action=make_not_entrant pc=0x0000021d5a021824 method=java.util.Arrays.copyOf([Ljava/lang/Object;ILjava/lang/Class;)[Ljava/lang/Object; @ 35 c2
Event: 45.837 Thread 0x0000021d4f178350 DEOPT PACKING pc=0x0000021d5a021824 sp=0x000000482bff92f0
Event: 45.837 Thread 0x0000021d4f178350 DEOPT UNPACKING pc=0x0000021d599c3aa2 sp=0x000000482bff9280 mode 2

Classes loaded (20 events):
Event: 44.445 Loading class java/io/StringReader
Event: 44.445 Loading class java/io/StringReader done
Event: 44.460 Loading class java/net/SocketTimeoutException
Event: 44.461 Loading class java/io/InterruptedIOException
Event: 44.461 Loading class java/io/InterruptedIOException done
Event: 44.461 Loading class java/net/SocketTimeoutException done
Event: 44.461 Loading class java/net/SocketException
Event: 44.461 Loading class java/net/SocketException done
Event: 44.461 Loading class java/net/UnknownHostException
Event: 44.461 Loading class java/net/UnknownHostException done
Event: 44.461 Loading class java/net/ProtocolException
Event: 44.461 Loading class java/net/ProtocolException done
Event: 44.534 Loading class java/lang/ThreadLocal$SuppliedThreadLocal
Event: 44.534 Loading class java/lang/ThreadLocal$SuppliedThreadLocal done
Event: 44.568 Loading class java/io/FileWriter
Event: 44.568 Loading class java/io/FileWriter done
Event: 44.570 Loading class java/lang/NegativeArraySizeException
Event: 44.571 Loading class java/lang/NegativeArraySizeException done
Event: 45.898 Loading class org/w3c/dom/DOMException
Event: 45.898 Loading class org/w3c/dom/DOMException done

Classes unloaded (7 events):
Event: 45.431 Thread 0x0000021d4f11e220 Unloading class 0x0000021d01188c00 'java/lang/invoke/LambdaForm$MH+0x0000021d01188c00'
Event: 45.431 Thread 0x0000021d4f11e220 Unloading class 0x0000021d01188800 'java/lang/invoke/LambdaForm$MH+0x0000021d01188800'
Event: 45.431 Thread 0x0000021d4f11e220 Unloading class 0x0000021d01188400 'java/lang/invoke/LambdaForm$MH+0x0000021d01188400'
Event: 45.431 Thread 0x0000021d4f11e220 Unloading class 0x0000021d01188000 'java/lang/invoke/LambdaForm$MH+0x0000021d01188000'
Event: 45.431 Thread 0x0000021d4f11e220 Unloading class 0x0000021d01187c00 'java/lang/invoke/LambdaForm$BMH+0x0000021d01187c00'
Event: 45.431 Thread 0x0000021d4f11e220 Unloading class 0x0000021d01187800 'java/lang/invoke/LambdaForm$DMH+0x0000021d01187800'
Event: 45.431 Thread 0x0000021d4f11e220 Unloading class 0x0000021d01186400 'java/lang/invoke/LambdaForm$DMH+0x0000021d01186400'

Classes redefined (0 events):
No events

Internal exceptions (20 events):
Event: 43.882 Thread 0x0000021d4f178350 Exception <a 'java/lang/NoSuchMethodError'{0x00000000d64305f8}: 'void java.lang.invoke.DirectMethodHandle$Holder.invokeSpecial(java.lang.Object, java.lang.Object, java.lang.Object, int)'> (0x00000000d64305f8) 
thrown [s\src\hotspot\share\interpreter\linkResolver.cpp, line 773]
Event: 43.883 Thread 0x0000021d4f178350 Exception <a 'java/lang/NoSuchMethodError'{0x00000000d64343d0}: 'void java.lang.invoke.DelegatingMethodHandle$Holder.reinvoke_L(java.lang.Object, java.lang.Object, int)'> (0x00000000d64343d0) 
thrown [s\src\hotspot\share\interpreter\linkResolver.cpp, line 773]
Event: 43.884 Thread 0x0000021d4f178350 Exception <a 'java/lang/NoSuchMethodError'{0x00000000d643b0b8}: 'int java.lang.invoke.Invokers$Holder.invokeExact_MT(java.lang.Object, java.lang.Object, java.lang.Object)'> (0x00000000d643b0b8) 
thrown [s\src\hotspot\share\interpreter\linkResolver.cpp, line 773]
Event: 43.934 Thread 0x0000021d4f178350 Exception <a 'java/lang/NoSuchMethodError'{0x00000000d654bca0}: 'void java.lang.invoke.Invokers$Holder.invokeExact_MT(java.lang.Object, java.lang.Object, int, java.lang.Object)'> (0x00000000d654bca0) 
thrown [s\src\hotspot\share\interpreter\linkResolver.cpp, line 773]
Event: 44.035 Thread 0x0000021d4f178350 Exception <a 'java/lang/NoSuchMethodError'{0x00000000d66437e8}: 'java.lang.Object java.lang.invoke.DirectMethodHandle$Holder.invokeSpecial(java.lang.Object, java.lang.Object, java.lang.Object, long, java.lang.Object)'> (0x00000000d66437e8) 
thrown [s\src\hotspot\share\interpreter\linkResolver.cpp, line 773]
Event: 44.036 Thread 0x0000021d4f178350 Exception <a 'java/lang/NoSuchMethodError'{0x00000000d664b030}: 'java.lang.Object java.lang.invoke.DirectMethodHandle$Holder.newInvokeSpecial(java.lang.Object, java.lang.Object, java.lang.Object, long)'> (0x00000000d664b030) 
thrown [s\src\hotspot\share\interpreter\linkResolver.cpp, line 773]
Event: 44.036 Thread 0x0000021d4f178350 Exception <a 'java/lang/NoSuchMethodError'{0x00000000d664f420}: 'java.lang.Object java.lang.invoke.DirectMethodHandle$Holder.invokeSpecial(java.lang.Object, java.lang.Object, java.lang.Object, java.lang.Object, long)'> (0x00000000d664f420) 
thrown [s\src\hotspot\share\interpreter\linkResolver.cpp, line 773]
Event: 44.037 Thread 0x0000021d4f178350 Exception <a 'java/lang/NoSuchMethodError'{0x00000000d6653040}: 'java.lang.Object java.lang.invoke.Invokers$Holder.linkToTargetMethod(java.lang.Object, java.lang.Object, long, java.lang.Object)'> (0x00000000d6653040) 
thrown [s\src\hotspot\share\interpreter\linkResolver.cpp, line 773]
Event: 44.087 Thread 0x0000021d4f178350 Exception <a 'java/lang/NoSuchMethodError'{0x00000000d66ab378}: 'int java.lang.invoke.DirectMethodHandle$Holder.invokeStaticInit(java.lang.Object, java.lang.Object, java.lang.Object)'> (0x00000000d66ab378) 
thrown [s\src\hotspot\share\interpreter\linkResolver.cpp, line 773]
Event: 44.118 Thread 0x0000021d4f178350 Exception <a 'java/lang/IncompatibleClassChangeError'{0x00000000d6747cb8}: Found class java.lang.Object, but interface was expected> (0x00000000d6747cb8) 
thrown [s\src\hotspot\share\interpreter\linkResolver.cpp, line 840]
Event: 44.128 Thread 0x0000021d4f178350 Exception <a 'java/lang/NoSuchMethodError'{0x00000000d675a470}: 'java.lang.Object java.lang.invoke.DirectMethodHandle$Holder.invokeSpecial(java.lang.Object, java.lang.Object, java.lang.Object, int, java.lang.Object, java.lang.Object)'> (0x00000000d675a470) 
thrown [s\src\hotspot\share\interpreter\linkResolver.cpp, line 773]
Event: 44.130 Thread 0x0000021d4f178350 Exception <a 'java/lang/NoSuchMethodError'{0x00000000d6761f48}: 'java.lang.Object java.lang.invoke.DirectMethodHandle$Holder.newInvokeSpecial(java.lang.Object, java.lang.Object, java.lang.Object, int, java.lang.Object)'> (0x00000000d6761f48) 
thrown [s\src\hotspot\share\interpreter\linkResolver.cpp, line 773]
Event: 44.130 Thread 0x0000021d4f178350 Exception <a 'java/lang/NoSuchMethodError'{0x00000000d6766160}: 'java.lang.Object java.lang.invoke.DirectMethodHandle$Holder.invokeSpecial(java.lang.Object, java.lang.Object, java.lang.Object, java.lang.Object, int, java.lang.Object)'> (0x00000000d6766160) 
thrown [s\src\hotspot\share\interpreter\linkResolver.cpp, line 773]
Event: 44.132 Thread 0x0000021d4f178350 Exception <a 'java/lang/NoSuchMethodError'{0x00000000d6769ca0}: 'java.lang.Object java.lang.invoke.Invokers$Holder.linkToTargetMethod(java.lang.Object, java.lang.Object, int, java.lang.Object, java.lang.Object)'> (0x00000000d6769ca0) 
thrown [s\src\hotspot\share\interpreter\linkResolver.cpp, line 773]
Event: 44.133 Thread 0x0000021d667f1d80 Exception <a 'java/lang/NoSuchMethodError'{0x00000000d66d7c48}: 'java.lang.Object java.lang.invoke.DirectMethodHandle$Holder.invokeSpecial(java.lang.Object, java.lang.Object, int, java.lang.Object, java.lang.Object)'> (0x00000000d66d7c48) 
thrown [s\src\hotspot\share\interpreter\linkResolver.cpp, line 773]
Event: 44.134 Thread 0x0000021d667f1d80 Exception <a 'java/lang/NoSuchMethodError'{0x00000000d66de980}: 'java.lang.Object java.lang.invoke.DirectMethodHandle$Holder.newInvokeSpecial(java.lang.Object, java.lang.Object, int, java.lang.Object)'> (0x00000000d66de980) 
thrown [s\src\hotspot\share\interpreter\linkResolver.cpp, line 773]
Event: 44.135 Thread 0x0000021d667f1d80 Exception <a 'java/lang/NoSuchMethodError'{0x00000000d66e22a0}: 'java.lang.Object java.lang.invoke.DirectMethodHandle$Holder.invokeSpecial(java.lang.Object, java.lang.Object, java.lang.Object, int, java.lang.Object)'> (0x00000000d66e22a0) 
thrown [s\src\hotspot\share\interpreter\linkResolver.cpp, line 773]
Event: 44.179 Thread 0x0000021d4f178350 Exception <a 'java/lang/NoSuchMethodError'{0x00000000d6889c78}: 'void java.lang.invoke.DirectMethodHandle$Holder.invokeSpecial(java.lang.Object, java.lang.Object, java.lang.Object, java.lang.Object, java.lang.Object)'> (0x00000000d6889c78) 
thrown [s\src\hotspot\share\interpreter\linkResolver.cpp, line 773]
Event: 44.318 Thread 0x0000021d4f178350 Exception <a 'java/lang/NoSuchMethodError'{0x00000000d6a8fcb8}: 'double java.lang.invoke.DirectMethodHandle$Holder.invokeStatic(java.lang.Object, java.lang.Object)'> (0x00000000d6a8fcb8) 
thrown [s\src\hotspot\share\interpreter\linkResolver.cpp, line 773]
Event: 44.319 Thread 0x0000021d4f178350 Exception <a 'java/lang/NoSuchMethodError'{0x00000000d6a93378}: 'double java.lang.invoke.DirectMethodHandle$Holder.invokeStaticInit(java.lang.Object, java.lang.Object)'> (0x00000000d6a93378) 
thrown [s\src\hotspot\share\interpreter\linkResolver.cpp, line 773]

ZGC Phase Switch (0 events):
No events

VM Operations (20 events):
Event: 42.626 Executing VM operation: ParallelGCFailedAllocation (Allocation Failure)
Event: 42.637 Executing VM operation: ParallelGCFailedAllocation (Allocation Failure) done
Event: 42.860 Executing VM operation: HandshakeAllThreads (Deoptimize)
Event: 42.860 Executing VM operation: HandshakeAllThreads (Deoptimize) done
Event: 42.869 Executing VM operation: HandshakeAllThreads (Deoptimize)
Event: 42.869 Executing VM operation: HandshakeAllThreads (Deoptimize) done
Event: 42.909 Executing VM operation: HandshakeAllThreads (Deoptimize)
Event: 42.909 Executing VM operation: HandshakeAllThreads (Deoptimize) done
Event: 43.511 Executing VM operation: HandshakeAllThreads (Deoptimize)
Event: 43.511 Executing VM operation: HandshakeAllThreads (Deoptimize) done
Event: 43.855 Executing VM operation: HandshakeAllThreads (Deoptimize)
Event: 43.855 Executing VM operation: HandshakeAllThreads (Deoptimize) done
Event: 43.855 Executing VM operation: Cleanup
Event: 43.855 Executing VM operation: Cleanup done
Event: 44.534 Executing VM operation: ParallelGCFailedAllocation (Allocation Failure)
Event: 44.543 Executing VM operation: ParallelGCFailedAllocation (Allocation Failure) done
Event: 45.320 Executing VM operation: ParallelGCFailedAllocation (Allocation Failure)
Event: 45.328 Executing VM operation: ParallelGCFailedAllocation (Allocation Failure) done
Event: 45.411 Executing VM operation: CollectForMetadataAllocation (Metadata GC Threshold)
Event: 45.480 Executing VM operation: CollectForMetadataAllocation (Metadata GC Threshold) done

Memory protections (0 events):
No events

Nmethod flushes (0 events):
No events

Events (20 events):
Event: 0.366 Thread 0x0000021d4cfa4ab0 Thread added: 0x0000021d4f12d2f0
Event: 0.366 Thread 0x0000021d4cfa4ab0 Thread added: 0x0000021d4f130ec0
Event: 0.366 Thread 0x0000021d4cfa4ab0 Thread added: 0x0000021d4f131910
Event: 0.366 Thread 0x0000021d4cfa4ab0 Thread added: 0x0000021d4f132740
Event: 0.375 Thread 0x0000021d4cfa4ab0 Thread added: 0x0000021d4f19f540
Event: 0.486 Thread 0x0000021d4cfa4ab0 Thread added: 0x0000021d4f2ada80
Event: 1.239 Thread 0x0000021d4f132740 Thread added: 0x0000021d66965200
Event: 1.348 Thread 0x0000021d66965200 Thread exited: 0x0000021d66965200
Event: 2.002 Thread 0x0000021d4cfa4ab0 Thread added: 0x0000021d6694d7d0
Event: 3.316 Thread 0x0000021d4f19f540 Thread added: 0x0000021d66b2e070
Event: 4.328 Thread 0x0000021d66b2e070 Thread exited: 0x0000021d66b2e070
Event: 8.915 Thread 0x0000021d4cfa4ab0 Thread added: 0x0000021d6b3e8df0
Event: 39.530 Thread 0x0000021d4cfa4ab0 Thread added: 0x0000021d4f177cf0
Event: 39.548 Thread 0x0000021d4cfa4ab0 Thread added: 0x0000021d4f178350
Event: 39.992 Thread 0x0000021d4f178350 Thread added: 0x0000021d66b2fd40
Event: 40.682 Thread 0x0000021d4f178350 Thread added: 0x0000021d6b00a0a0
Event: 42.309 Thread 0x0000021d4f178350 Thread added: 0x0000021d6b6b1eb0
Event: 43.897 Thread 0x0000021d4f178350 Thread added: 0x0000021d6b65f850
Event: 44.045 Thread 0x0000021d4f178350 Thread added: 0x0000021d667f1d80
Event: 44.134 Thread 0x0000021d4f178350 Thread added: 0x0000021d6b732ca0


Dynamic libraries:
0x00007ff615c60000 - 0x00007ff615c6e000 	c:\Users\LENOVO\.vscode\extensions\redhat.java-1.44.0-win32-x64\jre\21.0.8-win32-x86_64\bin\java.exe
0x00007ff807f50000 - 0x00007ff808148000 	C:\WINDOWS\SYSTEM32\ntdll.dll
0x00007ff807750000 - 0x00007ff807812000 	C:\WINDOWS\System32\KERNEL32.DLL
0x00007ff805ac0000 - 0x00007ff805db7000 	C:\WINDOWS\System32\KERNELBASE.dll
0x00007ff805860000 - 0x00007ff805960000 	C:\WINDOWS\System32\ucrtbase.dll
0x00007fffe70e0000 - 0x00007fffe70f8000 	c:\Users\LENOVO\.vscode\extensions\redhat.java-1.44.0-win32-x64\jre\21.0.8-win32-x86_64\bin\jli.dll
0x00007ff806180000 - 0x00007ff80631d000 	C:\WINDOWS\System32\USER32.dll
0x00007ff805a10000 - 0x00007ff805a32000 	C:\WINDOWS\System32\win32u.dll
0x00007ff8060a0000 - 0x00007ff8060cb000 	C:\WINDOWS\System32\GDI32.dll
0x00007ff805e50000 - 0x00007ff805f69000 	C:\WINDOWS\System32\gdi32full.dll
0x00007ff805660000 - 0x00007ff8056fd000 	C:\WINDOWS\System32\msvcp_win.dll
0x00007fffe3570000 - 0x00007fffe358e000 	c:\Users\LENOVO\.vscode\extensions\redhat.java-1.44.0-win32-x64\jre\21.0.8-win32-x86_64\bin\VCRUNTIME140.dll
0x00007fffef970000 - 0x00007fffefc0a000 	C:\WINDOWS\WinSxS\amd64_microsoft.windows.common-controls_6595b64144ccf1df_6.0.19041.5915_none_60b4b9d171f9c7c7\COMCTL32.dll
0x00007ff807880000 - 0x00007ff80791e000 	C:\WINDOWS\System32\msvcrt.dll
0x00007ff807c80000 - 0x00007ff807caf000 	C:\WINDOWS\System32\IMM32.DLL
0x00007ffffdae0000 - 0x00007ffffdaec000 	c:\Users\LENOVO\.vscode\extensions\redhat.java-1.44.0-win32-x64\jre\21.0.8-win32-x86_64\bin\vcruntime140_1.dll
0x00007fffc2270000 - 0x00007fffc22fd000 	c:\Users\LENOVO\.vscode\extensions\redhat.java-1.44.0-win32-x64\jre\21.0.8-win32-x86_64\bin\msvcp140.dll
0x00007fff6b0b0000 - 0x00007fff6be47000 	c:\Users\LENOVO\.vscode\extensions\redhat.java-1.44.0-win32-x64\jre\21.0.8-win32-x86_64\bin\server\jvm.dll
0x00007ff806320000 - 0x00007ff8063d1000 	C:\WINDOWS\System32\ADVAPI32.dll
0x00007ff807e70000 - 0x00007ff807f0f000 	C:\WINDOWS\System32\sechost.dll
0x00007ff807620000 - 0x00007ff807746000 	C:\WINDOWS\System32\RPCRT4.dll
0x00007ff805a90000 - 0x00007ff805ab7000 	C:\WINDOWS\System32\bcrypt.dll
0x00007ff806800000 - 0x00007ff80686b000 	C:\WINDOWS\System32\WS2_32.dll
0x00007ff804b30000 - 0x00007ff804b7b000 	C:\WINDOWS\SYSTEM32\POWRPROF.dll
0x00007ffff0960000 - 0x00007ffff0987000 	C:\WINDOWS\SYSTEM32\WINMM.dll
0x00007ffff55c0000 - 0x00007ffff55ca000 	C:\WINDOWS\SYSTEM32\VERSION.dll
0x00007ff8049a0000 - 0x00007ff8049b2000 	C:\WINDOWS\SYSTEM32\UMPDC.dll
0x00007ff803df0000 - 0x00007ff803e02000 	C:\WINDOWS\SYSTEM32\kernel.appcore.dll
0x00007ffffcb60000 - 0x00007ffffcb6a000 	c:\Users\LENOVO\.vscode\extensions\redhat.java-1.44.0-win32-x64\jre\21.0.8-win32-x86_64\bin\jimage.dll
0x00007ffff8b00000 - 0x00007ffff8d01000 	C:\WINDOWS\SYSTEM32\DBGHELP.DLL
0x00007ffff8910000 - 0x00007ffff8944000 	C:\WINDOWS\SYSTEM32\dbgcore.DLL
0x00007ff805dc0000 - 0x00007ff805e42000 	C:\WINDOWS\System32\bcryptPrimitives.dll
0x00007ffff8d80000 - 0x00007ffff8d8f000 	c:\Users\LENOVO\.vscode\extensions\redhat.java-1.44.0-win32-x64\jre\21.0.8-win32-x86_64\bin\instrument.dll
0x00007fffdee20000 - 0x00007fffdee3f000 	c:\Users\LENOVO\.vscode\extensions\redhat.java-1.44.0-win32-x64\jre\21.0.8-win32-x86_64\bin\java.dll
0x00007ff806ea0000 - 0x00007ff80760e000 	C:\WINDOWS\System32\SHELL32.dll
0x00007ff8035d0000 - 0x00007ff803d74000 	C:\WINDOWS\SYSTEM32\windows.storage.dll
0x00007ff807920000 - 0x00007ff807c73000 	C:\WINDOWS\System32\combase.dll
0x00007ff804f30000 - 0x00007ff804f5b000 	C:\WINDOWS\SYSTEM32\Wldp.dll
0x00007ff806d60000 - 0x00007ff806e2d000 	C:\WINDOWS\System32\OLEAUT32.dll
0x00007ff807d40000 - 0x00007ff807ded000 	C:\WINDOWS\System32\SHCORE.dll
0x00007ff807820000 - 0x00007ff80787b000 	C:\WINDOWS\System32\shlwapi.dll
0x00007ff805510000 - 0x00007ff805534000 	C:\WINDOWS\SYSTEM32\profapi.dll
0x00007fffde2f0000 - 0x00007fffde308000 	c:\Users\LENOVO\.vscode\extensions\redhat.java-1.44.0-win32-x64\jre\21.0.8-win32-x86_64\bin\zip.dll
0x00007ffff6760000 - 0x00007ffff6770000 	C:\Users\LENOVO\.vscode\extensions\redhat.java-1.44.0-win32-x64\jre\21.0.8-win32-x86_64\bin\net.dll
0x00007ff803320000 - 0x00007ff80342a000 	C:\WINDOWS\SYSTEM32\WINHTTP.dll
0x00007ff804d10000 - 0x00007ff804d7a000 	C:\WINDOWS\system32\mswsock.dll
0x00007fffdce20000 - 0x00007fffdce36000 	C:\Users\LENOVO\.vscode\extensions\redhat.java-1.44.0-win32-x64\jre\21.0.8-win32-x86_64\bin\nio.dll
0x00007ffff50c0000 - 0x00007ffff50d0000 	c:\Users\LENOVO\.vscode\extensions\redhat.java-1.44.0-win32-x64\jre\21.0.8-win32-x86_64\bin\verify.dll
0x00007fffdb940000 - 0x00007fffdb985000 	C:\Users\LENOVO\AppData\Roaming\Code\User\globalStorage\redhat.java\1.44.0\config_ss_win\org.eclipse.equinox.launcher\org.eclipse.equinox.launcher.win32.win32.x86_64_1.2.1400.v20250730-1736\eclipse_11913.dll
0x00007ff805f70000 - 0x00007ff80609b000 	C:\WINDOWS\System32\ole32.dll
0x00007ff804f70000 - 0x00007ff804f88000 	C:\WINDOWS\SYSTEM32\CRYPTSP.dll
0x00007ff8045e0000 - 0x00007ff804618000 	C:\WINDOWS\system32\rsaenh.dll
0x00007ff805490000 - 0x00007ff8054be000 	C:\WINDOWS\SYSTEM32\USERENV.dll
0x00007ff804ea0000 - 0x00007ff804eac000 	C:\WINDOWS\SYSTEM32\CRYPTBASE.dll
0x00007ff8049c0000 - 0x00007ff8049fb000 	C:\WINDOWS\SYSTEM32\IPHLPAPI.DLL
0x00007ff806560000 - 0x00007ff806568000 	C:\WINDOWS\System32\NSI.dll
0x00007fffdc1a0000 - 0x00007fffdc1e9000 	C:\Users\LENOVO\AppData\Local\Temp\jna--2053026509\jna18117339122711625420.dll
0x00007ff807610000 - 0x00007ff807618000 	C:\WINDOWS\System32\PSAPI.DLL

JVMTI agents:
c:\Users\LENOVO\.vscode\extensions\redhat.java-1.44.0-win32-x64\lombok\lombok-1.18.39-4050.jar path:c:\Users\LENOVO\.vscode\extensions\redhat.java-1.44.0-win32-x64\jre\21.0.8-win32-x86_64\bin\instrument.dll, loaded, initialized, instrumentlib options:none

dbghelp: loaded successfully - version: 4.0.5 - missing functions: none
symbol engine: initialized successfully - sym options: 0x614 - pdb path: .;c:\Users\LENOVO\.vscode\extensions\redhat.java-1.44.0-win32-x64\jre\21.0.8-win32-x86_64\bin;C:\WINDOWS\SYSTEM32;C:\WINDOWS\WinSxS\amd64_microsoft.windows.common-controls_6595b64144ccf1df_6.0.19041.5915_none_60b4b9d171f9c7c7;c:\Users\LENOVO\.vscode\extensions\redhat.java-1.44.0-win32-x64\jre\21.0.8-win32-x86_64\bin\server;C:\Users\LENOVO\AppData\Roaming\Code\User\globalStorage\redhat.java\1.44.0\config_ss_win\org.eclipse.equinox.launcher\org.eclipse.equinox.launcher.win32.win32.x86_64_1.2.1400.v20250730-1736;C:\Users\LENOVO\AppData\Local\Temp\jna--2053026509

VM Arguments:
jvm_args: --add-modules=ALL-SYSTEM --add-opens=java.base/java.util=ALL-UNNAMED --add-opens=java.base/java.lang=ALL-UNNAMED --add-opens=java.base/sun.nio.fs=ALL-UNNAMED -Declipse.application=org.eclipse.jdt.ls.core.id1 -Dosgi.bundles.defaultStartLevel=4 -Declipse.product=org.eclipse.jdt.ls.core.product -Djava.import.generatesMetadataFilesAtProjectRoot=false -DDetectVMInstallationsJob.disabled=true -Dfile.encoding=utf8 -XX:+UseParallelGC -XX:GCTimeRatio=4 -XX:AdaptiveSizePolicyWeight=90 -Dsun.zip.disableMemoryMapping=true -Xmx2G -Xms100m -Xlog:disable -javaagent:c:\Users\LENOVO\.vscode\extensions\redhat.java-1.44.0-win32-x64\lombok\lombok-1.18.39-4050.jar 
java_command: c:\Users\LENOVO\.vscode\extensions\redhat.java-1.44.0-win32-x64\server\plugins\org.eclipse.equinox.launcher_1.7.0.v20250519-0528.jar -configuration c:\Users\LENOVO\AppData\Roaming\Code\User\globalStorage\redhat.java\1.44.0\config_ss_win -data c:\Users\LENOVO\AppData\Roaming\Code\User\workspaceStorage\6748ce0c91289b22e9b1ac29d8119738\redhat.java\ss_ws --pipe=\\.\pipe\lsp-1aa95ba948e118a5f3fbb70a84f8e4c1-sock
java_class_path (initial): c:\Users\LENOVO\.vscode\extensions\redhat.java-1.44.0-win32-x64\server\plugins\org.eclipse.equinox.launcher_1.7.0.v20250519-0528.jar
Launcher Type: SUN_STANDARD

[Global flags]
    uintx AdaptiveSizePolicyWeight                 = 90                                        {product} {command line}
     intx CICompilerCount                          = 3                                         {product} {ergonomic}
    uintx GCTimeRatio                              = 4                                         {product} {command line}
   size_t InitialHeapSize                          = 104857600                                 {product} {command line}
   size_t MaxHeapSize                              = 2147483648                                {product} {command line}
   size_t MaxNewSize                               = 715653120                                 {product} {ergonomic}
   size_t MinHeapDeltaBytes                        = 524288                                    {product} {ergonomic}
   size_t MinHeapSize                              = 104857600                                 {product} {command line}
   size_t NewSize                                  = 34603008                                  {product} {ergonomic}
    uintx NonNMethodCodeHeapSize                   = 5832780                                {pd product} {ergonomic}
    uintx NonProfiledCodeHeapSize                  = 122912730                              {pd product} {ergonomic}
   size_t OldSize                                  = 70254592                                  {product} {ergonomic}
    uintx ProfiledCodeHeapSize                     = 122912730                              {pd product} {ergonomic}
    uintx ReservedCodeCacheSize                    = 251658240                              {pd product} {ergonomic}
     bool SegmentedCodeCache                       = true                                      {product} {ergonomic}
   size_t SoftMaxHeapSize                          = 2147483648                             {manageable} {ergonomic}
     bool UseCompressedOops                        = true                           {product lp64_product} {ergonomic}
     bool UseLargePagesIndividualAllocation        = false                                  {pd product} {ergonomic}
     bool UseParallelGC                            = true                                      {product} {command line}

Logging:
Log output configuration:
 #0: stdout all=off uptime,level,tags foldmultilines=false
 #1: stderr all=off uptime,level,tags foldmultilines=false

Environment Variables:
JAVA_HOME=C:\Program Files\Java\jdk-20
PATH=C:\Program Files\Common Files\Oracle\Java\javapath;C:\WINDOWS\system32;C:\WINDOWS;C:\WINDOWS\System32\Wbem;C:\WINDOWS\System32\WindowsPowerShell\v1.0\;C:\WINDOWS\System32\OpenSSH\;C:\Program Files\Java\jdk-20\bin;C:\Program Files\nodejs\;C:\Program Files\Git\cmd;C:\Program Files\Wondershare\Wondershare DemoCreator;C:\xampp\php;C:\ProgramData\ComposerSetup\bin;C:\Program Files\dotnet\;C:\Program Files\Docker\Docker\resources\bin;C:\Program Files\MySQL\MySQL Shell 8.0\bin\;C:\Users\LENOVO\AppData\Local\Programs\Python\Python311\Scripts\;C:\Users\LENOVO\AppData\Local\Programs\Python\Python311\;C:\Users\LENOVO\AppData\Local\Microsoft\WindowsApps;C:\Users\LENOVO\AppData\Local\GitHubDesktop\bin;C:\Users\LENOVO\AppData\Local\Programs\Microsoft VS Code\bin;C:\Users\LENOVO\AppData\Roaming\npm;C:\Users\LENOVO\AppData\Roaming\Composer\vendor\bin;C:\Users\LENOVO\AppData\Local\Programs\cursor\resources\app\bin;C:\php
USERNAME=LENOVO
OS=Windows_NT
PROCESSOR_IDENTIFIER=Intel64 Family 6 Model 142 Stepping 9, GenuineIntel
TMP=C:\Users\LENOVO\AppData\Local\Temp
TEMP=C:\Users\LENOVO\AppData\Local\Temp




Periodic native trim disabled

---------------  S Y S T E M  ---------------

OS:
 Windows 10 , 64 bit Build 19041 (10.0.19041.5915)
OS uptime: 8 days 19:22 hours
Hyper-V role detected

CPU: total 4 (initial active 4) (2 cores per cpu, 2 threads per core) family 6 model 142 stepping 9 microcode 0xb4, cx8, cmov, fxsr, ht, mmx, 3dnowpref, sse, sse2, sse3, ssse3, sse4.1, sse4.2, popcnt, lzcnt, tsc, tscinvbit, avx, avx2, aes, erms, clmul, bmi1, bmi2, rtm, adx, fma, vzeroupper, clflush, clflushopt, hv, rdtscp, f16c
Processor Information for the first 4 processors :
  Max Mhz: 2712, Current Mhz: 2611, Mhz Limit: 2603

Memory: 4k page, system-wide physical 16222M (295M free)
TotalPageFile size 65374M (AvailPageFile size 5M)
current process WorkingSet (physical memory assigned to process): 137M, peak: 137M
current process commit charge ("private bytes"): 263M, peak: 264M

vm_info: OpenJDK 64-Bit Server VM (21.0.8+9-LTS) for windows-amd64 JRE (21.0.8+9-LTS), built on 2025-07-15T00:00:00Z by "admin" with MS VC++ 17.7 (VS2022)

END.
